{"meta": {"format": 3, "version": "7.10.7", "timestamp": "2026-03-05T15:15:41.757132", "branch_coverage": false, "show_contexts": false}, "files": {"apps/__init__.py": {"executed_lines": [1], "summary": {"covered_lines": 0, "num_statements": 0, "percent_covered": 100.0, "percent_covered_display": "100", "missing_lines": 0, "excluded_lines": 0}, "missing_lines": [], "excluded_lines": [], "functions": {"": {"executed_lines": [1], "summary": {"covered_lines": 0, "num_statements": 0, "percent_covered": 100.0, "percent_covered_display": "100", "missing_lines": 0, "excluded_lines": 0}, "missing_lines": [], "excluded_lines": []}}, "classes": {"": {"executed_lines": [1], "summary": {"covered_lines": 0, "num_statements": 0, "percent_covered": 100.0, "percent_covered_display": "100", "missing_lines": 0, "excluded_lines": 0}, "missing_lines": [], "excluded_lines": []}}}, "apps/attendance/__init__.py": {"executed_lines": [1], "summary": {"covered_lines": 0, "num_statements": 0, "percent_covered": 100.0, "percent_covered_display": "100", "missing_lines": 0, "excluded_lines": 0}, "missing_lines": [], "excluded_lines": [], "functions": {"": {"executed_lines": [], "summary": {"covered_lines": 0, "num_statements": 0, "percent_covered": 100.0, "percent_covered_display": "100", "missing_lines": 0, "excluded_lines": 0}, "missing_lines": [], "excluded_lines": []}}, "classes": {"": {"executed_lines": [], "summary": {"covered_lines": 0, "num_statements": 0, "percent_covered": 100.0, "percent_covered_display": "100", "missing_lines": 0, "excluded_lines": 0}, "missing_lines": [], "excluded_lines": []}}}, "apps/attendance/admin.py": {"executed_lines": [1, 3, 4, 7, 8, 9, 10, 11, 12, 14, 22, 23, 24, 25, 26, 27, 29], "summary": {"covered_lines": 16, "num_statements": 16, "percent_covered": 100.0, "percent_covered_display": "100", "missing_lines": 0, "excluded_lines": 0}, "missing_lines": [], "excluded_lines": [], "functions": {"": {"executed_lines": [1, 3, 4, 7, 8, 9, 10, 11, 12, 14, 22, 23, 24, 25, 26, 27, 29], "summary": {"covered_lines": 16, "num_statements": 16, "percent_covered": 100.0, "percent_covered_display": "100", "missing_lines": 0, "excluded_lines": 0}, "missing_lines": [], "excluded_lines": []}}, "classes": {"AttendanceAdmin": {"executed_lines": [], "summary": {"covered_lines": 0, "num_statements": 0, "percent_covered": 100.0, "percent_covered_display": "100", "missing_lines": 0, "excluded_lines": 0}, "missing_lines": [], "excluded_lines": []}, "AttendanceReportAdmin": {"executed_lines": [], "summary": {"covered_lines": 0, "num_statements": 0, "percent_covered": 100.0, "percent_covered_display": "100", "missing_lines": 0, "excluded_lines": 0}, "missing_lines": [], "excluded_lines": []}, "": {"executed_lines": [1, 3, 4, 7, 8, 9, 10, 11, 12, 14, 22, 23, 24, 25, 26, 27, 29], "summary": {"covered_lines": 16, "num_statements": 16, "percent_covered": 100.0, "percent_covered_display": "100", "missing_lines": 0, "excluded_lines": 0}, "missing_lines": [], "excluded_lines": []}}}, "apps/attendance/apps.py": {"executed_lines": [1, 2, 4, 5, 6], "summary": {"covered_lines": 4, "num_statements": 4, "percent_covered": 100.0, "percent_covered_display": "100", "missing_lines": 0, "excluded_lines": 0}, "missing_lines": [], "excluded_lines": [], "functions": {"": {"executed_lines": [1, 2, 4, 5, 6], "summary": {"covered_lines": 4, "num_statements": 4, "percent_covered": 100.0, "percent_covered_display": "100", "missing_lines": 0, "excluded_lines": 0}, "missing_lines": [], "excluded_lines": []}}, "classes": {"AttendanceConfig": {"executed_lines": [], "summary": {"covered_lines": 0, "num_statements": 0, "percent_covered": 100.0, "percent_covered_display": "100", "missing_lines": 0, "excluded_lines": 0}, "missing_lines": [], "excluded_lines": []}, "": {"executed_lines": [1, 2, 4, 5, 6], "summary": {"covered_lines": 4, "num_statements": 4, "percent_covered": 100.0, "percent_covered_display": "100", "missing_lines": 0, "excluded_lines": 0}, "missing_lines": [], "excluded_lines": []}}}, "apps/attendance/migrations/0001_initial.py": {"executed_lines": [3, 4, 7, 9, 11, 14], "summary": {"covered_lines": 6, "num_statements": 6, "percent_covered": 100.0, "percent_covered_display": "100", "missing_lines": 0, "excluded_lines": 0}, "missing_lines": [], "excluded_lines": [], "functions": {"": {"executed_lines": [3, 4, 7, 9, 11, 14], "summary": {"covered_lines": 6, "num_statements": 6, "percent_covered": 100.0, "percent_covered_display": "100", "missing_lines": 0, "excluded_lines": 0}, "missing_lines": [], "excluded_lines": []}}, "classes": {"Migration": {"executed_lines": [], "summary": {"covered_lines": 0, "num_statements": 0, "percent_covered": 100.0, "percent_covered_display": "100", "missing_lines": 0, "excluded_lines": 0}, "missing_lines": [], "excluded_lines": []}, "": {"executed_lines": [3, 4, 7, 9, 11, 14], "summary": {"covered_lines": 6, "num_statements": 6, "percent_covered": 100.0, "percent_covered_display": "100", "missing_lines": 0, "excluded_lines": 0}, "missing_lines": [], "excluded_lines": []}}}, "apps/attendance/migrations/0002_initial.py": {"executed_lines": [3, 4, 5, 8, 10, 12, 17], "summary": {"covered_lines": 7, "num_statements": 7, "percent_covered": 100.0, "percent_covered_display": "100", "missing_lines": 0, "excluded_lines": 0}, "missing_lines": [], "excluded_lines": [], "functions": {"": {"executed_lines": [3, 4, 5, 8, 10, 12, 17], "summary": {"covered_lines": 7, "num_statements": 7, "percent_covered": 100.0, "percent_covered_display": "100", "missing_lines": 0, "excluded_lines": 0}, "missing_lines": [], "excluded_lines": []}}, "classes": {"Migration": {"executed_lines": [], "summary": {"covered_lines": 0, "num_statements": 0, "percent_covered": 100.0, "percent_covered_display": "100", "missing_lines": 0, "excluded_lines": 0}, "missing_lines": [], "excluded_lines": []}, "": {"executed_lines": [3, 4, 5, 8, 10, 12, 17], "summary": {"covered_lines": 7, "num_statements": 7, "percent_covered": 100.0, "percent_covered_display": "100", "missing_lines": 0, "excluded_lines": 0}, "missing_lines": [], "excluded_lines": []}}}, "apps/attendance/migrations/0003_attendance_attendance__status_132c06_idx_and_more.py": {"executed_lines": [3, 6, 8, 12], "summary": {"covered_lines": 4, "num_statements": 4, "percent_covered": 100.0, "percent_covered_display": "100", "missing_lines": 0, "excluded_lines": 0}, "missing_lines": [], "excluded_lines": [], "functions": {"": {"executed_lines": [3, 6, 8, 12], "summary": {"covered_lines": 4, "num_statements": 4, "percent_covered": 100.0, "percent_covered_display": "100", "missing_lines": 0, "excluded_lines": 0}, "missing_lines": [], "excluded_lines": []}}, "classes": {"Migration": {"executed_lines": [], "summary": {"covered_lines": 0, "num_statements": 0, "percent_covered": 100.0, "percent_covered_display": "100", "missing_lines": 0, "excluded_lines": 0}, "missing_lines": [], "excluded_lines": []}, "": {"executed_lines": [3, 6, 8, 12], "summary": {"covered_lines": 4, "num_statements": 4, "percent_covered": 100.0, "percent_covered_display": "100", "missing_lines": 0, "excluded_lines": 0}, "missing_lines": [], "excluded_lines": []}}}, "apps/attendance/migrations/0004_attendance_block_attendance_floor_and_more.py": {"executed_lines": [3, 4, 5, 8, 10, 16], "summary": {"covered_lines": 6, "num_statements": 6, "percent_covered": 100.0, "percent_covered_display": "100", "missing_lines": 0, "excluded_lines": 0}, "missing_lines": [], "excluded_lines": [], "functions": {"": {"executed_lines": [3, 4, 5, 8, 10, 16], "summary": {"covered_lines": 6, "num_statements": 6, "percent_covered": 100.0, "percent_covered_display": "100", "missing_lines": 0, "excluded_lines": 0}, "missing_lines": [], "excluded_lines": []}}, "classes": {"Migration": {"executed_lines": [], "summary": {"covered_lines": 0, "num_statements": 0, "percent_covered": 100.0, "percent_covered_display": "100", "missing_lines": 0, "excluded_lines": 0}, "missing_lines": [], "excluded_lines": []}, "": {"executed_lines": [3, 4, 5, 8, 10, 16], "summary": {"covered_lines": 6, "num_statements": 6, "percent_covered": 100.0, "percent_covered_display": "100", "missing_lines": 0, "excluded_lines": 0}, "missing_lines": [], "excluded_lines": []}}}, "apps/attendance/migrations/0005_perf_indexes_phase1.py": {"executed_lines": [3, 6, 8, 12], "summary": {"covered_lines": 4, "num_statements": 4, "percent_covered": 100.0, "percent_covered_display": "100", "missing_lines": 0, "excluded_lines": 0}, "missing_lines": [], "excluded_lines": [], "functions": {"": {"executed_lines": [3, 6, 8, 12], "summary": {"covered_lines": 4, "num_statements": 4, "percent_covered": 100.0, "percent_covered_display": "100", "missing_lines": 0, "excluded_lines": 0}, "missing_lines": [], "excluded_lines": []}}, "classes": {"Migration": {"executed_lines": [], "summary": {"covered_lines": 0, "num_statements": 0, "percent_covered": 100.0, "percent_covered_display": "100", "missing_lines": 0, "excluded_lines": 0}, "missing_lines": [], "excluded_lines": []}, "": {"executed_lines": [3, 6, 8, 12], "summary": {"covered_lines": 4, "num_statements": 4, "percent_covered": 100.0, "percent_covered_display": "100", "missing_lines": 0, "excluded_lines": 0}, "missing_lines": [], "excluded_lines": []}}}, "apps/attendance/migrations/0006_alter_attendance_created_at_and_more.py": {"executed_lines": [3, 6, 8, 12], "summary": {"covered_lines": 4, "num_statements": 4, "percent_covered": 100.0, "percent_covered_display": "100", "missing_lines": 0, "excluded_lines": 0}, "missing_lines": [], "excluded_lines": [], "functions": {"": {"executed_lines": [3, 6, 8, 12], "summary": {"covered_lines": 4, "num_statements": 4, "percent_covered": 100.0, "percent_covered_display": "100", "missing_lines": 0, "excluded_lines": 0}, "missing_lines": [], "excluded_lines": []}}, "classes": {"Migration": {"executed_lines": [], "summary": {"covered_lines": 0, "num_statements": 0, "percent_covered": 100.0, "percent_covered_display": "100", "missing_lines": 0, "excluded_lines": 0}, "missing_lines": [], "excluded_lines": []}, "": {"executed_lines": [3, 6, 8, 12], "summary": {"covered_lines": 4, "num_statements": 4, "percent_covered": 100.0, "percent_covered_display": "100", "missing_lines": 0, "excluded_lines": 0}, "missing_lines": [], "excluded_lines": []}}}, "apps/attendance/migrations/__init__.py": {"executed_lines": [1], "summary": {"covered_lines": 0, "num_statements": 0, "percent_covered": 100.0, "percent_covered_display": "100", "missing_lines": 0, "excluded_lines": 0}, "missing_lines": [], "excluded_lines": [], "functions": {"": {"executed_lines": [], "summary": {"covered_lines": 0, "num_statements": 0, "percent_covered": 100.0, "percent_covered_display": "100", "missing_lines": 0, "excluded_lines": 0}, "missing_lines": [], "excluded_lines": []}}, "classes": {"": {"executed_lines": [], "summary": {"covered_lines": 0, "num_statements": 0, "percent_covered": 100.0, "percent_covered_display": "100", "missing_lines": 0, "excluded_lines": 0}, "missing_lines": [], "excluded_lines": []}}}, "apps/attendance/models.py": {"executed_lines": [1, 3, 4, 5, 6, 7, 10, 11, 13, 23, 24, 25, 28, 29, 32, 33, 35, 36, 37, 39, 40, 41, 42, 54, 56, 60, 61, 63, 69, 70, 71, 72, 73, 74, 75, 76, 77, 78, 80, 81, 82, 83, 89], "summary": {"covered_lines": 40, "num_statements": 42, "percent_covered": 95.23809523809524, "percent_covered_display": "95", "missing_lines": 2, "excluded_lines": 0}, "missing_lines": [57, 90], "excluded_lines": [], "functions": {"Attendance.__str__": {"executed_lines": [], "summary": {"covered_lines": 0, "num_statements": 1, "percent_covered": 0.0, "percent_covered_display": "0", "missing_lines": 1, "excluded_lines": 0}, "missing_lines": [57], "excluded_lines": []}, "AttendanceReport.__str__": {"executed_lines": [], "summary": {"covered_lines": 0, "num_statements": 1, "percent_covered": 0.0, "percent_covered_display": "0", "missing_lines": 1, "excluded_lines": 0}, "missing_lines": [90], "excluded_lines": []}, "": {"executed_lines": [1, 3, 4, 5, 6, 7, 10, 11, 13, 23, 24, 25, 28, 29, 32, 33, 35, 36, 37, 39, 40, 41, 42, 54, 56, 60, 61, 63, 69, 70, 71, 72, 73, 74, 75, 76, 77, 78, 80, 81, 82, 83, 89], "summary": {"covered_lines": 40, "num_statements": 40, "percent_covered": 100.0, "percent_covered_display": "100", "missing_lines": 0, "excluded_lines": 0}, "missing_lines": [], "excluded_lines": []}}, "classes": {"Attendance": {"executed_lines": [], "summary": {"covered_lines": 0, "num_statements": 1, "percent_covered": 0.0, "percent_covered_display": "0", "missing_lines": 1, "excluded_lines": 0}, "missing_lines": [57], "excluded_lines": []}, "Attendance.Meta": {"executed_lines": [], "summary": {"covered_lines": 0, "num_statements": 0, "percent_covered": 100.0, "percent_covered_display": "100", "missing_lines": 0, "excluded_lines": 0}, "missing_lines": [], "excluded_lines": []}, "AttendanceReport": {"executed_lines": [], "summary": {"covered_lines": 0, "num_statements": 1, "percent_covered": 0.0, "percent_covered_display": "0", "missing_lines": 1, "excluded_lines": 0}, "missing_lines": [90], "excluded_lines": []}, "AttendanceReport.Meta": {"executed_lines": [], "summary": {"covered_lines": 0, "num_statements": 0, "percent_covered": 100.0, "percent_covered_display": "100", "missing_lines": 0, "excluded_lines": 0}, "missing_lines": [], "excluded_lines": []}, "": {"executed_lines": [1, 3, 4, 5, 6, 7, 10, 11, 13, 23, 24, 25, 28, 29, 32, 33, 35, 36, 37, 39, 40, 41, 42, 54, 56, 60, 61, 63, 69, 70, 71, 72, 73, 74, 75, 76, 77, 78, 80, 81, 82, 83, 89], "summary": {"covered_lines": 40, "num_statements": 40, "percent_covered": 100.0, "percent_covered_display": "100", "missing_lines": 0, "excluded_lines": 0}, "missing_lines": [], "excluded_lines": []}}}, "apps/attendance/serializers.py": {"executed_lines": [1, 3, 4, 5, 6, 9, 10, 11, 12, 13, 14, 15, 17, 18, 19, 22, 24, 43, 47, 48, 49, 51, 52, 53, 56], "summary": {"covered_lines": 22, "num_statements": 30, "percent_covered": 73.33333333333333, "percent_covered_display": "73", "missing_lines": 8, "excluded_lines": 0}, "missing_lines": [25, 27, 28, 29, 31, 32, 34, 44], "excluded_lines": [], "functions": {"AttendanceSerializer.get_student": {"executed_lines": [], "summary": {"covered_lines": 0, "num_statements": 7, "percent_covered": 0.0, "percent_covered_display": "0", "missing_lines": 7, "excluded_lines": 0}, "missing_lines": [25, 27, 28, 29, 31, 32, 34], "excluded_lines": []}, "AttendanceSerializer.get_marked_by": {"executed_lines": [], "summary": {"covered_lines": 0, "num_statements": 1, "percent_covered": 0.0, "percent_covered_display": "0", "missing_lines": 1, "excluded_lines": 0}, "missing_lines": [44], "excluded_lines": []}, "": {"executed_lines": [1, 3, 4, 5, 6, 9, 10, 11, 12, 13, 14, 15, 17, 18, 19, 22, 24, 43, 47, 48, 49, 51, 52, 53, 56], "summary": {"covered_lines": 22, "num_statements": 22, "percent_covered": 100.0, "percent_covered_display": "100", "missing_lines": 0, "excluded_lines": 0}, "missing_lines": [], "excluded_lines": []}}, "classes": {"AttendanceSerializer": {"executed_lines": [], "summary": {"covered_lines": 0, "num_statements": 8, "percent_covered": 0.0, "percent_covered_display": "0", "missing_lines": 8, "excluded_lines": 0}, "missing_lines": [25, 27, 28, 29, 31, 32, 34, 44], "excluded_lines": []}, "AttendanceSerializer.Meta": {"executed_lines": [], "summary": {"covered_lines": 0, "num_statements": 0, "percent_covered": 100.0, "percent_covered_display": "100", "missing_lines": 0, "excluded_lines": 0}, "missing_lines": [], "excluded_lines": []}, "AttendanceReportSerializer": {"executed_lines": [], "summary": {"covered_lines": 0, "num_statements": 0, "percent_covered": 100.0, "percent_covered_display": "100", "missing_lines": 0, "excluded_lines": 0}, "missing_lines": [], "excluded_lines": []}, "AttendanceReportSerializer.Meta": {"executed_lines": [], "summary": {"covered_lines": 0, "num_statements": 0, "percent_covered": 100.0, "percent_covered_display": "100", "missing_lines": 0, "excluded_lines": 0}, "missing_lines": [], "excluded_lines": []}, "": {"executed_lines": [1, 3, 4, 5, 6, 9, 10, 11, 12, 13, 14, 15, 17, 18, 19, 22, 24, 43, 47, 48, 49, 51, 52, 53, 56], "summary": {"covered_lines": 22, "num_statements": 22, "percent_covered": 100.0, "percent_covered_display": "100", "missing_lines": 0, "excluded_lines": 0}, "missing_lines": [], "excluded_lines": []}}}, "apps/attendance/urls.py": {"executed_lines": [1, 3, 4, 5, 7, 8, 9, 11, 13], "summary": {"covered_lines": 8, "num_statements": 8, "percent_covered": 100.0, "percent_covered_display": "100", "missing_lines": 0, "excluded_lines": 0}, "missing_lines": [], "excluded_lines": [], "functions": {"": {"executed_lines": [1, 3, 4, 5, 7, 8, 9, 11, 13], "summary": {"covered_lines": 8, "num_statements": 8, "percent_covered": 100.0, "percent_covered_display": "100", "missing_lines": 0, "excluded_lines": 0}, "missing_lines": [], "excluded_lines": []}}, "classes": {"": {"executed_lines": [1, 3, 4, 5, 7, 8, 9, 11, 13], "summary": {"covered_lines": 8, "num_statements": 8, "percent_covered": 100.0, "percent_covered_display": "100", "missing_lines": 0, "excluded_lines": 0}, "missing_lines": [], "excluded_lines": []}}}, "apps/attendance/views.py": {"executed_lines": [1, 3, 4, 5, 6, 7, 8, 9, 13, 14, 15, 16, 17, 18, 19, 20, 21, 22, 25, 26, 28, 29, 30, 32, 42, 84, 208, 209, 289, 290, 384, 385, 404, 405, 428, 429, 474, 475, 488, 489, 527, 528, 598, 599, 601, 602, 603, 605, 613, 614], "summary": {"covered_lines": 47, "num_statements": 332, "percent_covered": 14.156626506024097, "percent_covered_display": "14", "missing_lines": 285, "excluded_lines": 0}, "missing_lines": [34, 36, 37, 40, 44, 45, 47, 48, 49, 50, 53, 54, 57, 58, 61, 62, 65, 67, 69, 70, 71, 73, 74, 76, 77, 79, 82, 89, 90, 91, 93, 94, 97, 98, 99, 100, 101, 102, 104, 105, 106, 107, 108, 110, 112, 114, 115, 118, 119, 120, 124, 125, 129, 130, 136, 137, 141, 142, 145, 150, 153, 157, 160, 161, 162, 164, 171, 174, 175, 176, 177, 178, 179, 181, 183, 197, 200, 201, 202, 203, 206, 211, 212, 213, 215, 216, 218, 219, 222, 223, 224, 225, 226, 228, 229, 230, 231, 234, 235, 236, 239, 240, 241, 244, 245, 246, 247, 250, 251, 252, 253, 255, 256, 258, 265, 271, 282, 283, 284, 286, 287, 292, 293, 294, 295, 296, 298, 301, 302, 303, 306, 307, 308, 311, 312, 313, 314, 315, 317, 318, 319, 322, 323, 324, 325, 326, 328, 329, 331, 340, 341, 343, 344, 345, 347, 357, 358, 367, 369, 370, 379, 380, 382, 387, 388, 390, 391, 392, 394, 395, 397, 402, 407, 408, 410, 411, 412, 414, 415, 416, 417, 418, 419, 421, 422, 424, 425, 426, 431, 432, 434, 435, 437, 441, 458, 459, 460, 461, 463, 472, 477, 478, 482, 483, 484, 485, 491, 492, 494, 495, 499, 500, 502, 503, 505, 506, 507, 508, 510, 512, 513, 518, 519, 521, 534, 535, 538, 539, 540, 543, 546, 547, 548, 549, 550, 553, 556, 558, 559, 560, 563, 564, 568, 570, 571, 572, 573, 576, 581, 582, 583, 592, 593, 594, 595, 607, 608, 609, 610, 611, 616, 617, 619, 620, 624, 625, 628, 629, 630, 631, 632, 633, 634, 635, 637, 639, 640, 643, 649, 650, 651, 653, 656, 671, 672], "excluded_lines": [], "functions": {"AttendanceViewSet.get_permissions": {"executed_lines": [], "summary": {"covered_lines": 0, "num_statements": 4, "percent_covered": 0.0, "percent_covered_display": "0", "missing_lines": 4, "excluded_lines": 0}, "missing_lines": [34, 36, 37, 40], "excluded_lines": []}, "AttendanceViewSet.get_queryset": {"executed_lines": [], "summary": {"covered_lines": 0, "num_statements": 23, "percent_covered": 0.0, "percent_covered_display": "0", "missing_lines": 23, "excluded_lines": 0}, "missing_lines": [44, 45, 47, 48, 49, 50, 53, 54, 57, 58, 61, 62, 65, 67, 69, 70, 71, 73, 74, 76, 77, 79, 82], "excluded_lines": []}, "AttendanceViewSet.list": {"executed_lines": [], "summary": {"covered_lines": 0, "num_statements": 54, "percent_covered": 0.0, "percent_covered_display": "0", "missing_lines": 54, "excluded_lines": 0}, "missing_lines": [89, 90, 91, 93, 94, 97, 98, 99, 100, 101, 102, 104, 105, 106, 107, 108, 110, 112, 114, 115, 118, 119, 120, 124, 125, 129, 130, 136, 137, 141, 142, 145, 150, 153, 157, 160, 161, 162, 164, 171, 174, 175, 176, 177, 178, 179, 181, 183, 197, 200, 201, 202, 203, 206], "excluded_lines": []}, "AttendanceViewSet.mark": {"executed_lines": [], "summary": {"covered_lines": 0, "num_statements": 40, "percent_covered": 0.0, "percent_covered_display": "0", "missing_lines": 40, "excluded_lines": 0}, "missing_lines": [211, 212, 213, 215, 216, 218, 219, 222, 223, 224, 225, 226, 228, 229, 230, 231, 234, 235, 236, 239, 240, 241, 244, 245, 246, 247, 250, 251, 252, 253, 255, 256, 258, 265, 271, 282, 283, 284, 286, 287], "excluded_lines": []}, "AttendanceViewSet.mark_all": {"executed_lines": [], "summary": {"covered_lines": 0, "num_statements": 41, "percent_covered": 0.0, "percent_covered_display": "0", "missing_lines": 41, "excluded_lines": 0}, "missing_lines": [292, 293, 294, 295, 296, 298, 301, 302, 303, 306, 307, 308, 311, 312, 313, 314, 315, 317, 318, 319, 322, 323, 324, 325, 326, 328, 329, 331, 340, 341, 343, 344, 345, 347, 357, 358, 367, 369, 379, 380, 382], "excluded_lines": []}, "AttendanceViewSet.mark_all.send_bulk_updates": {"executed_lines": [], "summary": {"covered_lines": 0, "num_statements": 1, "percent_covered": 0.0, "percent_covered_display": "0", "missing_lines": 1, "excluded_lines": 0}, "missing_lines": [370], "excluded_lines": []}, "AttendanceViewSet.lock_attendance": {"executed_lines": [], "summary": {"covered_lines": 0, "num_statements": 9, "percent_covered": 0.0, "percent_covered_display": "0", "missing_lines": 9, "excluded_lines": 0}, "missing_lines": [387, 388, 390, 391, 392, 394, 395, 397, 402], "excluded_lines": []}, "AttendanceViewSet.stats": {"executed_lines": [], "summary": {"covered_lines": 0, "num_statements": 16, "percent_covered": 0.0, "percent_covered_display": "0", "missing_lines": 16, "excluded_lines": 0}, "missing_lines": [407, 408, 410, 411, 412, 414, 415, 416, 417, 418, 419, 421, 422, 424, 425, 426], "excluded_lines": []}, "AttendanceViewSet.defaulters": {"executed_lines": [], "summary": {"covered_lines": 0, "num_statements": 12, "percent_covered": 0.0, "percent_covered_display": "0", "missing_lines": 12, "excluded_lines": 0}, "missing_lines": [431, 432, 434, 435, 437, 441, 458, 459, 460, 461, 463, 472], "excluded_lines": []}, "AttendanceViewSet.today": {"executed_lines": [], "summary": {"covered_lines": 0, "num_statements": 6, "percent_covered": 0.0, "percent_covered_display": "0", "missing_lines": 6, "excluded_lines": 0}, "missing_lines": [477, 478, 482, 483, 484, 485], "excluded_lines": []}, "AttendanceViewSet.monthly_summary": {"executed_lines": [], "summary": {"covered_lines": 0, "num_statements": 18, "percent_covered": 0.0, "percent_covered_display": "0", "missing_lines": 18, "excluded_lines": 0}, "missing_lines": [491, 492, 494, 495, 499, 500, 502, 503, 505, 506, 507, 508, 510, 512, 513, 518, 519, 521], "excluded_lines": []}, "AttendanceViewSet.export_csv": {"executed_lines": [], "summary": {"covered_lines": 0, "num_statements": 23, "percent_covered": 0.0, "percent_covered_display": "0", "missing_lines": 23, "excluded_lines": 0}, "missing_lines": [534, 535, 538, 539, 540, 543, 546, 547, 548, 549, 550, 553, 556, 558, 559, 563, 564, 568, 570, 592, 593, 594, 595], "excluded_lines": []}, "AttendanceViewSet.export_csv.Echo.write": {"executed_lines": [], "summary": {"covered_lines": 0, "num_statements": 1, "percent_covered": 0.0, "percent_covered_display": "0", "missing_lines": 1, "excluded_lines": 0}, "missing_lines": [560], "excluded_lines": []}, "AttendanceViewSet.export_csv.stream_attendance": {"executed_lines": [], "summary": {"covered_lines": 0, "num_statements": 7, "percent_covered": 0.0, "percent_covered_display": "0", "missing_lines": 7, "excluded_lines": 0}, "missing_lines": [571, 572, 573, 576, 581, 582, 583], "excluded_lines": []}, "AttendanceReportViewSet.get_queryset": {"executed_lines": [], "summary": {"covered_lines": 0, "num_statements": 5, "percent_covered": 0.0, "percent_covered_display": "0", "missing_lines": 5, "excluded_lines": 0}, "missing_lines": [607, 608, 609, 610, 611], "excluded_lines": []}, "AttendanceReportViewSet.generate_report": {"executed_lines": [], "summary": {"covered_lines": 0, "num_statements": 25, "percent_covered": 0.0, "percent_covered_display": "0", "missing_lines": 25, "excluded_lines": 0}, "missing_lines": [616, 617, 619, 620, 624, 625, 628, 629, 630, 631, 632, 633, 634, 635, 637, 639, 640, 643, 649, 650, 651, 653, 656, 671, 672], "excluded_lines": []}, "": {"executed_lines": [1, 3, 4, 5, 6, 7, 8, 9, 13, 14, 15, 16, 17, 18, 19, 20, 21, 22, 25, 26, 28, 29, 30, 32, 42, 84, 208, 209, 289, 290, 384, 385, 404, 405, 428, 429, 474, 475, 488, 489, 527, 528, 598, 599, 601, 602, 603, 605, 613, 614], "summary": {"covered_lines": 47, "num_statements": 47, "percent_covered": 100.0, "percent_covered_display": "100", "missing_lines": 0, "excluded_lines": 0}, "missing_lines": [], "excluded_lines": []}}, "classes": {"AttendanceViewSet": {"executed_lines": [], "summary": {"covered_lines": 0, "num_statements": 254, "percent_covered": 0.0, "percent_covered_display": "0", "missing_lines": 254, "excluded_lines": 0}, "missing_lines": [34, 36, 37, 40, 44, 45, 47, 48, 49, 50, 53, 54, 57, 58, 61, 62, 65, 67, 69, 70, 71, 73, 74, 76, 77, 79, 82, 89, 90, 91, 93, 94, 97, 98, 99, 100, 101, 102, 104, 105, 106, 107, 108, 110, 112, 114, 115, 118, 119, 120, 124, 125, 129, 130, 136, 137, 141, 142, 145, 150, 153, 157, 160, 161, 162, 164, 171, 174, 175, 176, 177, 178, 179, 181, 183, 197, 200, 201, 202, 203, 206, 211, 212, 213, 215, 216, 218, 219, 222, 223, 224, 225, 226, 228, 229, 230, 231, 234, 235, 236, 239, 240, 241, 244, 245, 246, 247, 250, 251, 252, 253, 255, 256, 258, 265, 271, 282, 283, 284, 286, 287, 292, 293, 294, 295, 296, 298, 301, 302, 303, 306, 307, 308, 311, 312, 313, 314, 315, 317, 318, 319, 322, 323, 324, 325, 326, 328, 329, 331, 340, 341, 343, 344, 345, 347, 357, 358, 367, 369, 370, 379, 380, 382, 387, 388, 390, 391, 392, 394, 395, 397, 402, 407, 408, 410, 411, 412, 414, 415, 416, 417, 418, 419, 421, 422, 424, 425, 426, 431, 432, 434, 435, 437, 441, 458, 459, 460, 461, 463, 472, 477, 478, 482, 483, 484, 485, 491, 492, 494, 495, 499, 500, 502, 503, 505, 506, 507, 508, 510, 512, 513, 518, 519, 521, 534, 535, 538, 539, 540, 543, 546, 547, 548, 549, 550, 553, 556, 558, 559, 563, 564, 568, 570, 571, 572, 573, 576, 581, 582, 583, 592, 593, 594, 595], "excluded_lines": []}, "AttendanceViewSet.export_csv.Echo": {"executed_lines": [], "summary": {"covered_lines": 0, "num_statements": 1, "percent_covered": 0.0, "percent_covered_display": "0", "missing_lines": 1, "excluded_lines": 0}, "missing_lines": [560], "excluded_lines": []}, "AttendanceReportViewSet": {"executed_lines": [], "summary": {"covered_lines": 0, "num_statements": 30, "percent_covered": 0.0, "percent_covered_display": "0", "missing_lines": 30, "excluded_lines": 0}, "missing_lines": [607, 608, 609, 610, 611, 616, 617, 619, 620, 624, 625, 628, 629, 630, 631, 632, 633, 634, 635, 637, 639, 640, 643, 649, 650, 651, 653, 656, 671, 672], "excluded_lines": []}, "": {"executed_lines": [1, 3, 4, 5, 6, 7, 8, 9, 13, 14, 15, 16, 17, 18, 19, 20, 21, 22, 25, 26, 28, 29, 30, 32, 42, 84, 208, 209, 289, 290, 384, 385, 404, 405, 428, 429, 474, 475, 488, 489, 527, 528, 598, 599, 601, 602, 603, 605, 613, 614], "summary": {"covered_lines": 47, "num_statements": 47, "percent_covered": 100.0, "percent_covered_display": "100", "missing_lines": 0, "excluded_lines": 0}, "missing_lines": [], "excluded_lines": []}}}, "apps/audit/apps.py": {"executed_lines": [1, 3, 4, 5, 6], "summary": {"covered_lines": 5, "num_statements": 5, "percent_covered": 100.0, "percent_covered_display": "100", "missing_lines": 0, "excluded_lines": 0}, "missing_lines": [], "excluded_lines": [], "functions": {"": {"executed_lines": [1, 3, 4, 5, 6], "summary": {"covered_lines": 5, "num_statements": 5, "percent_covered": 100.0, "percent_covered_display": "100", "missing_lines": 0, "excluded_lines": 0}, "missing_lines": [], "excluded_lines": []}}, "classes": {"AuditConfig": {"executed_lines": [], "summary": {"covered_lines": 0, "num_statements": 0, "percent_covered": 100.0, "percent_covered_display": "100", "missing_lines": 0, "excluded_lines": 0}, "missing_lines": [], "excluded_lines": []}, "": {"executed_lines": [1, 3, 4, 5, 6], "summary": {"covered_lines": 5, "num_statements": 5, "percent_covered": 100.0, "percent_covered_display": "100", "missing_lines": 0, "excluded_lines": 0}, "missing_lines": [], "excluded_lines": []}}}, "apps/audit/models.py": {"executed_lines": [1, 2, 3, 5, 6, 10, 16, 23, 24, 25, 28, 34, 35, 37, 38, 39, 44, 46], "summary": {"covered_lines": 17, "num_statements": 18, "percent_covered": 94.44444444444444, "percent_covered_display": "94", "missing_lines": 1, "excluded_lines": 0}, "missing_lines": [47], "excluded_lines": [], "functions": {"AuditLog.__str__": {"executed_lines": [], "summary": {"covered_lines": 0, "num_statements": 1, "percent_covered": 0.0, "percent_covered_display": "0", "missing_lines": 1, "excluded_lines": 0}, "missing_lines": [47], "excluded_lines": []}, "": {"executed_lines": [1, 2, 3, 5, 6, 10, 16, 23, 24, 25, 28, 34, 35, 37, 38, 39, 44, 46], "summary": {"covered_lines": 17, "num_statements": 17, "percent_covered": 100.0, "percent_covered_display": "100", "missing_lines": 0, "excluded_lines": 0}, "missing_lines": [], "excluded_lines": []}}, "classes": {"AuditLog": {"executed_lines": [], "summary": {"covered_lines": 0, "num_statements": 1, "percent_covered": 0.0, "percent_covered_display": "0", "missing_lines": 1, "excluded_lines": 0}, "missing_lines": [47], "excluded_lines": []}, "AuditLog.Meta": {"executed_lines": [], "summary": {"covered_lines": 0, "num_statements": 0, "percent_covered": 100.0, "percent_covered_display": "100", "missing_lines": 0, "excluded_lines": 0}, "missing_lines": [], "excluded_lines": []}, "": {"executed_lines": [1, 2, 3, 5, 6, 10, 16, 23, 24, 25, 28, 34, 35, 37, 38, 39, 44, 46], "summary": {"covered_lines": 17, "num_statements": 17, "percent_covered": 100.0, "percent_covered_display": "100", "missing_lines": 0, "excluded_lines": 0}, "missing_lines": [], "excluded_lines": []}}}, "apps/auth/__init__.py": {"executed_lines": [1], "summary": {"covered_lines": 0, "num_statements": 0, "percent_covered": 100.0, "percent_covered_display": "100", "missing_lines": 0, "excluded_lines": 0}, "missing_lines": [], "excluded_lines": [], "functions": {"": {"executed_lines": [1], "summary": {"covered_lines": 0, "num_statements": 0, "percent_covered": 100.0, "percent_covered_display": "100", "missing_lines": 0, "excluded_lines": 0}, "missing_lines": [], "excluded_lines": []}}, "classes": {"": {"executed_lines": [1], "summary": {"covered_lines": 0, "num_statements": 0, "percent_covered": 100.0, "percent_covered_display": "100", "missing_lines": 0, "excluded_lines": 0}, "missing_lines": [], "excluded_lines": []}}}, "apps/auth/admin.py": {"executed_lines": [1, 3, 4, 7, 8, 9, 10, 11, 12, 14], "summary": {"covered_lines": 9, "num_statements": 9, "percent_covered": 100.0, "percent_covered_display": "100", "missing_lines": 0, "excluded_lines": 0}, "missing_lines": [], "excluded_lines": [], "functions": {"": {"executed_lines": [1, 3, 4, 7, 8, 9, 10, 11, 12, 14], "summary": {"covered_lines": 9, "num_statements": 9, "percent_covered": 100.0, "percent_covered_display": "100", "missing_lines": 0, "excluded_lines": 0}, "missing_lines": [], "excluded_lines": []}}, "classes": {"UserAdmin": {"executed_lines": [], "summary": {"covered_lines": 0, "num_statements": 0, "percent_covered": 100.0, "percent_covered_display": "100", "missing_lines": 0, "excluded_lines": 0}, "missing_lines": [], "excluded_lines": []}, "": {"executed_lines": [1, 3, 4, 7, 8, 9, 10, 11, 12, 14], "summary": {"covered_lines": 9, "num_statements": 9, "percent_covered": 100.0, "percent_covered_display": "100", "missing_lines": 0, "excluded_lines": 0}, "missing_lines": [], "excluded_lines": []}}}, "apps/auth/apps.py": {"executed_lines": [1, 3, 6, 7, 8, 9, 11, 12], "summary": {"covered_lines": 7, "num_statements": 7, "percent_covered": 100.0, "percent_covered_display": "100", "missing_lines": 0, "excluded_lines": 0}, "missing_lines": [], "excluded_lines": [], "functions": {"AuthConfig.ready": {"executed_lines": [12], "summary": {"covered_lines": 1, "num_statements": 1, "percent_covered": 100.0, "percent_covered_display": "100", "missing_lines": 0, "excluded_lines": 0}, "missing_lines": [], "excluded_lines": []}, "": {"executed_lines": [1, 3, 6, 7, 8, 9, 11], "summary": {"covered_lines": 6, "num_statements": 6, "percent_covered": 100.0, "percent_covered_display": "100", "missing_lines": 0, "excluded_lines": 0}, "missing_lines": [], "excluded_lines": []}}, "classes": {"AuthConfig": {"executed_lines": [12], "summary": {"covered_lines": 1, "num_statements": 1, "percent_covered": 100.0, "percent_covered_display": "100", "missing_lines": 0, "excluded_lines": 0}, "missing_lines": [], "excluded_lines": []}, "": {"executed_lines": [1, 3, 6, 7, 8, 9, 11], "summary": {"covered_lines": 6, "num_statements": 6, "percent_covered": 100.0, "percent_covered_display": "100", "missing_lines": 0, "excluded_lines": 0}, "missing_lines": [], "excluded_lines": []}}}, "apps/auth/migrations/0001_initial.py": {"executed_lines": [3, 4, 5, 6, 9, 11, 13, 17], "summary": {"covered_lines": 8, "num_statements": 8, "percent_covered": 100.0, "percent_covered_display": "100", "missing_lines": 0, "excluded_lines": 0}, "missing_lines": [], "excluded_lines": [], "functions": {"": {"executed_lines": [3, 4, 5, 6, 9, 11, 13, 17], "summary": {"covered_lines": 8, "num_statements": 8, "percent_covered": 100.0, "percent_covered_display": "100", "missing_lines": 0, "excluded_lines": 0}, "missing_lines": [], "excluded_lines": []}}, "classes": {"Migration": {"executed_lines": [], "summary": {"covered_lines": 0, "num_statements": 0, "percent_covered": 100.0, "percent_covered_display": "100", "missing_lines": 0, "excluded_lines": 0}, "missing_lines": [], "excluded_lines": []}, "": {"executed_lines": [3, 4, 5, 6, 9, 11, 13, 17], "summary": {"covered_lines": 8, "num_statements": 8, "percent_covered": 100.0, "percent_covered_display": "100", "missing_lines": 0, "excluded_lines": 0}, "missing_lines": [], "excluded_lines": []}}}, "apps/auth/migrations/0002_alter_user_role.py": {"executed_lines": [3, 6, 7, 11], "summary": {"covered_lines": 4, "num_statements": 4, "percent_covered": 100.0, "percent_covered_display": "100", "missing_lines": 0, "excluded_lines": 0}, "missing_lines": [], "excluded_lines": [], "functions": {"": {"executed_lines": [3, 6, 7, 11], "summary": {"covered_lines": 4, "num_statements": 4, "percent_covered": 100.0, "percent_covered_display": "100", "missing_lines": 0, "excluded_lines": 0}, "missing_lines": [], "excluded_lines": []}}, "classes": {"Migration": {"executed_lines": [], "summary": {"covered_lines": 0, "num_statements": 0, "percent_covered": 100.0, "percent_covered_display": "100", "missing_lines": 0, "excluded_lines": 0}, "missing_lines": [], "excluded_lines": []}, "": {"executed_lines": [3, 6, 7, 11], "summary": {"covered_lines": 4, "num_statements": 4, "percent_covered": 100.0, "percent_covered_display": "100", "missing_lines": 0, "excluded_lines": 0}, "missing_lines": [], "excluded_lines": []}}}, "apps/auth/migrations/0003_alter_user_role.py": {"executed_lines": [3, 6, 7, 11], "summary": {"covered_lines": 4, "num_statements": 4, "percent_covered": 100.0, "percent_covered_display": "100", "missing_lines": 0, "excluded_lines": 0}, "missing_lines": [], "excluded_lines": [], "functions": {"": {"executed_lines": [3, 6, 7, 11], "summary": {"covered_lines": 4, "num_statements": 4, "percent_covered": 100.0, "percent_covered_display": "100", "missing_lines": 0, "excluded_lines": 0}, "missing_lines": [], "excluded_lines": []}}, "classes": {"Migration": {"executed_lines": [], "summary": {"covered_lines": 0, "num_statements": 0, "percent_covered": 100.0, "percent_covered_display": "100", "missing_lines": 0, "excluded_lines": 0}, "missing_lines": [], "excluded_lines": []}, "": {"executed_lines": [3, 6, 7, 11], "summary": {"covered_lines": 4, "num_statements": 4, "percent_covered": 100.0, "percent_covered_display": "100", "missing_lines": 0, "excluded_lines": 0}, "missing_lines": [], "excluded_lines": []}}}, "apps/auth/migrations/0004_user_hostelconne_phone_n_bff5f1_idx_and_more.py": {"executed_lines": [3, 6, 8, 12], "summary": {"covered_lines": 4, "num_statements": 4, "percent_covered": 100.0, "percent_covered_display": "100", "missing_lines": 0, "excluded_lines": 0}, "missing_lines": [], "excluded_lines": [], "functions": {"": {"executed_lines": [3, 6, 8, 12], "summary": {"covered_lines": 4, "num_statements": 4, "percent_covered": 100.0, "percent_covered_display": "100", "missing_lines": 0, "excluded_lines": 0}, "missing_lines": [], "excluded_lines": []}}, "classes": {"Migration": {"executed_lines": [], "summary": {"covered_lines": 0, "num_statements": 0, "percent_covered": 100.0, "percent_covered_display": "100", "missing_lines": 0, "excluded_lines": 0}, "missing_lines": [], "excluded_lines": []}, "": {"executed_lines": [3, 6, 8, 12], "summary": {"covered_lines": 4, "num_statements": 4, "percent_covered": 100.0, "percent_covered_display": "100", "missing_lines": 0, "excluded_lines": 0}, "missing_lines": [], "excluded_lines": []}}}, "apps/auth/migrations/0005_user_is_password_changed.py": {"executed_lines": [3, 6, 8, 12], "summary": {"covered_lines": 4, "num_statements": 4, "percent_covered": 100.0, "percent_covered_display": "100", "missing_lines": 0, "excluded_lines": 0}, "missing_lines": [], "excluded_lines": [], "functions": {"": {"executed_lines": [3, 6, 8, 12], "summary": {"covered_lines": 4, "num_statements": 4, "percent_covered": 100.0, "percent_covered_display": "100", "missing_lines": 0, "excluded_lines": 0}, "missing_lines": [], "excluded_lines": []}}, "classes": {"Migration": {"executed_lines": [], "summary": {"covered_lines": 0, "num_statements": 0, "percent_covered": 100.0, "percent_covered_display": "100", "missing_lines": 0, "excluded_lines": 0}, "missing_lines": [], "excluded_lines": []}, "": {"executed_lines": [3, 6, 8, 12], "summary": {"covered_lines": 4, "num_statements": 4, "percent_covered": 100.0, "percent_covered_display": "100", "missing_lines": 0, "excluded_lines": 0}, "missing_lines": [], "excluded_lines": []}}}, "apps/auth/migrations/0006_alter_user_role.py": {"executed_lines": [3, 6, 8, 12], "summary": {"covered_lines": 4, "num_statements": 4, "percent_covered": 100.0, "percent_covered_display": "100", "missing_lines": 0, "excluded_lines": 0}, "missing_lines": [], "excluded_lines": [], "functions": {"": {"executed_lines": [3, 6, 8, 12], "summary": {"covered_lines": 4, "num_statements": 4, "percent_covered": 100.0, "percent_covered_display": "100", "missing_lines": 0, "excluded_lines": 0}, "missing_lines": [], "excluded_lines": []}}, "classes": {"Migration": {"executed_lines": [], "summary": {"covered_lines": 0, "num_statements": 0, "percent_covered": 100.0, "percent_covered_display": "100", "missing_lines": 0, "excluded_lines": 0}, "missing_lines": [], "excluded_lines": []}, "": {"executed_lines": [3, 6, 8, 12], "summary": {"covered_lines": 4, "num_statements": 4, "percent_covered": 100.0, "percent_covered_display": "100", "missing_lines": 0, "excluded_lines": 0}, "missing_lines": [], "excluded_lines": []}}}, "apps/auth/migrations/0007_user_assigned_blocks_user_assigned_floors_and_more.py": {"executed_lines": [3, 6, 8, 13], "summary": {"covered_lines": 4, "num_statements": 4, "percent_covered": 100.0, "percent_covered_display": "100", "missing_lines": 0, "excluded_lines": 0}, "missing_lines": [], "excluded_lines": [], "functions": {"": {"executed_lines": [3, 6, 8, 13], "summary": {"covered_lines": 4, "num_statements": 4, "percent_covered": 100.0, "percent_covered_display": "100", "missing_lines": 0, "excluded_lines": 0}, "missing_lines": [], "excluded_lines": []}}, "classes": {"Migration": {"executed_lines": [], "summary": {"covered_lines": 0, "num_statements": 0, "percent_covered": 100.0, "percent_covered_display": "100", "missing_lines": 0, "excluded_lines": 0}, "missing_lines": [], "excluded_lines": []}, "": {"executed_lines": [3, 6, 8, 13], "summary": {"covered_lines": 4, "num_statements": 4, "percent_covered": 100.0, "percent_covered_display": "100", "missing_lines": 0, "excluded_lines": 0}, "missing_lines": [], "excluded_lines": []}}}, "apps/auth/migrations/0008_user_custom_location_user_is_on_campus.py": {"executed_lines": [3, 6, 8, 12], "summary": {"covered_lines": 4, "num_statements": 4, "percent_covered": 100.0, "percent_covered_display": "100", "missing_lines": 0, "excluded_lines": 0}, "missing_lines": [], "excluded_lines": [], "functions": {"": {"executed_lines": [3, 6, 8, 12], "summary": {"covered_lines": 4, "num_statements": 4, "percent_covered": 100.0, "percent_covered_display": "100", "missing_lines": 0, "excluded_lines": 0}, "missing_lines": [], "excluded_lines": []}}, "classes": {"Migration": {"executed_lines": [], "summary": {"covered_lines": 0, "num_statements": 0, "percent_covered": 100.0, "percent_covered_display": "100", "missing_lines": 0, "excluded_lines": 0}, "missing_lines": [], "excluded_lines": []}, "": {"executed_lines": [3, 6, 8, 12], "summary": {"covered_lines": 4, "num_statements": 4, "percent_covered": 100.0, "percent_covered_display": "100", "missing_lines": 0, "excluded_lines": 0}, "missing_lines": [], "excluded_lines": []}}}, "apps/auth/migrations/0009_user_college.py": {"executed_lines": [3, 4, 7, 9, 14], "summary": {"covered_lines": 5, "num_statements": 5, "percent_covered": 100.0, "percent_covered_display": "100", "missing_lines": 0, "excluded_lines": 0}, "missing_lines": [], "excluded_lines": [], "functions": {"": {"executed_lines": [3, 4, 7, 9, 14], "summary": {"covered_lines": 5, "num_statements": 5, "percent_covered": 100.0, "percent_covered_display": "100", "missing_lines": 0, "excluded_lines": 0}, "missing_lines": [], "excluded_lines": []}}, "classes": {"Migration": {"executed_lines": [], "summary": {"covered_lines": 0, "num_statements": 0, "percent_covered": 100.0, "percent_covered_display": "100", "missing_lines": 0, "excluded_lines": 0}, "missing_lines": [], "excluded_lines": []}, "": {"executed_lines": [3, 4, 7, 9, 14], "summary": {"covered_lines": 5, "num_statements": 5, "percent_covered": 100.0, "percent_covered_display": "100", "missing_lines": 0, "excluded_lines": 0}, "missing_lines": [], "excluded_lines": []}}}, "apps/auth/migrations/0010_user_is_approved.py": {"executed_lines": [3, 6, 8, 12], "summary": {"covered_lines": 4, "num_statements": 4, "percent_covered": 100.0, "percent_covered_display": "100", "missing_lines": 0, "excluded_lines": 0}, "missing_lines": [], "excluded_lines": [], "functions": {"": {"executed_lines": [3, 6, 8, 12], "summary": {"covered_lines": 4, "num_statements": 4, "percent_covered": 100.0, "percent_covered_display": "100", "missing_lines": 0, "excluded_lines": 0}, "missing_lines": [], "excluded_lines": []}}, "classes": {"Migration": {"executed_lines": [], "summary": {"covered_lines": 0, "num_statements": 0, "percent_covered": 100.0, "percent_covered_display": "100", "missing_lines": 0, "excluded_lines": 0}, "missing_lines": [], "excluded_lines": []}, "": {"executed_lines": [3, 6, 8, 12], "summary": {"covered_lines": 4, "num_statements": 4, "percent_covered": 100.0, "percent_covered_display": "100", "missing_lines": 0, "excluded_lines": 0}, "missing_lines": [], "excluded_lines": []}}}, "apps/auth/migrations/0011_alter_user_created_at_alter_user_deleted_at_and_more.py": {"executed_lines": [3, 6, 8, 12], "summary": {"covered_lines": 4, "num_statements": 4, "percent_covered": 100.0, "percent_covered_display": "100", "missing_lines": 0, "excluded_lines": 0}, "missing_lines": [], "excluded_lines": [], "functions": {"": {"executed_lines": [3, 6, 8, 12], "summary": {"covered_lines": 4, "num_statements": 4, "percent_covered": 100.0, "percent_covered_display": "100", "missing_lines": 0, "excluded_lines": 0}, "missing_lines": [], "excluded_lines": []}}, "classes": {"Migration": {"executed_lines": [], "summary": {"covered_lines": 0, "num_statements": 0, "percent_covered": 100.0, "percent_covered_display": "100", "missing_lines": 0, "excluded_lines": 0}, "missing_lines": [], "excluded_lines": []}, "": {"executed_lines": [3, 6, 8, 12], "summary": {"covered_lines": 4, "num_statements": 4, "percent_covered": 100.0, "percent_covered_display": "100", "missing_lines": 0, "excluded_lines": 0}, "missing_lines": [], "excluded_lines": []}}}, "apps/auth/migrations/__init__.py": {"executed_lines": [1], "summary": {"covered_lines": 0, "num_statements": 0, "percent_covered": 100.0, "percent_covered_display": "100", "missing_lines": 0, "excluded_lines": 0}, "missing_lines": [], "excluded_lines": [], "functions": {"": {"executed_lines": [], "summary": {"covered_lines": 0, "num_statements": 0, "percent_covered": 100.0, "percent_covered_display": "100", "missing_lines": 0, "excluded_lines": 0}, "missing_lines": [], "excluded_lines": []}}, "classes": {"": {"executed_lines": [], "summary": {"covered_lines": 0, "num_statements": 0, "percent_covered": 100.0, "percent_covered_display": "100", "missing_lines": 0, "excluded_lines": 0}, "missing_lines": [], "excluded_lines": []}}}, "apps/auth/models.py": {"executed_lines": [1, 3, 4, 5, 8, 9, 11, 25, 26, 27, 28, 29, 30, 31, 32, 33, 37, 38, 39, 42, 43, 45, 46, 49, 50, 51, 52, 61, 67, 69, 70, 72, 73, 75, 78, 80, 82, 83, 84, 85], "summary": {"covered_lines": 38, "num_statements": 44, "percent_covered": 86.36363636363636, "percent_covered_display": "86", "missing_lines": 6, "excluded_lines": 0}, "missing_lines": [47, 63, 64, 65, 74, 79], "excluded_lines": [], "functions": {"User.is_hr": {"executed_lines": [], "summary": {"covered_lines": 0, "num_statements": 1, "percent_covered": 0.0, "percent_covered_display": "0", "missing_lines": 1, "excluded_lines": 0}, "missing_lines": [47], "excluded_lines": []}, "User.clean": {"executed_lines": [], "summary": {"covered_lines": 0, "num_statements": 3, "percent_covered": 0.0, "percent_covered_display": "0", "missing_lines": 3, "excluded_lines": 0}, "missing_lines": [63, 64, 65], "excluded_lines": []}, "User.save": {"executed_lines": [69, 70, 72, 73, 75, 78, 80], "summary": {"covered_lines": 7, "num_statements": 9, "percent_covered": 77.77777777777777, "percent_covered_display": "78", "missing_lines": 2, "excluded_lines": 0}, "missing_lines": [74, 79], "excluded_lines": []}, "User.__str__": {"executed_lines": [83, 84, 85], "summary": {"covered_lines": 3, "num_statements": 3, "percent_covered": 100.0, "percent_covered_display": "100", "missing_lines": 0, "excluded_lines": 0}, "missing_lines": [], "excluded_lines": []}, "": {"executed_lines": [1, 3, 4, 5, 8, 9, 11, 25, 26, 27, 28, 29, 30, 31, 32, 33, 37, 38, 39, 42, 43, 45, 46, 49, 50, 51, 52, 61, 67, 82], "summary": {"covered_lines": 28, "num_statements": 28, "percent_covered": 100.0, "percent_covered_display": "100", "missing_lines": 0, "excluded_lines": 0}, "missing_lines": [], "excluded_lines": []}}, "classes": {"User": {"executed_lines": [69, 70, 72, 73, 75, 78, 80, 83, 84, 85], "summary": {"covered_lines": 10, "num_statements": 16, "percent_covered": 62.5, "percent_covered_display": "62", "missing_lines": 6, "excluded_lines": 0}, "missing_lines": [47, 63, 64, 65, 74, 79], "excluded_lines": []}, "User.Meta": {"executed_lines": [], "summary": {"covered_lines": 0, "num_statements": 0, "percent_covered": 100.0, "percent_covered_display": "100", "missing_lines": 0, "excluded_lines": 0}, "missing_lines": [], "excluded_lines": []}, "": {"executed_lines": [1, 3, 4, 5, 8, 9, 11, 25, 26, 27, 28, 29, 30, 31, 32, 33, 37, 38, 39, 42, 43, 45, 46, 49, 50, 51, 52, 61, 67, 82], "summary": {"covered_lines": 28, "num_statements": 28, "percent_covered": 100.0, "percent_covered_display": "100", "missing_lines": 0, "excluded_lines": 0}, "missing_lines": [], "excluded_lines": []}}}, "apps/auth/redis_otp_store.py": {"executed_lines": [], "summary": {"covered_lines": 0, "num_statements": 27, "percent_covered": 0.0, "percent_covered_display": "0", "missing_lines": 27, "excluded_lines": 0}, "missing_lines": [9, 10, 11, 12, 13, 15, 16, 17, 24, 26, 28, 30, 31, 33, 41, 47, 49, 50, 52, 53, 54, 56, 58, 59, 61, 63, 64], "excluded_lines": [], "functions": {"RedisOTPStore.__init__": {"executed_lines": [], "summary": {"covered_lines": 0, "num_statements": 1, "percent_covered": 0.0, "percent_covered_display": "0", "missing_lines": 1, "excluded_lines": 0}, "missing_lines": [17], "excluded_lines": []}, "RedisOTPStore._key": {"executed_lines": [], "summary": {"covered_lines": 0, "num_statements": 1, "percent_covered": 0.0, "percent_covered_display": "0", "missing_lines": 1, "excluded_lines": 0}, "missing_lines": [26], "excluded_lines": []}, "RedisOTPStore.store_otp": {"executed_lines": [], "summary": {"covered_lines": 0, "num_statements": 4, "percent_covered": 0.0, "percent_covered_display": "0", "missing_lines": 4, "excluded_lines": 0}, "missing_lines": [30, 31, 33, 41], "excluded_lines": []}, "RedisOTPStore.get_otp": {"executed_lines": [], "summary": {"covered_lines": 0, "num_statements": 5, "percent_covered": 0.0, "percent_covered_display": "0", "missing_lines": 5, "excluded_lines": 0}, "missing_lines": [49, 50, 52, 53, 54], "excluded_lines": []}, "RedisOTPStore.delete_otp": {"executed_lines": [], "summary": {"covered_lines": 0, "num_statements": 2, "percent_covered": 0.0, "percent_covered_display": "0", "missing_lines": 2, "excluded_lines": 0}, "missing_lines": [58, 59], "excluded_lines": []}, "RedisOTPStore.exists": {"executed_lines": [], "summary": {"covered_lines": 0, "num_statements": 2, "percent_covered": 0.0, "percent_covered_display": "0", "missing_lines": 2, "excluded_lines": 0}, "missing_lines": [63, 64], "excluded_lines": []}, "": {"executed_lines": [], "summary": {"covered_lines": 0, "num_statements": 12, "percent_covered": 0.0, "percent_covered_display": "0", "missing_lines": 12, "excluded_lines": 0}, "missing_lines": [9, 10, 11, 12, 13, 15, 16, 24, 28, 47, 56, 61], "excluded_lines": []}}, "classes": {"RedisOTPStore": {"executed_lines": [], "summary": {"covered_lines": 0, "num_statements": 15, "percent_covered": 0.0, "percent_covered_display": "0", "missing_lines": 15, "excluded_lines": 0}, "missing_lines": [17, 26, 30, 31, 33, 41, 49, 50, 52, 53, 54, 58, 59, 63, 64], "excluded_lines": []}, "": {"executed_lines": [], "summary": {"covered_lines": 0, "num_statements": 12, "percent_covered": 0.0, "percent_covered_display": "0", "missing_lines": 12, "excluded_lines": 0}, "missing_lines": [9, 10, 11, 12, 13, 15, 16, 24, 28, 47, 56, 61], "excluded_lines": []}}}, "apps/auth/serializers.py": {"executed_lines": [1, 3, 4, 5, 6, 7, 8, 9, 10, 13, 14, 15, 16, 17, 18, 19, 20, 21, 22, 23, 24, 26, 27, 28, 35, 36, 43, 48, 52, 56, 61, 66, 69, 72, 76, 77, 78, 79, 80, 81, 82, 83, 84, 85, 86, 87, 89, 90, 91, 98, 99, 106, 111, 115, 119, 124, 129, 132, 135, 139, 140, 142, 143, 144, 145, 148, 149, 150, 151, 152, 153, 155, 156, 158, 159, 160, 168, 177, 184, 191, 203, 258, 259, 261, 262, 263, 264, 265, 267, 268, 269, 274, 281, 287, 293, 306, 343, 344, 346, 347, 357, 358, 360, 361, 362, 364], "summary": {"covered_lines": 99, "num_statements": 250, "percent_covered": 39.6, "percent_covered_display": "40", "missing_lines": 151, "excluded_lines": 0}, "missing_lines": [45, 46, 50, 54, 57, 58, 59, 62, 63, 64, 67, 70, 73, 108, 109, 113, 117, 120, 121, 122, 125, 126, 127, 130, 133, 136, 179, 180, 181, 182, 186, 187, 188, 189, 193, 194, 196, 197, 201, 205, 208, 209, 210, 211, 212, 213, 215, 216, 217, 219, 221, 222, 223, 225, 236, 237, 238, 239, 242, 255, 282, 283, 284, 285, 288, 289, 290, 291, 295, 296, 298, 299, 300, 302, 303, 304, 307, 308, 309, 312, 315, 323, 336, 337, 338, 340, 348, 351, 352, 354, 366, 367, 368, 369, 370, 373, 376, 378, 380, 382, 383, 385, 386, 387, 389, 391, 393, 395, 400, 401, 402, 405, 406, 407, 408, 409, 410, 411, 412, 413, 414, 415, 416, 417, 419, 424, 425, 428, 429, 430, 431, 438, 439, 440, 441, 451, 452, 453, 454, 457, 458, 465, 466, 473, 474, 480, 481, 482, 483, 485, 486], "excluded_lines": [], "functions": {"UserSerializer.get_name": {"executed_lines": [], "summary": {"covered_lines": 0, "num_statements": 2, "percent_covered": 0.0, "percent_covered_display": "0", "missing_lines": 2, "excluded_lines": 0}, "missing_lines": [45, 46], "excluded_lines": []}, "UserSerializer.get_role": {"executed_lines": [], "summary": {"covered_lines": 0, "num_statements": 1, "percent_covered": 0.0, "percent_covered_display": "0", "missing_lines": 1, "excluded_lines": 0}, "missing_lines": [50], "excluded_lines": []}, "UserSerializer.get_is_student_hr": {"executed_lines": [], "summary": {"covered_lines": 0, "num_statements": 1, "percent_covered": 0.0, "percent_covered_display": "0", "missing_lines": 1, "excluded_lines": 0}, "missing_lines": [54], "excluded_lines": []}, "UserSerializer.get_risk_status": {"executed_lines": [], "summary": {"covered_lines": 0, "num_statements": 3, "percent_covered": 0.0, "percent_covered_display": "0", "missing_lines": 3, "excluded_lines": 0}, "missing_lines": [57, 58, 59], "excluded_lines": []}, "UserSerializer.get_risk_score": {"executed_lines": [], "summary": {"covered_lines": 0, "num_statements": 3, "percent_covered": 0.0, "percent_covered_display": "0", "missing_lines": 3, "excluded_lines": 0}, "missing_lines": [62, 63, 64], "excluded_lines": []}, "UserSerializer.get_college_name": {"executed_lines": [], "summary": {"covered_lines": 0, "num_statements": 1, "percent_covered": 0.0, "percent_covered_display": "0", "missing_lines": 1, "excluded_lines": 0}, "missing_lines": [67], "excluded_lines": []}, "UserSerializer.get_college_code": {"executed_lines": [], "summary": {"covered_lines": 0, "num_statements": 1, "percent_covered": 0.0, "percent_covered_display": "0", "missing_lines": 1, "excluded_lines": 0}, "missing_lines": [70], "excluded_lines": []}, "UserSerializer.get_college_is_active": {"executed_lines": [], "summary": {"covered_lines": 0, "num_statements": 1, "percent_covered": 0.0, "percent_covered_display": "0", "missing_lines": 1, "excluded_lines": 0}, "missing_lines": [73], "excluded_lines": []}, "UserDetailSerializer.get_name": {"executed_lines": [], "summary": {"covered_lines": 0, "num_statements": 2, "percent_covered": 0.0, "percent_covered_display": "0", "missing_lines": 2, "excluded_lines": 0}, "missing_lines": [108, 109], "excluded_lines": []}, "UserDetailSerializer.get_role": {"executed_lines": [], "summary": {"covered_lines": 0, "num_statements": 1, "percent_covered": 0.0, "percent_covered_display": "0", "missing_lines": 1, "excluded_lines": 0}, "missing_lines": [113], "excluded_lines": []}, "UserDetailSerializer.get_is_student_hr": {"executed_lines": [], "summary": {"covered_lines": 0, "num_statements": 1, "percent_covered": 0.0, "percent_covered_display": "0", "missing_lines": 1, "excluded_lines": 0}, "missing_lines": [117], "excluded_lines": []}, "UserDetailSerializer.get_risk_status": {"executed_lines": [], "summary": {"covered_lines": 0, "num_statements": 3, "percent_covered": 0.0, "percent_covered_display": "0", "missing_lines": 3, "excluded_lines": 0}, "missing_lines": [120, 121, 122], "excluded_lines": []}, "UserDetailSerializer.get_risk_score": {"executed_lines": [], "summary": {"covered_lines": 0, "num_statements": 3, "percent_covered": 0.0, "percent_covered_display": "0", "missing_lines": 3, "excluded_lines": 0}, "missing_lines": [125, 126, 127], "excluded_lines": []}, "UserDetailSerializer.get_college_name": {"executed_lines": [], "summary": {"covered_lines": 0, "num_statements": 1, "percent_covered": 0.0, "percent_covered_display": "0", "missing_lines": 1, "excluded_lines": 0}, "missing_lines": [130], "excluded_lines": []}, "UserDetailSerializer.get_college_code": {"executed_lines": [], "summary": {"covered_lines": 0, "num_statements": 1, "percent_covered": 0.0, "percent_covered_display": "0", "missing_lines": 1, "excluded_lines": 0}, "missing_lines": [133], "excluded_lines": []}, "UserDetailSerializer.get_college_is_active": {"executed_lines": [], "summary": {"covered_lines": 0, "num_statements": 1, "percent_covered": 0.0, "percent_covered_display": "0", "missing_lines": 1, "excluded_lines": 0}, "missing_lines": [136], "excluded_lines": []}, "UserCreateSerializer.validate_hall_ticket": {"executed_lines": [], "summary": {"covered_lines": 0, "num_statements": 4, "percent_covered": 0.0, "percent_covered_display": "0", "missing_lines": 4, "excluded_lines": 0}, "missing_lines": [179, 180, 181, 182], "excluded_lines": []}, "UserCreateSerializer.validate_college_code": {"executed_lines": [], "summary": {"covered_lines": 0, "num_statements": 4, "percent_covered": 0.0, "percent_covered_display": "0", "missing_lines": 4, "excluded_lines": 0}, "missing_lines": [186, 187, 188, 189], "excluded_lines": []}, "UserCreateSerializer.validate": {"executed_lines": [], "summary": {"covered_lines": 0, "num_statements": 5, "percent_covered": 0.0, "percent_covered_display": "0", "missing_lines": 5, "excluded_lines": 0}, "missing_lines": [193, 194, 196, 197, 201], "excluded_lines": []}, "UserCreateSerializer.create": {"executed_lines": [], "summary": {"covered_lines": 0, "num_statements": 21, "percent_covered": 0.0, "percent_covered_display": "0", "missing_lines": 21, "excluded_lines": 0}, "missing_lines": [205, 208, 209, 210, 211, 212, 213, 215, 216, 217, 219, 221, 222, 223, 225, 236, 237, 238, 239, 242, 255], "excluded_lines": []}, "AdminUserCreateSerializer.validate_username": {"executed_lines": [], "summary": {"covered_lines": 0, "num_statements": 4, "percent_covered": 0.0, "percent_covered_display": "0", "missing_lines": 4, "excluded_lines": 0}, "missing_lines": [282, 283, 284, 285], "excluded_lines": []}, "AdminUserCreateSerializer.validate_email": {"executed_lines": [], "summary": {"covered_lines": 0, "num_statements": 4, "percent_covered": 0.0, "percent_covered_display": "0", "missing_lines": 4, "excluded_lines": 0}, "missing_lines": [288, 289, 290, 291], "excluded_lines": []}, "AdminUserCreateSerializer.validate": {"executed_lines": [], "summary": {"covered_lines": 0, "num_statements": 8, "percent_covered": 0.0, "percent_covered_display": "0", "missing_lines": 8, "excluded_lines": 0}, "missing_lines": [295, 296, 298, 299, 300, 302, 303, 304], "excluded_lines": []}, "AdminUserCreateSerializer.create": {"executed_lines": [], "summary": {"covered_lines": 0, "num_statements": 10, "percent_covered": 0.0, "percent_covered_display": "0", "missing_lines": 10, "excluded_lines": 0}, "missing_lines": [307, 308, 309, 312, 315, 323, 336, 337, 338, 340], "excluded_lines": []}, "CustomTokenObtainPairSerializer.get_token": {"executed_lines": [], "summary": {"covered_lines": 0, "num_statements": 4, "percent_covered": 0.0, "percent_covered_display": "0", "missing_lines": 4, "excluded_lines": 0}, "missing_lines": [348, 351, 352, 354], "excluded_lines": []}, "LoginSerializer.validate": {"executed_lines": [], "summary": {"covered_lines": 0, "num_statements": 61, "percent_covered": 0.0, "percent_covered_display": "0", "missing_lines": 61, "excluded_lines": 0}, "missing_lines": [366, 367, 368, 369, 370, 373, 376, 378, 380, 382, 383, 385, 386, 387, 389, 391, 393, 395, 400, 401, 402, 405, 406, 407, 408, 409, 410, 411, 412, 413, 414, 415, 416, 417, 419, 424, 425, 428, 429, 430, 431, 438, 439, 440, 441, 451, 452, 453, 454, 457, 458, 465, 466, 473, 474, 480, 481, 482, 483, 485, 486], "excluded_lines": []}, "": {"executed_lines": [1, 3, 4, 5, 6, 7, 8, 9, 10, 13, 14, 15, 16, 17, 18, 19, 20, 21, 22, 23, 24, 26, 27, 28, 35, 36, 43, 48, 52, 56, 61, 66, 69, 72, 76, 77, 78, 79, 80, 81, 82, 83, 84, 85, 86, 87, 89, 90, 91, 98, 99, 106, 111, 115, 119, 124, 129, 132, 135, 139, 140, 142, 143, 144, 145, 148, 149, 150, 151, 152, 153, 155, 156, 158, 159, 160, 168, 177, 184, 191, 203, 258, 259, 261, 262, 263, 264, 265, 267, 268, 269, 274, 281, 287, 293, 306, 343, 344, 346, 347, 357, 358, 360, 361, 362, 364], "summary": {"covered_lines": 99, "num_statements": 99, "percent_covered": 100.0, "percent_covered_display": "100", "missing_lines": 0, "excluded_lines": 0}, "missing_lines": [], "excluded_lines": []}}, "classes": {"UserSerializer": {"executed_lines": [], "summary": {"covered_lines": 0, "num_statements": 13, "percent_covered": 0.0, "percent_covered_display": "0", "missing_lines": 13, "excluded_lines": 0}, "missing_lines": [45, 46, 50, 54, 57, 58, 59, 62, 63, 64, 67, 70, 73], "excluded_lines": []}, "UserSerializer.Meta": {"executed_lines": [], "summary": {"covered_lines": 0, "num_statements": 0, "percent_covered": 100.0, "percent_covered_display": "100", "missing_lines": 0, "excluded_lines": 0}, "missing_lines": [], "excluded_lines": []}, "UserDetailSerializer": {"executed_lines": [], "summary": {"covered_lines": 0, "num_statements": 13, "percent_covered": 0.0, "percent_covered_display": "0", "missing_lines": 13, "excluded_lines": 0}, "missing_lines": [108, 109, 113, 117, 120, 121, 122, 125, 126, 127, 130, 133, 136], "excluded_lines": []}, "UserDetailSerializer.Meta": {"executed_lines": [], "summary": {"covered_lines": 0, "num_statements": 0, "percent_covered": 100.0, "percent_covered_display": "100", "missing_lines": 0, "excluded_lines": 0}, "missing_lines": [], "excluded_lines": []}, "UserCreateSerializer": {"executed_lines": [], "summary": {"covered_lines": 0, "num_statements": 34, "percent_covered": 0.0, "percent_covered_display": "0", "missing_lines": 34, "excluded_lines": 0}, "missing_lines": [179, 180, 181, 182, 186, 187, 188, 189, 193, 194, 196, 197, 201, 205, 208, 209, 210, 211, 212, 213, 215, 216, 217, 219, 221, 222, 223, 225, 236, 237, 238, 239, 242, 255], "excluded_lines": []}, "UserCreateSerializer.Meta": {"executed_lines": [], "summary": {"covered_lines": 0, "num_statements": 0, "percent_covered": 100.0, "percent_covered_display": "100", "missing_lines": 0, "excluded_lines": 0}, "missing_lines": [], "excluded_lines": []}, "AdminUserCreateSerializer": {"executed_lines": [], "summary": {"covered_lines": 0, "num_statements": 26, "percent_covered": 0.0, "percent_covered_display": "0", "missing_lines": 26, "excluded_lines": 0}, "missing_lines": [282, 283, 284, 285, 288, 289, 290, 291, 295, 296, 298, 299, 300, 302, 303, 304, 307, 308, 309, 312, 315, 323, 336, 337, 338, 340], "excluded_lines": []}, "AdminUserCreateSerializer.Meta": {"executed_lines": [], "summary": {"covered_lines": 0, "num_statements": 0, "percent_covered": 100.0, "percent_covered_display": "100", "missing_lines": 0, "excluded_lines": 0}, "missing_lines": [], "excluded_lines": []}, "CustomTokenObtainPairSerializer": {"executed_lines": [], "summary": {"covered_lines": 0, "num_statements": 4, "percent_covered": 0.0, "percent_covered_display": "0", "missing_lines": 4, "excluded_lines": 0}, "missing_lines": [348, 351, 352, 354], "excluded_lines": []}, "LoginSerializer": {"executed_lines": [], "summary": {"covered_lines": 0, "num_statements": 61, "percent_covered": 0.0, "percent_covered_display": "0", "missing_lines": 61, "excluded_lines": 0}, "missing_lines": [366, 367, 368, 369, 370, 373, 376, 378, 380, 382, 383, 385, 386, 387, 389, 391, 393, 395, 400, 401, 402, 405, 406, 407, 408, 409, 410, 411, 412, 413, 414, 415, 416, 417, 419, 424, 425, 428, 429, 430, 431, 438, 439, 440, 441, 451, 452, 453, 454, 457, 458, 465, 466, 473, 474, 480, 481, 482, 483, 485, 486], "excluded_lines": []}, "": {"executed_lines": [1, 3, 4, 5, 6, 7, 8, 9, 10, 13, 14, 15, 16, 17, 18, 19, 20, 21, 22, 23, 24, 26, 27, 28, 35, 36, 43, 48, 52, 56, 61, 66, 69, 72, 76, 77, 78, 79, 80, 81, 82, 83, 84, 85, 86, 87, 89, 90, 91, 98, 99, 106, 111, 115, 119, 124, 129, 132, 135, 139, 140, 142, 143, 144, 145, 148, 149, 150, 151, 152, 153, 155, 156, 158, 159, 160, 168, 177, 184, 191, 203, 258, 259, 261, 262, 263, 264, 265, 267, 268, 269, 274, 281, 287, 293, 306, 343, 344, 346, 347, 357, 358, 360, 361, 362, 364], "summary": {"covered_lines": 99, "num_statements": 99, "percent_covered": 100.0, "percent_covered_display": "100", "missing_lines": 0, "excluded_lines": 0}, "missing_lines": [], "excluded_lines": []}}}, "apps/auth/signals.py": {"executed_lines": [1, 2, 3, 4, 6, 7, 11, 12], "summary": {"covered_lines": 8, "num_statements": 16, "percent_covered": 50.0, "percent_covered_display": "50", "missing_lines": 8, "excluded_lines": 0}, "missing_lines": [15, 16, 17, 18, 19, 20, 23, 25], "excluded_lines": [], "functions": {"user_broadcast_signals": {"executed_lines": [11, 12], "summary": {"covered_lines": 2, "num_statements": 10, "percent_covered": 20.0, "percent_covered_display": "20", "missing_lines": 8, "excluded_lines": 0}, "missing_lines": [15, 16, 17, 18, 19, 20, 23, 25], "excluded_lines": []}, "": {"executed_lines": [1, 2, 3, 4, 6, 7], "summary": {"covered_lines": 6, "num_statements": 6, "percent_covered": 100.0, "percent_covered_display": "100", "missing_lines": 0, "excluded_lines": 0}, "missing_lines": [], "excluded_lines": []}}, "classes": {"": {"executed_lines": [1, 2, 3, 4, 6, 7, 11, 12], "summary": {"covered_lines": 8, "num_statements": 16, "percent_covered": 50.0, "percent_covered_display": "50", "missing_lines": 8, "excluded_lines": 0}, "missing_lines": [15, 16, 17, 18, 19, 20, 23, 25], "excluded_lines": []}}}, "apps/auth/tests.py": {"executed_lines": [], "summary": {"covered_lines": 0, "num_statements": 66, "percent_covered": 0.0, "percent_covered_display": "0", "missing_lines": 66, "excluded_lines": 0}, "missing_lines": [5, 6, 7, 8, 9, 10, 11, 13, 16, 17, 20, 22, 24, 25, 27, 37, 39, 50, 51, 52, 53, 55, 58, 61, 66, 67, 69, 71, 73, 78, 80, 82, 86, 88, 90, 91, 93, 95, 96, 98, 100, 102, 104, 106, 107, 108, 112, 113, 115, 117, 119, 121, 127, 128, 131, 134, 135, 142, 144, 149, 150, 152, 154, 158, 159, 160], "excluded_lines": [], "functions": {"TestAuthentication.setup_method": {"executed_lines": [], "summary": {"covered_lines": 0, "num_statements": 4, "percent_covered": 0.0, "percent_covered_display": "0", "missing_lines": 4, "excluded_lines": 0}, "missing_lines": [22, 24, 25, 27], "excluded_lines": []}, "TestAuthentication.test_user_registration": {"executed_lines": [], "summary": {"covered_lines": 0, "num_statements": 5, "percent_covered": 0.0, "percent_covered_display": "0", "missing_lines": 5, "excluded_lines": 0}, "missing_lines": [39, 50, 51, 52, 53], "excluded_lines": []}, "TestAuthentication.test_user_login_success": {"executed_lines": [], "summary": {"covered_lines": 0, "num_statements": 4, "percent_covered": 0.0, "percent_covered_display": "0", "missing_lines": 4, "excluded_lines": 0}, "missing_lines": [58, 61, 66, 67], "excluded_lines": []}, "TestAuthentication.test_user_login_invalid_credentials": {"executed_lines": [], "summary": {"covered_lines": 0, "num_statements": 3, "percent_covered": 0.0, "percent_covered_display": "0", "missing_lines": 3, "excluded_lines": 0}, "missing_lines": [71, 73, 78], "excluded_lines": []}, "TestAuthentication.test_login_missing_fields": {"executed_lines": [], "summary": {"covered_lines": 0, "num_statements": 2, "percent_covered": 0.0, "percent_covered_display": "0", "missing_lines": 2, "excluded_lines": 0}, "missing_lines": [82, 86], "excluded_lines": []}, "TestAuthentication.test_token_refresh": {"executed_lines": [], "summary": {"covered_lines": 0, "num_statements": 5, "percent_covered": 0.0, "percent_covered_display": "0", "missing_lines": 5, "excluded_lines": 0}, "missing_lines": [90, 91, 93, 95, 96], "excluded_lines": []}, "TestAuthentication.test_protected_endpoint_without_token": {"executed_lines": [], "summary": {"covered_lines": 0, "num_statements": 2, "percent_covered": 0.0, "percent_covered_display": "0", "missing_lines": 2, "excluded_lines": 0}, "missing_lines": [100, 102], "excluded_lines": []}, "TestAuthentication.test_protected_endpoint_with_token": {"executed_lines": [], "summary": {"covered_lines": 0, "num_statements": 6, "percent_covered": 0.0, "percent_covered_display": "0", "missing_lines": 6, "excluded_lines": 0}, "missing_lines": [106, 107, 108, 112, 113, 115], "excluded_lines": []}, "TestAuthentication.test_registration_duplicate_username": {"executed_lines": [], "summary": {"covered_lines": 0, "num_statements": 4, "percent_covered": 0.0, "percent_covered_display": "0", "missing_lines": 4, "excluded_lines": 0}, "missing_lines": [119, 121, 127, 128], "excluded_lines": []}, "LoginSerializerTestCase.setUp": {"executed_lines": [], "summary": {"covered_lines": 0, "num_statements": 1, "percent_covered": 0.0, "percent_covered_display": "0", "missing_lines": 1, "excluded_lines": 0}, "missing_lines": [135], "excluded_lines": []}, "LoginSerializerTestCase.test_valid_credentials": {"executed_lines": [], "summary": {"covered_lines": 0, "num_statements": 3, "percent_covered": 0.0, "percent_covered_display": "0", "missing_lines": 3, "excluded_lines": 0}, "missing_lines": [144, 149, 150], "excluded_lines": []}, "LoginSerializerTestCase.test_invalid_credentials": {"executed_lines": [], "summary": {"covered_lines": 0, "num_statements": 4, "percent_covered": 0.0, "percent_covered_display": "0", "missing_lines": 4, "excluded_lines": 0}, "missing_lines": [154, 158, 159, 160], "excluded_lines": []}, "": {"executed_lines": [], "summary": {"covered_lines": 0, "num_statements": 23, "percent_covered": 0.0, "percent_covered_display": "0", "missing_lines": 23, "excluded_lines": 0}, "missing_lines": [5, 6, 7, 8, 9, 10, 11, 13, 16, 17, 20, 37, 55, 69, 80, 88, 98, 104, 117, 131, 134, 142, 152], "excluded_lines": []}}, "classes": {"TestAuthentication": {"executed_lines": [], "summary": {"covered_lines": 0, "num_statements": 35, "percent_covered": 0.0, "percent_covered_display": "0", "missing_lines": 35, "excluded_lines": 0}, "missing_lines": [22, 24, 25, 27, 39, 50, 51, 52, 53, 58, 61, 66, 67, 71, 73, 78, 82, 86, 90, 91, 93, 95, 96, 100, 102, 106, 107, 108, 112, 113, 115, 119, 121, 127, 128], "excluded_lines": []}, "LoginSerializerTestCase": {"executed_lines": [], "summary": {"covered_lines": 0, "num_statements": 8, "percent_covered": 0.0, "percent_covered_display": "0", "missing_lines": 8, "excluded_lines": 0}, "missing_lines": [135, 144, 149, 150, 154, 158, 159, 160], "excluded_lines": []}, "": {"executed_lines": [], "summary": {"covered_lines": 0, "num_statements": 23, "percent_covered": 0.0, "percent_covered_display": "0", "missing_lines": 23, "excluded_lines": 0}, "missing_lines": [5, 6, 7, 8, 9, 10, 11, 13, 16, 17, 20, 37, 55, 69, 80, 88, 98, 104, 117, 131, 134, 142, 152], "excluded_lines": []}}}, "apps/auth/urls.py": {"executed_lines": [1, 3, 4, 5, 6, 8, 9, 11], "summary": {"covered_lines": 7, "num_statements": 7, "percent_covered": 100.0, "percent_covered_display": "100", "missing_lines": 0, "excluded_lines": 0}, "missing_lines": [], "excluded_lines": [], "functions": {"": {"executed_lines": [1, 3, 4, 5, 6, 8, 9, 11], "summary": {"covered_lines": 7, "num_statements": 7, "percent_covered": 100.0, "percent_covered_display": "100", "missing_lines": 0, "excluded_lines": 0}, "missing_lines": [], "excluded_lines": []}}, "classes": {"": {"executed_lines": [1, 3, 4, 5, 6, 8, 9, 11], "summary": {"covered_lines": 7, "num_statements": 7, "percent_covered": 100.0, "percent_covered_display": "100", "missing_lines": 0, "excluded_lines": 0}, "missing_lines": [], "excluded_lines": []}}}, "apps/auth/urls_password_reset.py": {"executed_lines": [], "summary": {"covered_lines": 0, "num_statements": 3, "percent_covered": 0.0, "percent_covered_display": "0", "missing_lines": 3, "excluded_lines": 0}, "missing_lines": [1, 2, 9], "excluded_lines": [], "functions": {"": {"executed_lines": [], "summary": {"covered_lines": 0, "num_statements": 3, "percent_covered": 0.0, "percent_covered_display": "0", "missing_lines": 3, "excluded_lines": 0}, "missing_lines": [1, 2, 9], "excluded_lines": []}}, "classes": {"": {"executed_lines": [], "summary": {"covered_lines": 0, "num_statements": 3, "percent_covered": 0.0, "percent_covered_display": "0", "missing_lines": 3, "excluded_lines": 0}, "missing_lines": [1, 2, 9], "excluded_lines": []}}}, "apps/auth/views.py": {"executed_lines": [1, 3, 4, 5, 7, 8, 9, 10, 11, 12, 13, 14, 15, 16, 17, 18, 19, 20, 22, 23, 31, 36, 38, 40, 43, 44, 45, 48, 49, 51, 52, 53, 55, 123, 124, 126, 127, 128, 129, 131, 192, 194, 195, 197, 198, 199, 201, 220, 221, 224, 225, 227, 287, 288, 291, 292, 294, 321, 322, 324, 325, 327, 331, 332, 334, 335, 336, 337, 339, 353, 378, 447, 461, 508, 533, 534, 551, 552, 557, 558, 590, 591, 612, 613, 630, 631, 848, 849, 869, 870, 874, 875, 876, 878, 933, 1005, 1006, 1009, 1010, 1011, 1013, 1068, 1069, 1073, 1074, 1076, 1100, 1101, 1105, 1158, 1159, 1163, 1164, 1165, 1168, 1169], "summary": {"covered_lines": 103, "num_statements": 558, "percent_covered": 18.45878136200717, "percent_covered_display": "18", "missing_lines": 455, "excluded_lines": 0}, "missing_lines": [57, 58, 60, 62, 63, 64, 65, 66, 67, 68, 69, 70, 73, 74, 75, 77, 87, 88, 90, 91, 94, 105, 106, 109, 120, 133, 135, 136, 137, 138, 139, 141, 142, 144, 147, 148, 149, 151, 156, 157, 159, 160, 163, 174, 175, 178, 189, 202, 203, 204, 205, 206, 207, 208, 209, 210, 211, 212, 213, 214, 215, 216, 217, 218, 228, 229, 230, 232, 233, 234, 235, 236, 237, 238, 240, 241, 244, 245, 248, 249, 250, 264, 271, 272, 275, 277, 278, 281, 295, 296, 297, 299, 300, 302, 303, 304, 306, 307, 308, 309, 310, 312, 313, 314, 315, 316, 318, 328, 346, 348, 350, 351, 359, 360, 362, 365, 371, 372, 373, 376, 385, 386, 390, 392, 393, 396, 397, 399, 400, 402, 403, 405, 406, 409, 411, 425, 426, 429, 432, 433, 437, 438, 439, 441, 442, 443, 445, 449, 451, 452, 453, 454, 456, 457, 458, 459, 468, 469, 471, 473, 474, 475, 476, 477, 478, 480, 485, 486, 491, 492, 493, 494, 496, 497, 500, 501, 502, 503, 504, 506, 515, 516, 518, 520, 521, 522, 523, 524, 525, 527, 531, 536, 537, 538, 539, 540, 543, 544, 549, 554, 555, 560, 561, 562, 563, 565, 566, 570, 571, 576, 577, 582, 583, 584, 586, 596, 597, 599, 601, 603, 604, 605, 607, 615, 616, 618, 619, 622, 623, 625, 636, 637, 638, 639, 641, 642, 643, 645, 646, 647, 649, 651, 652, 653, 656, 670, 671, 672, 674, 675, 676, 677, 679, 682, 683, 685, 686, 687, 688, 689, 691, 692, 693, 694, 696, 697, 698, 699, 701, 702, 703, 705, 706, 707, 708, 710, 711, 714, 715, 716, 717, 718, 720, 721, 722, 723, 724, 726, 749, 751, 752, 754, 755, 756, 757, 758, 759, 761, 763, 764, 765, 766, 768, 769, 771, 773, 774, 775, 776, 777, 778, 779, 781, 794, 795, 797, 798, 799, 800, 803, 804, 805, 808, 811, 812, 813, 829, 831, 832, 833, 834, 836, 837, 839, 840, 842, 851, 853, 854, 856, 857, 862, 867, 879, 880, 881, 883, 886, 887, 888, 889, 891, 892, 894, 895, 896, 897, 899, 902, 904, 906, 910, 911, 912, 915, 916, 917, 918, 919, 921, 922, 923, 926, 927, 928, 931, 935, 936, 938, 940, 954, 989, 990, 998, 999, 1000, 1001, 1002, 1014, 1015, 1016, 1018, 1019, 1021, 1023, 1024, 1025, 1027, 1028, 1030, 1031, 1032, 1033, 1035, 1037, 1038, 1040, 1041, 1043, 1045, 1046, 1047, 1049, 1050, 1051, 1052, 1055, 1056, 1057, 1058, 1061, 1062, 1063, 1065, 1078, 1082, 1083, 1084, 1085, 1086, 1087, 1090, 1093, 1094, 1095, 1097, 1107, 1111, 1112, 1114, 1116, 1117, 1118, 1121, 1123, 1124, 1127, 1139, 1140, 1151, 1153, 1154, 1155, 1172, 1173], "excluded_lines": [], "functions": {"LoginView.post": {"executed_lines": [], "summary": {"covered_lines": 0, "num_statements": 25, "percent_covered": 0.0, "percent_covered_display": "0", "missing_lines": 25, "excluded_lines": 0}, "missing_lines": [57, 58, 60, 62, 63, 64, 65, 66, 67, 68, 69, 70, 73, 74, 75, 77, 87, 88, 90, 91, 94, 105, 106, 109, 120], "excluded_lines": []}, "RegisterView.create": {"executed_lines": [], "summary": {"covered_lines": 0, "num_statements": 22, "percent_covered": 0.0, "percent_covered_display": "0", "missing_lines": 22, "excluded_lines": 0}, "missing_lines": [133, 135, 136, 137, 138, 139, 141, 142, 144, 147, 148, 149, 151, 156, 157, 159, 160, 163, 174, 175, 178, 189], "excluded_lines": []}, "SetupAdminView.get": {"executed_lines": [], "summary": {"covered_lines": 0, "num_statements": 17, "percent_covered": 0.0, "percent_covered_display": "0", "missing_lines": 17, "excluded_lines": 0}, "missing_lines": [202, 203, 204, 205, 206, 207, 208, 209, 210, 211, 212, 213, 214, 215, 216, 217, 218], "excluded_lines": []}, "RequestPasswordResetView.post": {"executed_lines": [], "summary": {"covered_lines": 0, "num_statements": 24, "percent_covered": 0.0, "percent_covered_display": "0", "missing_lines": 24, "excluded_lines": 0}, "missing_lines": [228, 229, 230, 232, 233, 234, 235, 236, 237, 238, 240, 241, 244, 245, 248, 249, 250, 264, 271, 272, 275, 277, 278, 281], "excluded_lines": []}, "PasswordResetConfirmView.post": {"executed_lines": [], "summary": {"covered_lines": 0, "num_statements": 19, "percent_covered": 0.0, "percent_covered_display": "0", "missing_lines": 19, "excluded_lines": 0}, "missing_lines": [295, 296, 297, 299, 300, 302, 303, 304, 306, 307, 308, 309, 310, 312, 313, 314, 315, 316, 318], "excluded_lines": []}, "ProfileView.get_object": {"executed_lines": [], "summary": {"covered_lines": 0, "num_statements": 1, "percent_covered": 0.0, "percent_covered_display": "0", "missing_lines": 1, "excluded_lines": 0}, "missing_lines": [328], "excluded_lines": []}, "UserViewSet.get_permissions": {"executed_lines": [], "summary": {"covered_lines": 0, "num_statements": 4, "percent_covered": 0.0, "percent_covered_display": "0", "missing_lines": 4, "excluded_lines": 0}, "missing_lines": [346, 348, 350, 351], "excluded_lines": []}, "UserViewSet.get_queryset": {"executed_lines": [], "summary": {"covered_lines": 0, "num_statements": 8, "percent_covered": 0.0, "percent_covered_display": "0", "missing_lines": 8, "excluded_lines": 0}, "missing_lines": [359, 360, 362, 365, 371, 372, 373, 376], "excluded_lines": []}, "UserViewSet.get_object": {"executed_lines": [], "summary": {"covered_lines": 0, "num_statements": 27, "percent_covered": 0.0, "percent_covered_display": "0", "missing_lines": 27, "excluded_lines": 0}, "missing_lines": [385, 386, 390, 392, 393, 396, 397, 399, 400, 402, 403, 405, 406, 409, 411, 425, 426, 429, 432, 433, 437, 438, 439, 441, 442, 443, 445], "excluded_lines": []}, "UserViewSet.get_serializer_class": {"executed_lines": [], "summary": {"covered_lines": 0, "num_statements": 9, "percent_covered": 0.0, "percent_covered_display": "0", "missing_lines": 9, "excluded_lines": 0}, "missing_lines": [449, 451, 452, 453, 454, 456, 457, 458, 459], "excluded_lines": []}, "UserViewSet.create": {"executed_lines": [], "summary": {"covered_lines": 0, "num_statements": 24, "percent_covered": 0.0, "percent_covered_display": "0", "missing_lines": 24, "excluded_lines": 0}, "missing_lines": [468, 469, 471, 473, 474, 475, 476, 477, 478, 480, 485, 486, 491, 492, 493, 494, 496, 497, 500, 501, 502, 503, 504, 506], "excluded_lines": []}, "UserViewSet.destroy": {"executed_lines": [], "summary": {"covered_lines": 0, "num_statements": 11, "percent_covered": 0.0, "percent_covered_display": "0", "missing_lines": 11, "excluded_lines": 0}, "missing_lines": [515, 516, 518, 520, 521, 522, 523, 524, 525, 527, 531], "excluded_lines": []}, "UserViewSet.toggle_active": {"executed_lines": [], "summary": {"covered_lines": 0, "num_statements": 8, "percent_covered": 0.0, "percent_covered_display": "0", "missing_lines": 8, "excluded_lines": 0}, "missing_lines": [536, 537, 538, 539, 540, 543, 544, 549], "excluded_lines": []}, "UserViewSet.me": {"executed_lines": [], "summary": {"covered_lines": 0, "num_statements": 2, "percent_covered": 0.0, "percent_covered_display": "0", "missing_lines": 2, "excluded_lines": 0}, "missing_lines": [554, 555], "excluded_lines": []}, "UserViewSet.change_password": {"executed_lines": [], "summary": {"covered_lines": 0, "num_statements": 14, "percent_covered": 0.0, "percent_covered_display": "0", "missing_lines": 14, "excluded_lines": 0}, "missing_lines": [560, 561, 562, 563, 565, 566, 570, 571, 576, 577, 582, 583, 584, 586], "excluded_lines": []}, "UserViewSet.admin_reset_password": {"executed_lines": [], "summary": {
[...]
}, "missing_lines": [82, 83, 84, 86, 87, 88, 89, 91, 92, 94, 95, 105, 106, 108], "excluded_lines": []}, "VisitorPreRegistrationViewSet.get_queryset": {"executed_lines": [], "summary": {"covered_lines": 0, "num_statements": 20, "percent_covered": 0.0, "percent_covered_display": "0", "missing_lines": 20, "excluded_lines": 0}, "missing_lines": [125, 126, 129, 130, 133, 134, 137, 138, 139, 140, 144, 147, 148, 149, 150, 151, 155, 158, 159, 161], "excluded_lines": []}, "VisitorPreRegistrationViewSet.perform_create": {"executed_lines": [], "summary": {"covered_lines": 0, "num_statements": 1, "percent_covered": 0.0, "percent_covered_display": "0", "missing_lines": 1, "excluded_lines": 0}, "missing_lines": [165], "excluded_lines": []}, "VisitorPreRegistrationViewSet.approve": {"executed_lines": [], "summary": {"covered_lines": 0, "num_statements": 7, "percent_covered": 0.0, "percent_covered_display": "0", "missing_lines": 7, "excluded_lines": 0}, "missing_lines": [170, 171, 172, 174, 175, 176, 177], "excluded_lines": []}, "VisitorPreRegistrationViewSet.reject": {"executed_lines": [], "summary": {"covered_lines": 0, "num_statements": 8, "percent_covered": 0.0, "percent_covered_display": "0", "missing_lines": 8, "excluded_lines": 0}, "missing_lines": [182, 183, 184, 186, 187, 188, 189, 190], "excluded_lines": []}, "VisitorPreRegistrationViewSet.today": {"executed_lines": [], "summary": {"covered_lines": 0, "num_statements": 3, "percent_covered": 0.0, "percent_covered_display": "0", "missing_lines": 3, "excluded_lines": 0}, "missing_lines": [195, 196, 197], "excluded_lines": []}, "": {"executed_lines": [1, 2, 3, 4, 5, 6, 7, 8, 9, 10, 11, 12, 14, 15, 16, 17, 18, 19, 20, 21, 23, 61, 67, 68, 79, 80, 111, 112, 117, 118, 119, 120, 121, 122, 124, 163, 167, 168, 179, 180, 192, 193], "summary": {"covered_lines": 40, "num_statements": 40, "percent_covered": 100.0, "percent_covered_display": "100", "missing_lines": 0, "excluded_lines": 0}, "missing_lines": [], "excluded_lines": []}}, "classes": {"VisitorLogViewSet": {"executed_lines": [], "summary": {"covered_lines": 0, "num_statements": 42, "percent_covered": 0.0, "percent_covered_display": "0", "missing_lines": 42, "excluded_lines": 0}, "missing_lines": [24, 25, 28, 29, 32, 33, 35, 36, 38, 44, 45, 46, 47, 48, 52, 55, 57, 59, 63, 64, 65, 70, 71, 72, 74, 75, 76, 77, 82, 83, 84, 86, 87, 88, 89, 91, 92, 94, 95, 105, 106, 108], "excluded_lines": []}, "VisitorPreRegistrationViewSet": {"executed_lines": [], "summary": {"covered_lines": 0, "num_statements": 39, "percent_covered": 0.0, "percent_covered_display": "0", "missing_lines": 39, "excluded_lines": 0}, "missing_lines": [125, 126, 129, 130, 133, 134, 137, 138, 139, 140, 144, 147, 148, 149, 150, 151, 155, 158, 159, 161, 165, 170, 171, 172, 174, 175, 176, 177, 182, 183, 184, 186, 187, 188, 189, 190, 195, 196, 197], "excluded_lines": []}, "": {"executed_lines": [1, 2, 3, 4, 5, 6, 7, 8, 9, 10, 11, 12, 14, 15, 16, 17, 18, 19, 20, 21, 23, 61, 67, 68, 79, 80, 111, 112, 117, 118, 119, 120, 121, 122, 124, 163, 167, 168, 179, 180, 192, 193], "summary": {"covered_lines": 40, "num_statements": 40, "percent_covered": 100.0, "percent_covered_display": "100", "missing_lines": 0, "excluded_lines": 0}, "missing_lines": [], "excluded_lines": []}}}, "apps/web/__init__.py": {"executed_lines": [1], "summary": {"covered_lines": 0, "num_statements": 0, "percent_covered": 100.0, "percent_covered_display": "100", "missing_lines": 0, "excluded_lines": 0}, "missing_lines": [], "excluded_lines": [], "functions": {"": {"executed_lines": [], "summary": {"covered_lines": 0, "num_statements": 0, "percent_covered": 100.0, "percent_covered_display": "100", "missing_lines": 0, "excluded_lines": 0}, "missing_lines": [], "excluded_lines": []}}, "classes": {"": {"executed_lines": [], "summary": {"covered_lines": 0, "num_statements": 0, "percent_covered": 100.0, "percent_covered_display": "100", "missing_lines": 0, "excluded_lines": 0}, "missing_lines": [], "excluded_lines": []}}}, "apps/web/apps.py": {"executed_lines": [1, 4, 5, 6, 7], "summary": {"covered_lines": 5, "num_statements": 5, "percent_covered": 100.0, "percent_covered_display": "100", "missing_lines": 0, "excluded_lines": 0}, "missing_lines": [], "excluded_lines": [], "functions": {"": {"executed_lines": [1, 4, 5, 6, 7], "summary": {"covered_lines": 5, "num_statements": 5, "percent_covered": 100.0, "percent_covered_display": "100", "missing_lines": 0, "excluded_lines": 0}, "missing_lines": [], "excluded_lines": []}}, "classes": {"WebConfig": {"executed_lines": [], "summary": {"covered_lines": 0, "num_statements": 0, "percent_covered": 100.0, "percent_covered_display": "100", "missing_lines": 0, "excluded_lines": 0}, "missing_lines": [], "excluded_lines": []}, "": {"executed_lines": [1, 4, 5, 6, 7], "summary": {"covered_lines": 5, "num_statements": 5, "percent_covered": 100.0, "percent_covered_display": "100", "missing_lines": 0, "excluded_lines": 0}, "missing_lines": [], "excluded_lines": []}}}, "apps/web/urls.py": {"executed_lines": [1, 2, 4], "summary": {"covered_lines": 3, "num_statements": 3, "percent_covered": 100.0, "percent_covered_display": "100", "missing_lines": 0, "excluded_lines": 0}, "missing_lines": [], "excluded_lines": [], "functions": {"": {"executed_lines": [1, 2, 4], "summary": {"covered_lines": 3, "num_statements": 3, "percent_covered": 100.0, "percent_covered_display": "100", "missing_lines": 0, "excluded_lines": 0}, "missing_lines": [], "excluded_lines": []}}, "classes": {"": {"executed_lines": [1, 2, 4], "summary": {"covered_lines": 3, "num_statements": 3, "percent_covered": 100.0, "percent_covered_display": "100", "missing_lines": 0, "excluded_lines": 0}, "missing_lines": [], "excluded_lines": []}}}, "apps/web/views.py": {"executed_lines": [1, 2, 5, 6, 10, 11, 15, 16, 20, 21, 25, 26, 30, 31, 35, 36, 40, 41, 45, 46, 50, 51, 55, 56, 60, 61, 65, 66, 70, 71, 75, 76, 80, 81, 85, 86], "summary": {"covered_lines": 36, "num_statements": 53, "percent_covered": 67.9245283018868, "percent_covered_display": "68", "missing_lines": 17, "excluded_lines": 0}, "missing_lines": [7, 12, 17, 22, 27, 32, 37, 42, 47, 52, 57, 62, 67, 72, 77, 82, 87], "excluded_lines": [], "functions": {"dashboard": {"executed_lines": [], "summary": {"covered_lines": 0, "num_statements": 1, "percent_covered": 0.0, "percent_covered_display": "0", "missing_lines": 1, "excluded_lines": 0}, "missing_lines": [7], "excluded_lines": []}, "login_view": {"executed_lines": [], "summary": {"covered_lines": 0, "num_statements": 1, "percent_covered": 0.0, "percent_covered_display": "0", "missing_lines": 1, "excluded_lines": 0}, "missing_lines": [12], "excluded_lines": []}, "register_view": {"executed_lines": [], "summary": {"covered_lines": 0, "num_statements": 1, "percent_covered": 0.0, "percent_covered_display": "0", "missing_lines": 1, "excluded_lines": 0}, "missing_lines": [17], "excluded_lines": []}, "attendance": {"executed_lines": [], "summary": {"covered_lines": 0, "num_statements": 1, "percent_covered": 0.0, "percent_covered_display": "0", "missing_lines": 1, "excluded_lines": 0}, "missing_lines": [22], "excluded_lines": []}, "colleges": {"executed_lines": [], "summary": {"covered_lines": 0, "num_statements": 1, "percent_covered": 0.0, "percent_covered_display": "0", "missing_lines": 1, "excluded_lines": 0}, "missing_lines": [27], "excluded_lines": []}, "events": {"executed_lines": [], "summary": {"covered_lines": 0, "num_statements": 1, "percent_covered": 0.0, "percent_covered_display": "0", "missing_lines": 1, "excluded_lines": 0}, "missing_lines": [32], "excluded_lines": []}, "gate_passes": {"executed_lines": [], "summary": {"covered_lines": 0, "num_statements": 1, "percent_covered": 0.0, "percent_covered_display": "0", "missing_lines": 1, "excluded_lines": 0}, "missing_lines": [37], "excluded_lines": []}, "gate_scans": {"executed_lines": [], "summary": {"covered_lines": 0, "num_statements": 1, "percent_covered": 0.0, "percent_covered_display": "0", "missing_lines": 1, "excluded_lines": 0}, "missing_lines": [42], "excluded_lines": []}, "meals": {"executed_lines": [], "summary": {"covered_lines": 0, "num_statements": 1, "percent_covered": 0.0, "percent_covered_display": "0", "missing_lines": 1, "excluded_lines": 0}, "missing_lines": [47], "excluded_lines": []}, "messages": {"executed_lines": [], "summary": {"covered_lines": 0, "num_statements": 1, "percent_covered": 0.0, "percent_covered_display": "0", "missing_lines": 1, "excluded_lines": 0}, "missing_lines": [52], "excluded_lines": []}, "metrics": {"executed_lines": [], "summary": {"covered_lines": 0, "num_statements": 1, "percent_covered": 0.0, "percent_covered_display": "0", "missing_lines": 1, "excluded_lines": 0}, "missing_lines": [57], "excluded_lines": []}, "notices": {"executed_lines": [], "summary": {"covered_lines": 0, "num_statements": 1, "percent_covered": 0.0, "percent_covered_display": "0", "missing_lines": 1, "excluded_lines": 0}, "missing_lines": [62], "excluded_lines": []}, "notifications": {"executed_lines": [], "summary": {"covered_lines": 0, "num_statements": 1, "percent_covered": 0.0, "percent_covered_display": "0", "missing_lines": 1, "excluded_lines": 0}, "missing_lines": [67], "excluded_lines": []}, "reports": {"executed_lines": [], "summary": {"covered_lines": 0, "num_statements": 1, "percent_covered": 0.0, "percent_covered_display": "0", "missing_lines": 1, "excluded_lines": 0}, "missing_lines": [72], "excluded_lines": []}, "rooms": {"executed_lines": [], "summary": {"covered_lines": 0, "num_statements": 1, "percent_covered": 0.0, "percent_covered_display": "0", "missing_lines": 1, "excluded_lines": 0}, "missing_lines": [77], "excluded_lines": []}, "users": {"executed_lines": [], "summary": {"covered_lines": 0, "num_statements": 1, "percent_covered": 0.0, "percent_covered_display": "0", "missing_lines": 1, "excluded_lines": 0}, "missing_lines": [82], "excluded_lines": []}, "profile": {"executed_lines": [], "summary": {"covered_lines": 0, "num_statements": 1, "percent_covered": 0.0, "percent_covered_display": "0", "missing_lines": 1, "excluded_lines": 0}, "missing_lines": [87], "excluded_lines": []}, "": {"executed_lines": [1, 2, 5, 6, 10, 11, 15, 16, 20, 21, 25, 26, 30, 31, 35, 36, 40, 41, 45, 46, 50, 51, 55, 56, 60, 61, 65, 66, 70, 71, 75, 76, 80, 81, 85, 86], "summary": {"covered_lines": 36, "num_statements": 36, "percent_covered": 100.0, "percent_covered_display": "100", "missing_lines": 0, "excluded_lines": 0}, "missing_lines": [], "excluded_lines": []}}, "classes": {"": {"executed_lines": [1, 2, 5, 6, 10, 11, 15, 16, 20, 21, 25, 26, 30, 31, 35, 36, 40, 41, 45, 46, 50, 51, 55, 56, 60, 61, 65, 66, 70, 71, 75, 76, 80, 81, 85, 86], "summary": {"covered_lines": 36, "num_statements": 53, "percent_covered": 67.9245283018868, "percent_covered_display": "68", "missing_lines": 17, "excluded_lines": 0}, "missing_lines": [7, 12, 17, 22, 27, 32, 37, 42, 47, 52, 57, 62, 67, 72, 77, 82, 87], "excluded_lines": []}}}, "hostelconnect/__init__.py": {"executed_lines": [1], "summary": {"covered_lines": 0, "num_statements": 0, "percent_covered": 100.0, "percent_covered_display": "100", "missing_lines": 0, "excluded_lines": 0}, "missing_lines": [], "excluded_lines": [], "functions": {"": {"executed_lines": [1], "summary": {"covered_lines": 0, "num_statements": 0, "percent_covered": 100.0, "percent_covered_display": "100", "missing_lines": 0, "excluded_lines": 0}, "missing_lines": [], "excluded_lines": []}}, "classes": {"": {"executed_lines": [1], "summary": {"covered_lines": 0, "num_statements": 0, "percent_covered": 100.0, "percent_covered_display": "100", "missing_lines": 0, "excluded_lines": 0}, "missing_lines": [], "excluded_lines": []}}}, "hostelconnect/asgi.py": {"executed_lines": [], "summary": {"covered_lines": 0, "num_statements": 24, "percent_covered": 0.0, "percent_covered_display": "0", "missing_lines": 24, "excluded_lines": 0}, "missing_lines": [5, 6, 8, 9, 12, 13, 14, 15, 16, 17, 18, 19, 21, 22, 23, 24, 25, 26, 29, 32, 33, 34, 37, 39], "excluded_lines": [], "functions": {"": {"executed_lines": [], "summary": {"covered_lines": 0, "num_statements": 24, "percent_covered": 0.0, "percent_covered_display": "0", "missing_lines": 24, "excluded_lines": 0}, "missing_lines": [5, 6, 8, 9, 12, 13, 14, 15, 16, 17, 18, 19, 21, 22, 23, 24, 25, 26, 29, 32, 33, 34, 37, 39], "excluded_lines": []}}, "classes": {"": {"executed_lines": [], "summary": {"covered_lines": 0, "num_statements": 24, "percent_covered": 0.0, "percent_covered_display": "0", "missing_lines": 24, "excluded_lines": 0}, "missing_lines": [5, 6, 8, 9, 12, 13, 14, 15, 16, 17, 18, 19, 21, 22, 23, 24, 25, 26, 29, 32, 33, 34, 37, 39], "excluded_lines": []}}}, "hostelconnect/sentry.py": {"executed_lines": [1, 5, 6, 7, 10, 24, 26], "summary": {"covered_lines": 6, "num_statements": 13, "percent_covered": 46.15384615384615, "percent_covered_display": "46", "missing_lines": 7, "excluded_lines": 0}, "missing_lines": [14, 15, 16, 17, 18, 20, 27], "excluded_lines": [], "functions": {"sentry_before_send": {"executed_lines": [], "summary": {"covered_lines": 0, "num_statements": 6, "percent_covered": 0.0, "percent_covered_display": "0", "missing_lines": 6, "excluded_lines": 0}, "missing_lines": [14, 15, 16, 17, 18, 20], "excluded_lines": []}, "": {"executed_lines": [1, 5, 6, 7, 10, 24, 26], "summary": {"covered_lines": 6, "num_statements": 7, "percent_covered": 85.71428571428571, "percent_covered_display": "86", "missing_lines": 1, "excluded_lines": 0}, "missing_lines": [27], "excluded_lines": []}}, "classes": {"": {"executed_lines": [1, 5, 6, 7, 10, 24, 26], "summary": {"covered_lines": 6, "num_statements": 13, "percent_covered": 46.15384615384615, "percent_covered_display": "46", "missing_lines": 7, "excluded_lines": 0}, "missing_lines": [14, 15, 16, 17, 18, 20, 27], "excluded_lines": []}}}, "hostelconnect/settings/__init__.py": {"executed_lines": [1], "summary": {"covered_lines": 0, "num_statements": 0, "percent_covered": 100.0, "percent_covered_display": "100", "missing_lines": 0, "excluded_lines": 0}, "missing_lines": [], "excluded_lines": [], "functions": {"": {"executed_lines": [1], "summary": {"covered_lines": 0, "num_statements": 0, "percent_covered": 100.0, "percent_covered_display": "100", "missing_lines": 0, "excluded_lines": 0}, "missing_lines": [], "excluded_lines": []}}, "classes": {"": {"executed_lines": [1], "summary": {"covered_lines": 0, "num_statements": 0, "percent_covered": 100.0, "percent_covered_display": "100", "missing_lines": 0, "excluded_lines": 0}, "missing_lines": [], "excluded_lines": []}}}, "hostelconnect/settings/base.py": {"executed_lines": [1, 5, 6, 7, 8, 9, 12, 13, 25, 30, 33, 34, 38, 42, 43, 47, 51, 52, 56, 62, 63, 71, 72, 73, 74, 78, 83, 88, 137, 152, 155, 157, 181, 182, 187, 188, 189, 190, 193, 194, 196, 198, 240, 256, 272, 280, 283, 284, 285, 286, 287, 288, 291, 292, 293, 295, 296, 299, 300, 301, 304, 322, 323, 326, 329, 371, 372, 373, 377, 381, 383, 386, 417, 443, 444, 445, 448, 449, 450, 457, 464, 465, 467, 478, 490, 492, 494, 509, 521, 522, 540, 541, 550, 597, 618, 619, 620, 622, 633, 634, 635, 636, 638, 639, 640, 641, 642, 643, 645, 646, 647, 649, 650, 651, 656, 658, 660, 661, 667, 672, 675, 679, 687, 688, 689, 690, 691, 692, 693, 696], "summary": {"covered_lines": 129, "num_statements": 160, "percent_covered": 80.625, "percent_covered_display": "81", "missing_lines": 31, "excluded_lines": 0}, "missing_lines": [14, 15, 48, 54, 58, 59, 60, 64, 65, 66, 84, 85, 204, 205, 212, 213, 216, 244, 245, 246, 257, 258, 260, 264, 267, 268, 269, 479, 480, 481, 510], "excluded_lines": [], "functions": {"": {"executed_lines": [1, 5, 6, 7, 8, 9, 12, 13, 25, 30, 33, 34, 38, 42, 43, 47, 51, 52, 56, 62, 63, 71, 72, 73, 74, 78, 83, 88, 137, 152, 155, 157, 181, 182, 187, 188, 189, 190, 193, 194, 196, 198, 240, 256, 272, 280, 283, 284, 285, 286, 287, 288, 291, 292, 293, 295, 296, 299, 300, 301, 304, 322, 323, 326, 329, 371, 372, 373, 377, 381, 383, 386, 417, 443, 444, 445, 448, 449, 450, 457, 464, 465, 467, 478, 490, 492, 494, 509, 521, 522, 540, 541, 550, 597, 618, 619, 620, 622, 633, 634, 635, 636, 638, 639, 640, 641, 642, 643, 645, 646, 647, 649, 650, 651, 656, 658, 660, 661, 667, 672, 675, 679, 687, 688, 689, 690, 691, 692, 693, 696], "summary": {"covered_lines": 129, "num_statements": 160, "percent_covered": 80.625, "percent_covered_display": "81", "missing_lines": 31, "excluded_lines": 0}, "missing_lines": [14, 15, 48, 54, 58, 59, 60, 64, 65, 66, 84, 85, 204, 205, 212, 213, 216, 244, 245, 246, 257, 258, 260, 264, 267, 268, 269, 479, 480, 481, 510], "excluded_lines": []}}, "classes": {"": {"executed_lines": [1, 5, 6, 7, 8, 9, 12, 13, 25, 30, 33, 34, 38, 42, 43, 47, 51, 52, 56, 62, 63, 71, 72, 73, 74, 78, 83, 88, 137, 152, 155, 157, 181, 182, 187, 188, 189, 190, 193, 194, 196, 198, 240, 256, 272, 280, 283, 284, 285, 286, 287, 288, 291, 292, 293, 295, 296, 299, 300, 301, 304, 322, 323, 326, 329, 371, 372, 373, 377, 381, 383, 386, 417, 443, 444, 445, 448, 449, 450, 457, 464, 465, 467, 478, 490, 492, 494, 509, 521, 522, 540, 541, 550, 597, 618, 619, 620, 622, 633, 634, 635, 636, 638, 639, 640, 641, 642, 643, 645, 646, 647, 649, 650, 651, 656, 658, 660, 661, 667, 672, 675, 679, 687, 688, 689, 690, 691, 692, 693, 696], "summary": {"covered_lines": 129, "num_statements": 160, "percent_covered": 80.625, "percent_covered_display": "81", "missing_lines": 31, "excluded_lines": 0}, "missing_lines": [14, 15, 48, 54, 58, 59, 60, 64, 65, 66, 84, 85, 204, 205, 212, 213, 216, 244, 245, 246, 257, 258, 260, 264, 267, 268, 269, 479, 480, 481, 510], "excluded_lines": []}}}, "hostelconnect/urls.py": {"executed_lines": [1, 5, 6, 7, 8, 9, 10, 11, 12, 13, 14, 15, 16, 18, 21, 29, 58, 116, 120], "summary": {"covered_lines": 18, "num_statements": 22, "percent_covered": 81.81818181818181, "percent_covered_display": "82", "missing_lines": 4, "excluded_lines": 0}, "missing_lines": [23, 31, 117, 118], "excluded_lines": [], "functions": {"health_check": {"executed_lines": [], "summary": {"covered_lines": 0, "num_statements": 1, "percent_covered": 0.0, "percent_covered_display": "0", "missing_lines": 1, "excluded_lines": 0}, "missing_lines": [23], "excluded_lines": []}, "api_root": {"executed_lines": [], "summary": {"covered_lines": 0, "num_statements": 1, "percent_covered": 0.0, "percent_covered_display": "0", "missing_lines": 1, "excluded_lines": 0}, "missing_lines": [31], "excluded_lines": []}, "": {"executed_lines": [1, 5, 6, 7, 8, 9, 10, 11, 12, 13, 14, 15, 16, 18, 21, 29, 58, 116, 120], "summary": {"covered_lines": 18, "num_statements": 20, "percent_covered": 90.0, "percent_covered_display": "90", "missing_lines": 2, "excluded_lines": 0}, "missing_lines": [117, 118], "excluded_lines": []}}, "classes": {"": {"executed_lines": [1, 5, 6, 7, 8, 9, 10, 11, 12, 13, 14, 15, 16, 18, 21, 29, 58, 116, 120], "summary": {"covered_lines": 18, "num_statements": 22, "percent_covered": 81.81818181818181, "percent_covered_display": "82", "missing_lines": 4, "excluded_lines": 0}, "missing_lines": [23, 31, 117, 118], "excluded_lines": []}}}, "hostelconnect/wsgi.py": {"executed_lines": [], "summary": {"covered_lines": 0, "num_statements": 4, "percent_covered": 0.0, "percent_covered_display": "0", "missing_lines": 4, "excluded_lines": 0}, "missing_lines": [5, 6, 8, 10], "excluded_lines": [], "functions": {"": {"executed_lines": [], "summary": {"covered_lines": 0, "num_statements": 4, "percent_covered": 0.0, "percent_covered_display": "0", "missing_lines": 4, "excluded_lines": 0}, "missing_lines": [5, 6, 8, 10], "excluded_lines": []}}, "classes": {"": {"executed_lines": [], "summary": {"covered_lines": 0, "num_statements": 4, "percent_covered": 0.0, "percent_covered_display": "0", "missing_lines": 4, "excluded_lines": 0}, "missing_lines": [5, 6, 8, 10], "excluded_lines": []}}}}, "totals": {"covered_lines": 3121, "num_statements": 7207, "percent_covered": 43.30512002220064, "percent_covered_display": "43", "missing_lines": 4086, "excluded_lines": 0}}