{"meta": {"format": 3, "version": "7.10.7", "timestamp": "2026-02-28T13:41:23.526655", "branch_coverage": false, "show_contexts": false}, "files": {"apps/__init__.py": {"executed_lines": [1], "summary": {"covered_lines": 0, "num_statements": 0, "percent_covered": 100.0, "percent_covered_display": "100", "missing_lines": 0, "excluded_lines": 0}, "missing_lines": [], "excluded_lines": [], "functions": {"": {"executed_lines": [1], "summary": {"covered_lines": 0, "num_statements": 0, "percent_covered": 100.0, "percent_covered_display": "100", "missing_lines": 0, "excluded_lines": 0}, "missing_lines": [], "excluded_lines": []}}, "classes": {"": {"executed_lines": [1], "summary": {"covered_lines": 0, "num_statements": 0, "percent_covered": 100.0, "percent_covered_display": "100", "missing_lines": 0, "excluded_lines": 0}, "missing_lines": [], "excluded_lines": []}}}, "apps/attendance/__init__.py": {"executed_lines": [1], "summary": {"covered_lines": 0, "num_statements": 0, "percent_covered": 100.0, "percent_covered_display": "100", "missing_lines": 0, "excluded_lines": 0}, "missing_lines": [], "excluded_lines": [], "functions": {"": {"executed_lines": [], "summary": {"covered_lines": 0, "num_statements": 0, "percent_covered": 100.0, "percent_covered_display": "100", "missing_lines": 0, "excluded_lines": 0}, "missing_lines": [], "excluded_lines": []}}, "classes": {"": {"executed_lines": [], "summary": {"covered_lines": 0, "num_statements": 0, "percent_covered": 100.0, "percent_covered_display": "100", "missing_lines": 0, "excluded_lines": 0}, "missing_lines": [], "excluded_lines": []}}}, "apps/attendance/admin.py": {"executed_lines": [1, 3, 4, 7, 8, 9, 10, 11, 12, 14, 22, 23, 24, 25, 26, 27, 29], "summary": {"covered_lines": 16, "num_statements": 16, "percent_covered": 100.0, "percent_covered_display": "100", "missing_lines": 0, "excluded_lines": 0}, "missing_lines": [], "excluded_lines": [], "functions": {"": {"executed_lines": [1, 3, 4, 7, 8, 9, 10, 11, 12, 14, 22, 23, 24, 25, 26, 27, 29], "summary": {"covered_lines": 16, "num_statements": 16, "percent_covered": 100.0, "percent_covered_display": "100", "missing_lines": 0, "excluded_lines": 0}, "missing_lines": [], "excluded_lines": []}}, "classes": {"AttendanceAdmin": {"executed_lines": [], "summary": {"covered_lines": 0, "num_statements": 0, "percent_covered": 100.0, "percent_covered_display": "100", "missing_lines": 0, "excluded_lines": 0}, "missing_lines": [], "excluded_lines": []}, "AttendanceReportAdmin": {"executed_lines": [], "summary": {"covered_lines": 0, "num_statements": 0, "percent_covered": 100.0, "percent_covered_display": "100", "missing_lines": 0, "excluded_lines": 0}, "missing_lines": [], "excluded_lines": []}, "": {"executed_lines": [1, 3, 4, 7, 8, 9, 10, 11, 12, 14, 22, 23, 24, 25, 26, 27, 29], "summary": {"covered_lines": 16, "num_statements": 16, "percent_covered": 100.0, "percent_covered_display": "100", "missing_lines": 0, "excluded_lines": 0}, "missing_lines": [], "excluded_lines": []}}}, "apps/attendance/apps.py": {"executed_lines": [1, 2, 4, 5, 6], "summary": {"covered_lines": 4, "num_statements": 4, "percent_covered": 100.0, "percent_covered_display": "100", "missing_lines": 0, "excluded_lines": 0}, "missing_lines": [], "excluded_lines": [], "functions": {"": {"executed_lines": [1, 2, 4, 5, 6], "summary": {"covered_lines": 4, "num_statements": 4, "percent_covered": 100.0, "percent_covered_display": "100", "missing_lines": 0, "excluded_lines": 0}, "missing_lines": [], "excluded_lines": []}}, "classes": {"AttendanceConfig": {"executed_lines": [], "summary": {"covered_lines": 0, "num_statements": 0, "percent_covered": 100.0, "percent_covered_display": "100", "missing_lines": 0, "excluded_lines": 0}, "missing_lines": [], "excluded_lines": []}, "": {"executed_lines": [1, 2, 4, 5, 6], "summary": {"covered_lines": 4, "num_statements": 4, "percent_covered": 100.0, "percent_covered_display": "100", "missing_lines": 0, "excluded_lines": 0}, "missing_lines": [], "excluded_lines": []}}}, "apps/attendance/migrations/0001_initial.py": {"executed_lines": [], "summary": {"covered_lines": 0, "num_statements": 6, "percent_covered": 0.0, "percent_covered_display": "0", "missing_lines": 6, "excluded_lines": 0}, "missing_lines": [3, 4, 7, 9, 11, 14], "excluded_lines": [], "functions": {"": {"executed_lines": [], "summary": {"covered_lines": 0, "num_statements": 6, "percent_covered": 0.0, "percent_covered_display": "0", "missing_lines": 6, "excluded_lines": 0}, "missing_lines": [3, 4, 7, 9, 11, 14], "excluded_lines": []}}, "classes": {"Migration": {"executed_lines": [], "summary": {"covered_lines": 0, "num_statements": 0, "percent_covered": 100.0, "percent_covered_display": "100", "missing_lines": 0, "excluded_lines": 0}, "missing_lines": [], "excluded_lines": []}, "": {"executed_lines": [], "summary": {"covered_lines": 0, "num_statements": 6, "percent_covered": 0.0, "percent_covered_display": "0", "missing_lines": 6, "excluded_lines": 0}, "missing_lines": [3, 4, 7, 9, 11, 14], "excluded_lines": []}}}, "apps/attendance/migrations/0002_initial.py": {"executed_lines": [], "summary": {"covered_lines": 0, "num_statements": 7, "percent_covered": 0.0, "percent_covered_display": "0", "missing_lines": 7, "excluded_lines": 0}, "missing_lines": [3, 4, 5, 8, 10, 12, 17], "excluded_lines": [], "functions": {"": {"executed_lines": [], "summary": {"covered_lines": 0, "num_statements": 7, "percent_covered": 0.0, "percent_covered_display": "0", "missing_lines": 7, "excluded_lines": 0}, "missing_lines": [3, 4, 5, 8, 10, 12, 17], "excluded_lines": []}}, "classes": {"Migration": {"executed_lines": [], "summary": {"covered_lines": 0, "num_statements": 0, "percent_covered": 100.0, "percent_covered_display": "100", "missing_lines": 0, "excluded_lines": 0}, "missing_lines": [], "excluded_lines": []}, "": {"executed_lines": [], "summary": {"covered_lines": 0, "num_statements": 7, "percent_covered": 0.0, "percent_covered_display": "0", "missing_lines": 7, "excluded_lines": 0}, "missing_lines": [3, 4, 5, 8, 10, 12, 17], "excluded_lines": []}}}, "apps/attendance/migrations/0003_attendance_attendance__status_132c06_idx_and_more.py": {"executed_lines": [], "summary": {"covered_lines": 0, "num_statements": 4, "percent_covered": 0.0, "percent_covered_display": "0", "missing_lines": 4, "excluded_lines": 0}, "missing_lines": [3, 6, 8, 12], "excluded_lines": [], "functions": {"": {"executed_lines": [], "summary": {"covered_lines": 0, "num_statements": 4, "percent_covered": 0.0, "percent_covered_display": "0", "missing_lines": 4, "excluded_lines": 0}, "missing_lines": [3, 6, 8, 12], "excluded_lines": []}}, "classes": {"Migration": {"executed_lines": [], "summary": {"covered_lines": 0, "num_statements": 0, "percent_covered": 100.0, "percent_covered_display": "100", "missing_lines": 0, "excluded_lines": 0}, "missing_lines": [], "excluded_lines": []}, "": {"executed_lines": [], "summary": {"covered_lines": 0, "num_statements": 4, "percent_covered": 0.0, "percent_covered_display": "0", "missing_lines": 4, "excluded_lines": 0}, "missing_lines": [3, 6, 8, 12], "excluded_lines": []}}}, "apps/attendance/migrations/__init__.py": {"executed_lines": [], "summary": {"covered_lines": 0, "num_statements": 0, "percent_covered": 100.0, "percent_covered_display": "100", "missing_lines": 0, "excluded_lines": 0}, "missing_lines": [], "excluded_lines": [], "functions": {"": {"executed_lines": [], "summary": {"covered_lines": 0, "num_statements": 0, "percent_covered": 100.0, "percent_covered_display": "100", "missing_lines": 0, "excluded_lines": 0}, "missing_lines": [], "excluded_lines": []}}, "classes": {"": {"executed_lines": [], "summary": {"covered_lines": 0, "num_statements": 0, "percent_covered": 100.0, "percent_covered_display": "100", "missing_lines": 0, "excluded_lines": 0}, "missing_lines": [], "excluded_lines": []}}}, "apps/attendance/models.py": {"executed_lines": [1, 3, 4, 5, 6, 7, 10, 11, 13, 21, 22, 23, 24, 25, 26, 28, 29, 30, 31, 36, 38, 42, 43, 45, 51, 52, 53, 54, 55, 56, 57, 58, 59, 60, 62, 63, 64, 66], "summary": {"covered_lines": 35, "num_statements": 37, "percent_covered": 94.5945945945946, "percent_covered_display": "95", "missing_lines": 2, "excluded_lines": 0}, "missing_lines": [39, 67], "excluded_lines": [], "functions": {"Attendance.__str__": {"executed_lines": [], "summary": {"covered_lines": 0, "num_statements": 1, "percent_covered": 0.0, "percent_covered_display": "0", "missing_lines": 1, "excluded_lines": 0}, "missing_lines": [39], "excluded_lines": []}, "AttendanceReport.__str__": {"executed_lines": [], "summary": {"covered_lines": 0, "num_statements": 1, "percent_covered": 0.0, "percent_covered_display": "0", "missing_lines": 1, "excluded_lines": 0}, "missing_lines": [67], "excluded_lines": []}, "": {"executed_lines": [1, 3, 4, 5, 6, 7, 10, 11, 13, 21, 22, 23, 24, 25, 26, 28, 29, 30, 31, 36, 38, 42, 43, 45, 51, 52, 53, 54, 55, 56, 57, 58, 59, 60, 62, 63, 64, 66], "summary": {"covered_lines": 35, "num_statements": 35, "percent_covered": 100.0, "percent_covered_display": "100", "missing_lines": 0, "excluded_lines": 0}, "missing_lines": [], "excluded_lines": []}}, "classes": {"Attendance": {"executed_lines": [], "summary": {"covered_lines": 0, "num_statements": 1, "percent_covered": 0.0, "percent_covered_display": "0", "missing_lines": 1, "excluded_lines": 0}, "missing_lines": [39], "excluded_lines": []}, "Attendance.Meta": {"executed_lines": [], "summary": {"covered_lines": 0, "num_statements": 0, "percent_covered": 100.0, "percent_covered_display": "100", "missing_lines": 0, "excluded_lines": 0}, "missing_lines": [], "excluded_lines": []}, "AttendanceReport": {"executed_lines": [], "summary": {"covered_lines": 0, "num_statements": 1, "percent_covered": 0.0, "percent_covered_display": "0", "missing_lines": 1, "excluded_lines": 0}, "missing_lines": [67], "excluded_lines": []}, "AttendanceReport.Meta": {"executed_lines": [], "summary": {"covered_lines": 0, "num_statements": 0, "percent_covered": 100.0, "percent_covered_display": "100", "missing_lines": 0, "excluded_lines": 0}, "missing_lines": [], "excluded_lines": []}, "": {"executed_lines": [1, 3, 4, 5, 6, 7, 10, 11, 13, 21, 22, 23, 24, 25, 26, 28, 29, 30, 31, 36, 38, 42, 43, 45, 51, 52, 53, 54, 55, 56, 57, 58, 59, 60, 62, 63, 64, 66], "summary": {"covered_lines": 35, "num_statements": 35, "percent_covered": 100.0, "percent_covered_display": "100", "missing_lines": 0, "excluded_lines": 0}, "missing_lines": [], "excluded_lines": []}}}, "apps/attendance/serializers.py": {"executed_lines": [], "summary": {"covered_lines": 0, "num_statements": 30, "percent_covered": 0.0, "percent_covered_display": "0", "missing_lines": 30, "excluded_lines": 0}, "missing_lines": [3, 4, 5, 6, 9, 11, 12, 13, 14, 15, 17, 18, 19, 22, 24, 25, 27, 28, 29, 31, 32, 34, 43, 44, 47, 49, 51, 52, 53, 56], "excluded_lines": [], "functions": {"AttendanceSerializer.get_student": {"executed_lines": [], "summary": {"covered_lines": 0, "num_statements": 7, "percent_covered": 0.0, "percent_covered_display": "0", "missing_lines": 7, "excluded_lines": 0}, "missing_lines": [25, 27, 28, 29, 31, 32, 34], "excluded_lines": []}, "AttendanceSerializer.get_marked_by": {"executed_lines": [], "summary": {"covered_lines": 0, "num_statements": 1, "percent_covered": 0.0, "percent_covered_display": "0", "missing_lines": 1, "excluded_lines": 0}, "missing_lines": [44], "excluded_lines": []}, "": {"executed_lines": [], "summary": {"covered_lines": 0, "num_statements": 22, "percent_covered": 0.0, "percent_covered_display": "0", "missing_lines": 22, "excluded_lines": 0}, "missing_lines": [3, 4, 5, 6, 9, 11, 12, 13, 14, 15, 17, 18, 19, 22, 24, 43, 47, 49, 51, 52, 53, 56], "excluded_lines": []}}, "classes": {"AttendanceSerializer": {"executed_lines": [], "summary": {"covered_lines": 0, "num_statements": 8, "percent_covered": 0.0, "percent_covered_display": "0", "missing_lines": 8, "excluded_lines": 0}, "missing_lines": [25, 27, 28, 29, 31, 32, 34, 44], "excluded_lines": []}, "AttendanceSerializer.Meta": {"executed_lines": [], "summary": {"covered_lines": 0, "num_statements": 0, "percent_covered": 100.0, "percent_covered_display": "100", "missing_lines": 0, "excluded_lines": 0}, "missing_lines": [], "excluded_lines": []}, "AttendanceReportSerializer": {"executed_lines": [], "summary": {"covered_lines": 0, "num_statements": 0, "percent_covered": 100.0, "percent_covered_display": "100", "missing_lines": 0, "excluded_lines": 0}, "missing_lines": [], "excluded_lines": []}, "AttendanceReportSerializer.Meta": {"executed_lines": [], "summary": {"covered_lines": 0, "num_statements": 0, "percent_covered": 100.0, "percent_covered_display": "100", "missing_lines": 0, "excluded_lines": 0}, "missing_lines": [], "excluded_lines": []}, "": {"executed_lines": [], "summary": {"covered_lines": 0, "num_statements": 22, "percent_covered": 0.0, "percent_covered_display": "0", "missing_lines": 22, "excluded_lines": 0}, "missing_lines": [3, 4, 5, 6, 9, 11, 12, 13, 14, 15, 17, 18, 19, 22, 24, 43, 47, 49, 51, 52, 53, 56], "excluded_lines": []}}}, "apps/attendance/urls.py": {"executed_lines": [], "summary": {"covered_lines": 0, "num_statements": 8, "percent_covered": 0.0, "percent_covered_display": "0", "missing_lines": 8, "excluded_lines": 0}, "missing_lines": [3, 4, 5, 7, 8, 9, 11, 13], "excluded_lines": [], "functions": {"": {"executed_lines": [], "summary": {"covered_lines": 0, "num_statements": 8, "percent_covered": 0.0, "percent_covered_display": "0", "missing_lines": 8, "excluded_lines": 0}, "missing_lines": [3, 4, 5, 7, 8, 9, 11, 13], "excluded_lines": []}}, "classes": {"": {"executed_lines": [], "summary": {"covered_lines": 0, "num_statements": 8, "percent_covered": 0.0, "percent_covered_display": "0", "missing_lines": 8, "excluded_lines": 0}, "missing_lines": [3, 4, 5, 7, 8, 9, 11, 13], "excluded_lines": []}}}, "apps/attendance/views.py": {"executed_lines": [], "summary": {"covered_lines": 0, "num_statements": 278, "percent_covered": 0.0, "percent_covered_display": "0", "missing_lines": 278, "excluded_lines": 0}, "missing_lines": [3, 4, 5, 6, 7, 8, 9, 13, 14, 15, 16, 17, 18, 19, 20, 21, 24, 27, 28, 29, 31, 33, 35, 38, 40, 42, 43, 45, 46, 47, 48, 51, 52, 55, 56, 57, 58, 59, 65, 67, 71, 72, 73, 75, 76, 77, 79, 80, 81, 82, 83, 85, 87, 89, 90, 93, 94, 95, 96, 97, 98, 99, 102, 103, 105, 114, 115, 117, 118, 120, 127, 129, 130, 131, 132, 133, 134, 136, 150, 153, 154, 155, 157, 158, 160, 161, 162, 164, 165, 168, 169, 171, 172, 173, 175, 176, 179, 180, 181, 182, 184, 185, 187, 195, 196, 201, 208, 210, 216, 217, 224, 226, 227, 229, 230, 232, 233, 235, 236, 238, 239, 241, 242, 243, 245, 248, 251, 252, 253, 255, 256, 261, 263, 264, 271, 278, 281, 284, 285, 286, 287, 289, 290, 292, 300, 303, 309, 313, 315, 321, 322, 331, 334, 340, 342, 344, 345, 347, 349, 350, 351, 352, 353, 354, 355, 357, 362, 363, 364, 365, 367, 374, 375, 377, 378, 380, 381, 383, 387, 404, 405, 406, 407, 409, 418, 420, 421, 423, 424, 428, 429, 430, 431, 434, 435, 437, 438, 440, 441, 445, 446, 448, 449, 450, 451, 453, 455, 456, 461, 462, 464, 470, 471, 473, 474, 477, 478, 479, 482, 485, 486, 487, 488, 489, 492, 495, 497, 498, 499, 502, 503, 507, 509, 510, 511, 512, 515, 520, 521, 522, 531, 532, 533, 534, 537, 540, 541, 542, 544, 546, 547, 548, 549, 551, 552, 554, 555, 557, 558, 562, 563, 564, 565, 566, 567, 568, 569, 571, 573, 574, 577, 583, 584, 585, 587, 590, 605, 606], "excluded_lines": [], "functions": {"AttendanceViewSet.get_permissions": {"executed_lines": [], "summary": {"covered_lines": 0, "num_statements": 3, "percent_covered": 0.0, "percent_covered_display": "0", "missing_lines": 3, "excluded_lines": 0}, "missing_lines": [33, 35, 38], "excluded_lines": []}, "AttendanceViewSet.get_queryset": {"executed_lines": [], "summary": {"covered_lines": 0, "num_statements": 14, "percent_covered": 0.0, "percent_covered_display": "0", "missing_lines": 14, "excluded_lines": 0}, "missing_lines": [42, 43, 45, 46, 47, 48, 51, 52, 55, 56, 57, 58, 59, 65], "excluded_lines": []}, "AttendanceViewSet.list": {"executed_lines": [], "summary": {"covered_lines": 0, "num_statements": 42, "percent_covered": 0.0, "percent_covered_display": "0", "missing_lines": 42, "excluded_lines": 0}, "missing_lines": [71, 72, 73, 75, 76, 77, 79, 80, 81, 82, 83, 85, 87, 89, 90, 93, 94, 95, 96, 97, 98, 99, 102, 103, 105, 114, 115, 117, 118, 120, 127, 129, 130, 131, 132, 133, 134, 136, 150, 153, 154, 155], "excluded_lines": []}, "AttendanceViewSet.mark": {"executed_lines": [], "summary": {"covered_lines": 0, "num_statements": 26, "percent_covered": 0.0, "percent_covered_display": "0", "missing_lines": 26, "excluded_lines": 0}, "missing_lines": [160, 161, 162, 164, 165, 168, 169, 171, 172, 173, 175, 176, 179, 180, 181, 182, 184, 185, 187, 195, 196, 201, 208, 224, 226, 227], "excluded_lines": []}, "AttendanceViewSet.mark.send_updates": {"executed_lines": [], "summary": {"covered_lines": 0, "num_statements": 3, "percent_covered": 0.0, "percent_covered_display": "0", "missing_lines": 3, "excluded_lines": 0}, "missing_lines": [210, 216, 217], "excluded_lines": []}, "AttendanceViewSet.mark_all": {"executed_lines": [], "summary": {"covered_lines": 0, "num_statements": 39, "percent_covered": 0.0, "percent_covered_display": "0", "missing_lines": 39, "excluded_lines": 0}, "missing_lines": [232, 233, 235, 236, 238, 239, 241, 242, 243, 245, 248, 251, 252, 253, 255, 256, 261, 263, 264, 271, 278, 281, 284, 285, 286, 287, 289, 290, 292, 300, 303, 309, 313, 315, 321, 322, 331, 340, 342], "excluded_lines": []}, "AttendanceViewSet.mark_all.send_bulk_updates": {"executed_lines": [], "summary": {"covered_lines": 0, "num_statements": 1, "percent_covered": 0.0, "percent_covered_display": "0", "missing_lines": 1, "excluded_lines": 0}, "missing_lines": [334], "excluded_lines": []}, "AttendanceViewSet.stats": {"executed_lines": [], "summary": {"covered_lines": 0, "num_statements": 14, "percent_covered": 0.0, "percent_covered_display": "0", "missing_lines": 14, "excluded_lines": 0}, "missing_lines": [347, 349, 350, 351, 352, 353, 354, 355, 357, 362, 363, 364, 365, 367], "excluded_lines": []}, "AttendanceViewSet.defaulters": {"executed_lines": [], "summary": {"covered_lines": 0, "num_statements": 12, "percent_covered": 0.0, "percent_covered_display": "0", "missing_lines": 12, "excluded_lines": 0}, "missing_lines": [377, 378, 380, 381, 383, 387, 404, 405, 406, 407, 409, 418], "excluded_lines": []}, "AttendanceViewSet.today": {"executed_lines": [], "summary": {"covered_lines": 0, "num_statements": 6, "percent_covered": 0.0, "percent_covered_display": "0", "missing_lines": 6, "excluded_lines": 0}, "missing_lines": [423, 424, 428, 429, 430, 431], "excluded_lines": []}, "AttendanceViewSet.monthly_summary": {"executed_lines": [], "summary": {"covered_lines": 0, "num_statements": 16, "percent_covered": 0.0, "percent_covered_display": "0", "missing_lines": 16, "excluded_lines": 0}, "missing_lines": [437, 438, 440, 441, 445, 446, 448, 449, 450, 451, 453, 455, 456, 461, 462, 464], "excluded_lines": []}, "AttendanceViewSet.export_csv": {"executed_lines": [], "summary": {"covered_lines": 0, "num_statements": 23, "percent_covered": 0.0, "percent_covered_display": "0", "missing_lines": 23, "excluded_lines": 0}, "missing_lines": [473, 474, 477, 478, 479, 482, 485, 486, 487, 488, 489, 492, 495, 497, 498, 502, 503, 507, 509, 531, 532, 533, 534], "excluded_lines": []}, "AttendanceViewSet.export_csv.Echo.write": {"executed_lines": [], "summary": {"covered_lines": 0, "num_statements": 1, "percent_covered": 0.0, "percent_covered_display": "0", "missing_lines": 1, "excluded_lines": 0}, "missing_lines": [499], "excluded_lines": []}, "AttendanceViewSet.export_csv.stream_attendance": {"executed_lines": [], "summary": {"covered_lines": 0, "num_statements": 7, "percent_covered": 0.0, "percent_covered_display": "0", "missing_lines": 7, "excluded_lines": 0}, "missing_lines": [510, 511, 512, 515, 520, 521, 522], "excluded_lines": []}, "AttendanceReportViewSet.get_queryset": {"executed_lines": [], "summary": {"covered_lines": 0, "num_statements": 4, "percent_covered": 0.0, "percent_covered_display": "0", "missing_lines": 4, "excluded_lines": 0}, "missing_lines": [546, 547, 548, 549], "excluded_lines": []}, "AttendanceReportViewSet.generate_report": {"executed_lines": [], "summary": {"covered_lines": 0, "num_statements": 23, "percent_covered": 0.0, "percent_covered_display": "0", "missing_lines": 23, "excluded_lines": 0}, "missing_lines": [554, 555, 557, 558, 562, 563, 564, 565, 566, 567, 568, 569, 571, 573, 574, 577, 583, 584, 585, 587, 590, 605, 606], "excluded_lines": []}, "": {"executed_lines": [], "summary": {"covered_lines": 0, "num_statements": 44, "percent_covered": 0.0, "percent_covered_display": "0", "missing_lines": 44, "excluded_lines": 0}, "missing_lines": [3, 4, 5, 6, 7, 8, 9, 13, 14, 15, 16, 17, 18, 19, 20, 21, 24, 27, 28, 29, 31, 40, 67, 157, 158, 229, 230, 344, 345, 374, 375, 420, 421, 434, 435, 470, 471, 537, 540, 541, 542, 544, 551, 552], "excluded_lines": []}}, "classes": {"AttendanceViewSet": {"executed_lines": [], "summary": {"covered_lines": 0, "num_statements": 206, "percent_covered": 0.0, "percent_covered_display": "0", "missing_lines": 206, "excluded_lines": 0}, "missing_lines": [33, 35, 38, 42, 43, 45, 46, 47, 48, 51, 52, 55, 56, 57, 58, 59, 65, 71, 72, 73, 75, 76, 77, 79, 80, 81, 82, 83, 85, 87, 89, 90, 93, 94, 95, 96, 97, 98, 99, 102, 103, 105, 114, 115, 117, 118, 120, 127, 129, 130, 131, 132, 133, 134, 136, 150, 153, 154, 155, 160, 161, 162, 164, 165, 168, 169, 171, 172, 173, 175, 176, 179, 180, 181, 182, 184, 185, 187, 195, 196, 201, 208, 210, 216, 217, 224, 226, 227, 232, 233, 235, 236, 238, 239, 241, 242, 243, 245, 248, 251, 252, 253, 255, 256, 261, 263, 264, 271, 278, 281, 284, 285, 286, 287, 289, 290, 292, 300, 303, 309, 313, 315, 321, 322, 331, 334, 340, 342, 347, 349, 350, 351, 352, 353, 354, 355, 357, 362, 363, 364, 365, 367, 377, 378, 380, 381, 383, 387, 404, 405, 406, 407, 409, 418, 423, 424, 428, 429, 430, 431, 437, 438, 440, 441, 445, 446, 448, 449, 450, 451, 453, 455, 456, 461, 462, 464, 473, 474, 477, 478, 479, 482, 485, 486, 487, 488, 489, 492, 495, 497, 498, 502, 503, 507, 509, 510, 511, 512, 515, 520, 521, 522, 531, 532, 533, 534], "excluded_lines": []}, "AttendanceViewSet.export_csv.Echo": {"executed_lines": [], "summary": {"covered_lines": 0, "num_statements": 1, "percent_covered": 0.0, "percent_covered_display": "0", "missing_lines": 1, "excluded_lines": 0}, "missing_lines": [499], "excluded_lines": []}, "AttendanceReportViewSet": {"executed_lines": [], "summary": {"covered_lines": 0, "num_statements": 27, "percent_covered": 0.0, "percent_covered_display": "0", "missing_lines": 27, "excluded_lines": 0}, "missing_lines": [546, 547, 548, 549, 554, 555, 557, 558, 562, 563, 564, 565, 566, 567, 568, 569, 571, 573, 574, 577, 583, 584, 585, 587, 590, 605, 606], "excluded_lines": []}, "": {"executed_lines": [], "summary": {"covered_lines": 0, "num_statements": 44, "percent_covered": 0.0, "percent_covered_display": "0", "missing_lines": 44, "excluded_lines": 0}, "missing_lines": [3, 4, 5, 6, 7, 8, 9, 13, 14, 15, 16, 17, 18, 19, 20, 21, 24, 27, 28, 29, 31, 40, 67, 157, 158, 229, 230, 344, 345, 374, 375, 420, 421, 434, 435, 470, 471, 537, 540, 541, 542, 544, 551, 552], "excluded_lines": []}}}, "apps/auth/__init__.py": {"executed_lines": [1], "summary": {"covered_lines": 0, "num_statements": 0, "percent_covered": 100.0, "percent_covered_display": "100", "missing_lines": 0, "excluded_lines": 0}, "missing_lines": [], "excluded_lines": [], "functions": {"": {"executed_lines": [1], "summary": {"covered_lines": 0, "num_statements": 0, "percent_covered": 100.0, "percent_covered_display": "100", "missing_lines": 0, "excluded_lines": 0}, "missing_lines": [], "excluded_lines": []}}, "classes": {"": {"executed_lines": [1], "summary": {"covered_lines": 0, "num_statements": 0, "percent_covered": 100.0, "percent_covered_display": "100", "missing_lines": 0, "excluded_lines": 0}, "missing_lines": [], "excluded_lines": []}}}, "apps/auth/admin.py": {"executed_lines": [1, 3, 4, 7, 8, 9, 10, 11, 12, 14], "summary": {"covered_lines": 9, "num_statements": 9, "percent_covered": 100.0, "percent_covered_display": "100", "missing_lines": 0, "excluded_lines": 0}, "missing_lines": [], "excluded_lines": [], "functions": {"": {"executed_lines": [1, 3, 4, 7, 8, 9, 10, 11, 12, 14], "summary": {"covered_lines": 9, "num_statements": 9, "percent_covered": 100.0, "percent_covered_display": "100", "missing_lines": 0, "excluded_lines": 0}, "missing_lines": [], "excluded_lines": []}}, "classes": {"UserAdmin": {"executed_lines": [], "summary": {"covered_lines": 0, "num_statements": 0, "percent_covered": 100.0, "percent_covered_display": "100", "missing_lines": 0, "excluded_lines": 0}, "missing_lines": [], "excluded_lines": []}, "": {"executed_lines": [1, 3, 4, 7, 8, 9, 10, 11, 12, 14], "summary": {"covered_lines": 9, "num_statements": 9, "percent_covered": 100.0, "percent_covered_display": "100", "missing_lines": 0, "excluded_lines": 0}, "missing_lines": [], "excluded_lines": []}}}, "apps/auth/apps.py": {"executed_lines": [1, 3, 6, 7, 8, 9], "summary": {"covered_lines": 5, "num_statements": 5, "percent_covered": 100.0, "percent_covered_display": "100", "missing_lines": 0, "excluded_lines": 0}, "missing_lines": [], "excluded_lines": [], "functions": {"": {"executed_lines": [1, 3, 6, 7, 8, 9], "summary": {"covered_lines": 5, "num_statements": 5, "percent_covered": 100.0, "percent_covered_display": "100", "missing_lines": 0, "excluded_lines": 0}, "missing_lines": [], "excluded_lines": []}}, "classes": {"AuthConfig": {"executed_lines": [], "summary": {"covered_lines": 0, "num_statements": 0, "percent_covered": 100.0, "percent_covered_display": "100", "missing_lines": 0, "excluded_lines": 0}, "missing_lines": [], "excluded_lines": []}, "": {"executed_lines": [1, 3, 6, 7, 8, 9], "summary": {"covered_lines": 5, "num_statements": 5, "percent_covered": 100.0, "percent_covered_display": "100", "missing_lines": 0, "excluded_lines": 0}, "missing_lines": [], "excluded_lines": []}}}, "apps/auth/migrations/0001_initial.py": {"executed_lines": [], "summary": {"covered_lines": 0, "num_statements": 8, "percent_covered": 0.0, "percent_covered_display": "0", "missing_lines": 8, "excluded_lines": 0}, "missing_lines": [3, 4, 5, 6, 9, 11, 13, 17], "excluded_lines": [], "functions": {"": {"executed_lines": [], "summary": {"covered_lines": 0, "num_statements": 8, "percent_covered": 0.0, "percent_covered_display": "0", "missing_lines": 8, "excluded_lines": 0}, "missing_lines": [3, 4, 5, 6, 9, 11, 13, 17], "excluded_lines": []}}, "classes": {"Migration": {"executed_lines": [], "summary": {"covered_lines": 0, "num_statements": 0, "percent_covered": 100.0, "percent_covered_display": "100", "missing_lines": 0, "excluded_lines": 0}, "missing_lines": [], "excluded_lines": []}, "": {"executed_lines": [], "summary": {"covered_lines": 0, "num_statements": 8, "percent_covered": 0.0, "percent_covered_display": "0", "missing_lines": 8, "excluded_lines": 0}, "missing_lines": [3, 4, 5, 6, 9, 11, 13, 17], "excluded_lines": []}}}, "apps/auth/migrations/0002_alter_user_role.py": {"executed_lines": [], "summary": {"covered_lines": 0, "num_statements": 4, "percent_covered": 0.0, "percent_covered_display": "0", "missing_lines": 4, "excluded_lines": 0}, "missing_lines": [3, 6, 7, 11], "excluded_lines": [], "functions": {"": {"executed_lines": [], "summary": {"covered_lines": 0, "num_statements": 4, "percent_covered": 0.0, "percent_covered_display": "0", "missing_lines": 4, "excluded_lines": 0}, "missing_lines": [3, 6, 7, 11], "excluded_lines": []}}, "classes": {"Migration": {"executed_lines": [], "summary": {"covered_lines": 0, "num_statements": 0, "percent_covered": 100.0, "percent_covered_display": "100", "missing_lines": 0, "excluded_lines": 0}, "missing_lines": [], "excluded_lines": []}, "": {"executed_lines": [], "summary": {"covered_lines": 0, "num_statements": 4, "percent_covered": 0.0, "percent_covered_display": "0", "missing_lines": 4, "excluded_lines": 0}, "missing_lines": [3, 6, 7, 11], "excluded_lines": []}}}, "apps/auth/migrations/0003_alter_user_role.py": {"executed_lines": [], "summary": {"covered_lines": 0, "num_statements": 4, "percent_covered": 0.0, "percent_covered_display": "0", "missing_lines": 4, "excluded_lines": 0}, "missing_lines": [3, 6, 7, 11], "excluded_lines": [], "functions": {"": {"executed_lines": [], "summary": {"covered_lines": 0, "num_statements": 4, "percent_covered": 0.0, "percent_covered_display": "0", "missing_lines": 4, "excluded_lines": 0}, "missing_lines": [3, 6, 7, 11], "excluded_lines": []}}, "classes": {"Migration": {"executed_lines": [], "summary": {"covered_lines": 0, "num_statements": 0, "percent_covered": 100.0, "percent_covered_display": "100", "missing_lines": 0, "excluded_lines": 0}, "missing_lines": [], "excluded_lines": []}, "": {"executed_lines": [], "summary": {"covered_lines": 0, "num_statements": 4, "percent_covered": 0.0, "percent_covered_display": "0", "missing_lines": 4, "excluded_lines": 0}, "missing_lines": [3, 6, 7, 11], "excluded_lines": []}}}, "apps/auth/migrations/0004_user_hostelconne_phone_n_bff5f1_idx_and_more.py": {"executed_lines": [], "summary": {"covered_lines": 0, "num_statements": 4, "percent_covered": 0.0, "percent_covered_display": "0", "missing_lines": 4, "excluded_lines": 0}, "missing_lines": [3, 6, 8, 12], "excluded_lines": [], "functions": {"": {"executed_lines": [], "summary": {"covered_lines": 0, "num_statements": 4, "percent_covered": 0.0, "percent_covered_display": "0", "missing_lines": 4, "excluded_lines": 0}, "missing_lines": [3, 6, 8, 12], "excluded_lines": []}}, "classes": {"Migration": {"executed_lines": [], "summary": {"covered_lines": 0, "num_statements": 0, "percent_covered": 100.0, "percent_covered_display": "100", "missing_lines": 0, "excluded_lines": 0}, "missing_lines": [], "excluded_lines": []}, "": {"executed_lines": [], "summary": {"covered_lines": 0, "num_statements": 4, "percent_covered": 0.0, "percent_covered_display": "0", "missing_lines": 4, "excluded_lines": 0}, "missing_lines": [3, 6, 8, 12], "excluded_lines": []}}}, "apps/auth/migrations/0005_user_is_password_changed.py": {"executed_lines": [], "summary": {"covered_lines": 0, "num_statements": 4, "percent_covered": 0.0, "percent_covered_display": "0", "missing_lines": 4, "excluded_lines": 0}, "missing_lines": [3, 6, 8, 12], "excluded_lines": [], "functions": {"": {"executed_lines": [], "summary": {"covered_lines": 0, "num_statements": 4, "percent_covered": 0.0, "percent_covered_display": "0", "missing_lines": 4, "excluded_lines": 0}, "missing_lines": [3, 6, 8, 12], "excluded_lines": []}}, "classes": {"Migration": {"executed_lines": [], "summary": {"covered_lines": 0, "num_statements": 0, "percent_covered": 100.0, "percent_covered_display": "100", "missing_lines": 0, "excluded_lines": 0}, "missing_lines": [], "excluded_lines": []}, "": {"executed_lines": [], "summary": {"covered_lines": 0, "num_statements": 4, "percent_covered": 0.0, "percent_covered_display": "0", "missing_lines": 4, "excluded_lines": 0}, "missing_lines": [3, 6, 8, 12], "excluded_lines": []}}}, "apps/auth/migrations/0006_alter_user_role.py": {"executed_lines": [], "summary": {"covered_lines": 0, "num_statements": 4, "percent_covered": 0.0, "percent_covered_display": "0", "missing_lines": 4, "excluded_lines": 0}, "missing_lines": [3, 6, 8, 12], "excluded_lines": [], "functions": {"": {"executed_lines": [], "summary": {"covered_lines": 0, "num_statements": 4, "percent_covered": 0.0, "percent_covered_display": "0", "missing_lines": 4, "excluded_lines": 0}, "missing_lines": [3, 6, 8, 12], "excluded_lines": []}}, "classes": {"Migration": {"executed_lines": [], "summary": {"covered_lines": 0, "num_statements": 0, "percent_covered": 100.0, "percent_covered_display": "100", "missing_lines": 0, "excluded_lines": 0}, "missing_lines": [], "excluded_lines": []}, "": {"executed_lines": [], "summary": {"covered_lines": 0, "num_statements": 4, "percent_covered": 0.0, "percent_covered_display": "0", "missing_lines": 4, "excluded_lines": 0}, "missing_lines": [3, 6, 8, 12], "excluded_lines": []}}}, "apps/auth/migrations/__init__.py": {"executed_lines": [], "summary": {"covered_lines": 0, "num_statements": 0, "percent_covered": 100.0, "percent_covered_display": "100", "missing_lines": 0, "excluded_lines": 0}, "missing_lines": [], "excluded_lines": [], "functions": {"": {"executed_lines": [], "summary": {"covered_lines": 0, "num_statements": 0, "percent_covered": 100.0, "percent_covered_display": "100", "missing_lines": 0, "excluded_lines": 0}, "missing_lines": [], "excluded_lines": []}}, "classes": {"": {"executed_lines": [], "summary": {"covered_lines": 0, "num_statements": 0, "percent_covered": 100.0, "percent_covered_display": "100", "missing_lines": 0, "excluded_lines": 0}, "missing_lines": [], "excluded_lines": []}}}, "apps/auth/models.py": {"executed_lines": [1, 3, 4, 5, 8, 9, 11, 24, 25, 26, 27, 28, 29, 30, 32, 33, 34, 35, 40, 46, 61], "summary": {"covered_lines": 19, "num_statements": 34, "percent_covered": 55.88235294117647, "percent_covered_display": "56", "missing_lines": 15, "excluded_lines": 0}, "missing_lines": [42, 43, 44, 48, 49, 51, 52, 53, 54, 57, 58, 59, 62, 63, 64], "excluded_lines": [], "functions": {"User.clean": {"executed_lines": [], "summary": {"covered_lines": 0, "num_statements": 3, "percent_covered": 0.0, "percent_covered_display": "0", "missing_lines": 3, "excluded_lines": 0}, "missing_lines": [42, 43, 44], "excluded_lines": []}, "User.save": {"executed_lines": [], "summary": {"covered_lines": 0, "num_statements": 9, "percent_covered": 0.0, "percent_covered_display": "0", "missing_lines": 9, "excluded_lines": 0}, "missing_lines": [48, 49, 51, 52, 53, 54, 57, 58, 59], "excluded_lines": []}, "User.__str__": {"executed_lines": [], "summary": {"covered_lines": 0, "num_statements": 3, "percent_covered": 0.0, "percent_covered_display": "0", "missing_lines": 3, "excluded_lines": 0}, "missing_lines": [62, 63, 64], "excluded_lines": []}, "": {"executed_lines": [1, 3, 4, 5, 8, 9, 11, 24, 25, 26, 27, 28, 29, 30, 32, 33, 34, 35, 40, 46, 61], "summary": {"covered_lines": 19, "num_statements": 19, "percent_covered": 100.0, "percent_covered_display": "100", "missing_lines": 0, "excluded_lines": 0}, "missing_lines": [], "excluded_lines": []}}, "classes": {"User": {"executed_lines": [], "summary": {"covered_lines": 0, "num_statements": 15, "percent_covered": 0.0, "percent_covered_display": "0", "missing_lines": 15, "excluded_lines": 0}, "missing_lines": [42, 43, 44, 48, 49, 51, 52, 53, 54, 57, 58, 59, 62, 63, 64], "excluded_lines": []}, "User.Meta": {"executed_lines": [], "summary": {"covered_lines": 0, "num_statements": 0, "percent_covered": 100.0, "percent_covered_display": "100", "missing_lines": 0, "excluded_lines": 0}, "missing_lines": [], "excluded_lines": []}, "": {"executed_lines": [1, 3, 4, 5, 8, 9, 11, 24, 25, 26, 27, 28, 29, 30, 32, 33, 34, 35, 40, 46, 61], "summary": {"covered_lines": 19, "num_statements": 19, "percent_covered": 100.0, "percent_covered_display": "100", "missing_lines": 0, "excluded_lines": 0}, "missing_lines": [], "excluded_lines": []}}}, "apps/auth/redis_otp_store.py": {"executed_lines": [], "summary": {"covered_lines": 0, "num_statements": 25, "percent_covered": 0.0, "percent_covered_display": "0", "missing_lines": 25, "excluded_lines": 0}, "missing_lines": [6, 7, 8, 9, 10, 12, 13, 14, 21, 23, 24, 26, 34, 40, 42, 43, 45, 46, 47, 49, 51, 52, 54, 56, 57], "excluded_lines": [], "functions": {"RedisOTPStore.__init__": {"executed_lines": [], "summary": {"covered_lines": 0, "num_statements": 1, "percent_covered": 0.0, "percent_covered_display": "0", "missing_lines": 1, "excluded_lines": 0}, "missing_lines": [14], "excluded_lines": []}, "RedisOTPStore.store_otp": {"executed_lines": [], "summary": {"covered_lines": 0, "num_statements": 4, "percent_covered": 0.0, "percent_covered_display": "0", "missing_lines": 4, "excluded_lines": 0}, "missing_lines": [23, 24, 26, 34], "excluded_lines": []}, "RedisOTPStore.get_otp": {"executed_lines": [], "summary": {"covered_lines": 0, "num_statements": 5, "percent_covered": 0.0, "percent_covered_display": "0", "missing_lines": 5, "excluded_lines": 0}, "missing_lines": [42, 43, 45, 46, 47], "excluded_lines": []}, "RedisOTPStore.delete_otp": {"executed_lines": [], "summary": {"covered_lines": 0, "num_statements": 2, "percent_covered": 0.0, "percent_covered_display": "0", "missing_lines": 2, "excluded_lines": 0}, "missing_lines": [51, 52], "excluded_lines": []}, "RedisOTPStore.exists": {"executed_lines": [], "summary": {"covered_lines": 0, "num_statements": 2, "percent_covered": 0.0, "percent_covered_display": "0", "missing_lines": 2, "excluded_lines": 0}, "missing_lines": [56, 57], "excluded_lines": []}, "": {"executed_lines": [], "summary": {"covered_lines": 0, "num_statements": 11, "percent_covered": 0.0, "percent_covered_display": "0", "missing_lines": 11, "excluded_lines": 0}, "missing_lines": [6, 7, 8, 9, 10, 12, 13, 21, 40, 49, 54], "excluded_lines": []}}, "classes": {"RedisOTPStore": {"executed_lines": [], "summary": {"covered_lines": 0, "num_statements": 14, "percent_covered": 0.0, "percent_covered_display": "0", "missing_lines": 14, "excluded_lines": 0}, "missing_lines": [14, 23, 24, 26, 34, 42, 43, 45, 46, 47, 51, 52, 56, 57], "excluded_lines": []}, "": {"executed_lines": [], "summary": {"covered_lines": 0, "num_statements": 11, "percent_covered": 0.0, "percent_covered_display": "0", "missing_lines": 11, "excluded_lines": 0}, "missing_lines": [6, 7, 8, 9, 10, 12, 13, 21, 40, 49, 54], "excluded_lines": []}}}, "apps/auth/serializers.py": {"executed_lines": [], "summary": {"covered_lines": 0, "num_statements": 209, "percent_covered": 0.0, "percent_covered_display": "0", "missing_lines": 209, "excluded_lines": 0}, "missing_lines": [3, 4, 5, 6, 7, 8, 9, 10, 13, 15, 16, 17, 18, 19, 20, 21, 23, 24, 25, 31, 32, 36, 38, 39, 41, 43, 45, 47, 48, 49, 51, 52, 53, 54, 56, 57, 58, 59, 62, 64, 65, 66, 67, 68, 69, 70, 72, 73, 74, 80, 82, 84, 85, 87, 89, 91, 93, 94, 95, 97, 98, 99, 100, 102, 103, 104, 105, 108, 111, 112, 113, 114, 117, 118, 119, 120, 121, 122, 124, 125, 127, 128, 129, 137, 146, 148, 149, 150, 151, 153, 155, 156, 157, 158, 160, 162, 163, 165, 166, 170, 172, 174, 177, 178, 179, 180, 181, 182, 184, 185, 187, 188, 189, 191, 200, 201, 202, 203, 206, 219, 222, 225, 226, 227, 228, 229, 231, 232, 233, 238, 245, 246, 247, 248, 249, 251, 252, 253, 254, 255, 257, 259, 260, 262, 263, 264, 266, 267, 268, 270, 271, 272, 273, 276, 278, 281, 294, 295, 296, 298, 301, 304, 305, 306, 309, 310, 312, 315, 318, 319, 320, 322, 324, 325, 326, 327, 328, 331, 334, 336, 338, 340, 341, 343, 344, 345, 347, 349, 351, 353, 358, 359, 360, 363, 364, 365, 366, 367, 368, 369, 370, 371, 372, 373, 374, 375, 377, 379, 380], "excluded_lines": [], "functions": {"UserSerializer.get_name": {"executed_lines": [], "summary": {"covered_lines": 0, "num_statements": 2, "percent_covered": 0.0, "percent_covered_display": "0", "missing_lines": 2, "excluded_lines": 0}, "missing_lines": [38, 39], "excluded_lines": []}, "UserSerializer.get_role": {"executed_lines": [], "summary": {"covered_lines": 0, "num_statements": 1, "percent_covered": 0.0, "percent_covered_display": "0", "missing_lines": 1, "excluded_lines": 0}, "missing_lines": [43], "excluded_lines": []}, "UserSerializer.get_is_student_hr": {"executed_lines": [], "summary": {"covered_lines": 0, "num_statements": 3, "percent_covered": 0.0, "percent_covered_display": "0", "missing_lines": 3, "excluded_lines": 0}, "missing_lines": [47, 48, 49], "excluded_lines": []}, "UserSerializer.get_risk_status": {"executed_lines": [], "summary": {"covered_lines": 0, "num_statements": 3, "percent_covered": 0.0, "percent_covered_display": "0", "missing_lines": 3, "excluded_lines": 0}, "missing_lines": [52, 53, 54], "excluded_lines": []}, "UserSerializer.get_risk_score": {"executed_lines": [], "summary": {"covered_lines": 0, "num_statements": 3, "percent_covered": 0.0, "percent_covered_display": "0", "missing_lines": 3, "excluded_lines": 0}, "missing_lines": [57, 58, 59], "excluded_lines": []}, "UserDetailSerializer.get_name": {"executed_lines": [], "summary": {"covered_lines": 0, "num_statements": 2, "percent_covered": 0.0, "percent_covered_display": "0", "missing_lines": 2, "excluded_lines": 0}, "missing_lines": [84, 85], "excluded_lines": []}, "UserDetailSerializer.get_role": {"executed_lines": [], "summary": {"covered_lines": 0, "num_statements": 1, "percent_covered": 0.0, "percent_covered_display": "0", "missing_lines": 1, "excluded_lines": 0}, "missing_lines": [89], "excluded_lines": []}, "UserDetailSerializer.get_is_student_hr": {"executed_lines": [], "summary": {"covered_lines": 0, "num_statements": 3, "percent_covered": 0.0, "percent_covered_display": "0", "missing_lines": 3, "excluded_lines": 0}, "missing_lines": [93, 94, 95], "excluded_lines": []}, "UserDetailSerializer.get_risk_status": {"executed_lines": [], "summary": {"covered_lines": 0, "num_statements": 3, "percent_covered": 0.0, "percent_covered_display": "0", "missing_lines": 3, "excluded_lines": 0}, "missing_lines": [98, 99, 100], "excluded_lines": []}, "UserDetailSerializer.get_risk_score": {"executed_lines": [], "summary": {"covered_lines": 0, "num_statements": 3, "percent_covered": 0.0, "percent_covered_display": "0", "missing_lines": 3, "excluded_lines": 0}, "missing_lines": [103, 104, 105], "excluded_lines": []}, "UserCreateSerializer.validate_hall_ticket": {"executed_lines": [], "summary": {"covered_lines": 0, "num_statements": 4, "percent_covered": 0.0, "percent_covered_display": "0", "missing_lines": 4, "excluded_lines": 0}, "missing_lines": [148, 149, 150, 151], "excluded_lines": []}, "UserCreateSerializer.validate_college_code": {"executed_lines": [], "summary": {"covered_lines": 0, "num_statements": 4, "percent_covered": 0.0, "percent_covered_display": "0", "missing_lines": 4, "excluded_lines": 0}, "missing_lines": [155, 156, 157, 158], "excluded_lines": []}, "UserCreateSerializer.validate": {"executed_lines": [], "summary": {"covered_lines": 0, "num_statements": 5, "percent_covered": 0.0, "percent_covered_display": "0", "missing_lines": 5, "excluded_lines": 0}, "missing_lines": [162, 163, 165, 166, 170], "excluded_lines": []}, "UserCreateSerializer.create": {"executed_lines": [], "summary": {"covered_lines": 0, "num_statements": 19, "percent_covered": 0.0, "percent_covered_display": "0", "missing_lines": 19, "excluded_lines": 0}, "missing_lines": [174, 177, 178, 179, 180, 181, 182, 184, 185, 187, 188, 189, 191, 200, 201, 202, 203, 206, 219], "excluded_lines": []}, "AdminUserCreateSerializer.validate_username": {"executed_lines": [], "summary": {"covered_lines": 0, "num_statements": 4, "percent_covered": 0.0, "percent_covered_display": "0", "missing_lines": 4, "excluded_lines": 0}, "missing_lines": [246, 247, 248, 249], "excluded_lines": []}, "AdminUserCreateSerializer.validate_email": {"executed_lines": [], "summary": {"covered_lines": 0, "num_statements": 4, "percent_covered": 0.0, "percent_covered_display": "0", "missing_lines": 4, "excluded_lines": 0}, "missing_lines": [252, 253, 254, 255], "excluded_lines": []}, "AdminUserCreateSerializer.validate": {"executed_lines": [], "summary": {"covered_lines": 0, "num_statements": 8, "percent_covered": 0.0, "percent_covered_display": "0", "missing_lines": 8, "excluded_lines": 0}, "missing_lines": [259, 260, 262, 263, 264, 266, 267, 268], "excluded_lines": []}, "AdminUserCreateSerializer.create": {"executed_lines": [], "summary": {"covered_lines": 0, "num_statements": 10, "percent_covered": 0.0, "percent_covered_display": "0", "missing_lines": 10, "excluded_lines": 0}, "missing_lines": [271, 272, 273, 276, 278, 281, 294, 295, 296, 298], "excluded_lines": []}, "CustomTokenObtainPairSerializer.get_token": {"executed_lines": [], "summary": {"covered_lines": 0, "num_statements": 4, "percent_covered": 0.0, "percent_covered_display": "0", "missing_lines": 4, "excluded_lines": 0}, "missing_lines": [306, 309, 310, 312], "excluded_lines": []}, "LoginSerializer.validate": {"executed_lines": [], "summary": {"covered_lines": 0, "num_statements": 37, "percent_covered": 0.0, "percent_covered_display": "0", "missing_lines": 37, "excluded_lines": 0}, "missing_lines": [324, 325, 326, 327, 328, 331, 334, 336, 338, 340, 341, 343, 344, 345, 347, 349, 351, 353, 358, 359, 360, 363, 364, 365, 366, 367, 368, 369, 370, 371, 372, 373, 374, 375, 377, 379, 380], "excluded_lines": []}, "": {"executed_lines": [], "summary": {"covered_lines": 0, "num_statements": 86, "percent_covered": 0.0, "percent_covered_display": "0", "missing_lines": 86, "excluded_lines": 0}, "missing_lines": [3, 4, 5, 6, 7, 8, 9, 10, 13, 15, 16, 17, 18, 19, 20, 21, 23, 24, 25, 31, 32, 36, 41, 45, 51, 56, 62, 64, 65, 66, 67, 68, 69, 70, 72, 73, 74, 80, 82, 87, 91, 97, 102, 108, 111, 112, 113, 114, 117, 118, 119, 120, 121, 122, 124, 125, 127, 128, 129, 137, 146, 153, 160, 172, 222, 225, 226, 227, 228, 229, 231, 232, 233, 238, 245, 251, 257, 270, 301, 304, 305, 315, 318, 319, 320, 322], "excluded_lines": []}}, "classes": {"UserSerializer": {"executed_lines": [], "summary": {"covered_lines": 0, "num_statements": 12, "percent_covered": 0.0, "percent_covered_display": "0", "missing_lines": 12, "excluded_lines": 0}, "missing_lines": [38, 39, 43, 47, 48, 49, 52, 53, 54, 57, 58, 59], "excluded_lines": []}, "UserSerializer.Meta": {"executed_lines": [], "summary": {"covered_lines": 0, "num_statements": 0, "percent_covered": 100.0, "percent_covered_display": "100", "missing_lines": 0, "excluded_lines": 0}, "missing_lines": [], "excluded_lines": []}, "UserDetailSerializer": {"executed_lines": [], "summary": {"covered_lines": 0, "num_statements": 12, "percent_covered": 0.0, "percent_covered_display": "0", "missing_lines": 12, "excluded_lines": 0}, "missing_lines": [84, 85, 89, 93, 94, 95, 98, 99, 100, 103, 104, 105], "excluded_lines": []}, "UserDetailSerializer.Meta": {"executed_lines": [], "summary": {"covered_lines": 0, "num_statements": 0, "percent_covered": 100.0, "percent_covered_display": "100", "missing_lines": 0, "excluded_lines": 0}, "missing_lines": [], "excluded_lines": []}, "UserCreateSerializer": {"executed_lines": [], "summary": {"covered_lines": 0, "num_statements": 32, "percent_covered": 0.0, "percent_covered_display": "0", "missing_lines": 32, "excluded_lines": 0}, "missing_lines": [148, 149, 150, 151, 155, 156, 157, 158, 162, 163, 165, 166, 170, 174, 177, 178, 179, 180, 181, 182, 184, 185, 187, 188, 189, 191, 200, 201, 202, 203, 206, 219], "excluded_lines": []}, "UserCreateSerializer.Meta": {"executed_lines": [], "summary": {"covered_lines": 0, "num_statements": 0, "percent_covered": 100.0, "percent_covered_display": "100", "missing_lines": 0, "excluded_lines": 0}, "missing_lines": [], "excluded_lines": []}, "AdminUserCreateSerializer": {"executed_lines": [], "summary": {"covered_lines": 0, "num_statements": 26, "percent_covered": 0.0, "percent_covered_display": "0", "missing_lines": 26, "excluded_lines": 0}, "missing_lines": [246, 247, 248, 249, 252, 253, 254, 255, 259, 260, 262, 263, 264, 266, 267, 268, 271, 272, 273, 276, 278, 281, 294, 295, 296, 298], "excluded_lines": []}, "AdminUserCreateSerializer.Meta": {"executed_lines": [], "summary": {"covered_lines": 0, "num_statements": 0, "percent_covered": 100.0, "percent_covered_display": "100", "missing_lines": 0, "excluded_lines": 0}, "missing_lines": [], "excluded_lines": []}, "CustomTokenObtainPairSerializer": {"executed_lines": [], "summary": {"covered_lines": 0, "num_statements": 4, "percent_covered": 0.0, "percent_covered_display": "0", "missing_lines": 4, "excluded_lines": 0}, "missing_lines": [306, 309, 310, 312], "excluded_lines": []}, "LoginSerializer": {"executed_lines": [], "summary": {"covered_lines": 0, "num_statements": 37, "percent_covered": 0.0, "percent_covered_display": "0", "missing_lines": 37, "excluded_lines": 0}, "missing_lines": [324, 325, 326, 327, 328, 331, 334, 336, 338, 340, 341, 343, 344, 345, 347, 349, 351, 353, 358, 359, 360, 363, 364, 365, 366, 367, 368, 369, 370, 371, 372, 373, 374, 375, 377, 379, 380], "excluded_lines": []}, "": {"executed_lines": [], "summary": {"covered_lines": 0, "num_statements": 86, "percent_covered": 0.0, "percent_covered_display": "0", "missing_lines": 86, "excluded_lines": 0}, "missing_lines": [3, 4, 5, 6, 7, 8, 9, 10, 13, 15, 16, 17, 18, 19, 20, 21, 23, 24, 25, 31, 32, 36, 41, 45, 51, 56, 62, 64, 65, 66, 67, 68, 69, 70, 72, 73, 74, 80, 82, 87, 91, 97, 102, 108, 111, 112, 113, 114, 117, 118, 119, 120, 121, 122, 124, 125, 127, 128, 129, 137, 146, 153, 160, 172, 222, 225, 226, 227, 228, 229, 231, 232, 233, 238, 245, 251, 257, 270, 301, 304, 305, 315, 318, 319, 320, 322], "excluded_lines": []}}}, "apps/auth/tests.py": {"executed_lines": [], "summary": {"covered_lines": 0, "num_statements": 66, "percent_covered": 0.0, "percent_covered_display": "0", "missing_lines": 66, "excluded_lines": 0}, "missing_lines": [5, 6, 7, 8, 9, 10, 11, 13, 16, 17, 20, 22, 24, 25, 27, 37, 39, 50, 51, 52, 53, 55, 58, 61, 66, 67, 69, 71, 73, 78, 80, 82, 86, 88, 90, 91, 93, 97, 98, 100, 102, 104, 106, 108, 109, 110, 114, 115, 117, 119, 121, 123, 129, 130, 133, 136, 137, 144, 146, 151, 152, 154, 156, 160, 161, 162], "excluded_lines": [], "functions": {"TestAuthentication.setup_method": {"executed_lines": [], "summary": {"covered_lines": 0, "num_statements": 4, "percent_covered": 0.0, "percent_covered_display": "0", "missing_lines": 4, "excluded_lines": 0}, "missing_lines": [22, 24, 25, 27], "excluded_lines": []}, "TestAuthentication.test_user_registration": {"executed_lines": [], "summary": {"covered_lines": 0, "num_statements": 5, "percent_covered": 0.0, "percent_covered_display": "0", "missing_lines": 5, "excluded_lines": 0}, "missing_lines": [39, 50, 51, 52, 53], "excluded_lines": []}, "TestAuthentication.test_user_login_success": {"executed_lines": [], "summary": {"covered_lines": 0, "num_statements": 4, "percent_covered": 0.0, "percent_covered_display": "0", "missing_lines": 4, "excluded_lines": 0}, "missing_lines": [58, 61, 66, 67], "excluded_lines": []}, "TestAuthentication.test_user_login_invalid_credentials": {"executed_lines": [], "summary": {"covered_lines": 0, "num_statements": 3, "percent_covered": 0.0, "percent_covered_display": "0", "missing_lines": 3, "excluded_lines": 0}, "missing_lines": [71, 73, 78], "excluded_lines": []}, "TestAuthentication.test_login_missing_fields": {"executed_lines": [], "summary": {"covered_lines": 0, "num_statements": 2, "percent_covered": 0.0, "percent_covered_display": "0", "missing_lines": 2, "excluded_lines": 0}, "missing_lines": [82, 86], "excluded_lines": []}, "TestAuthentication.test_token_refresh": {"executed_lines": [], "summary": {"covered_lines": 0, "num_statements": 5, "percent_covered": 0.0, "percent_covered_display": "0", "missing_lines": 5, "excluded_lines": 0}, "missing_lines": [90, 91, 93, 97, 98], "excluded_lines": []}, "TestAuthentication.test_protected_endpoint_without_token": {"executed_lines": [], "summary": {"covered_lines": 0, "num_statements": 2, "percent_covered": 0.0, "percent_covered_display": "0", "missing_lines": 2, "excluded_lines": 0}, "missing_lines": [102, 104], "excluded_lines": []}, "TestAuthentication.test_protected_endpoint_with_token": {"executed_lines": [], "summary": {"covered_lines": 0, "num_statements": 6, "percent_covered": 0.0, "percent_covered_display": "0", "missing_lines": 6, "excluded_lines": 0}, "missing_lines": [108, 109, 110, 114, 115, 117], "excluded_lines": []}, "TestAuthentication.test_registration_duplicate_username": {"executed_lines": [], "summary": {"covered_lines": 0, "num_statements": 4, "percent_covered": 0.0, "percent_covered_display": "0", "missing_lines": 4, "excluded_lines": 0}, "missing_lines": [121, 123, 129, 130], "excluded_lines": []}, "LoginSerializerTestCase.setUp": {"executed_lines": [], "summary": {"covered_lines": 0, "num_statements": 1, "percent_covered": 0.0, "percent_covered_display": "0", "missing_lines": 1, "excluded_lines": 0}, "missing_lines": [137], "excluded_lines": []}, "LoginSerializerTestCase.test_valid_credentials": {"executed_lines": [], "summary": {"covered_lines": 0, "num_statements": 3, "percent_covered": 0.0, "percent_covered_display": "0", "missing_lines": 3, "excluded_lines": 0}, "missing_lines": [146, 151, 152], "excluded_lines": []}, "LoginSerializerTestCase.test_invalid_credentials": {"executed_lines": [], "summary": {"covered_lines": 0, "num_statements": 4, "percent_covered": 0.0, "percent_covered_display": "0", "missing_lines": 4, "excluded_lines": 0}, "missing_lines": [156, 160, 161, 162], "excluded_lines": []}, "": {"executed_lines": [], "summary": {"covered_lines": 0, "num_statements": 23, "percent_covered": 0.0, "percent_covered_display": "0", "missing_lines": 23, "excluded_lines": 0}, "missing_lines": [5, 6, 7, 8, 9, 10, 11, 13, 16, 17, 20, 37, 55, 69, 80, 88, 100, 106, 119, 133, 136, 144, 154], "excluded_lines": []}}, "classes": {"TestAuthentication": {"executed_lines": [], "summary": {"covered_lines": 0, "num_statements": 35, "percent_covered": 0.0, "percent_covered_display": "0", "missing_lines": 35, "excluded_lines": 0}, "missing_lines": [22, 24, 25, 27, 39, 50, 51, 52, 53, 58, 61, 66, 67, 71, 73, 78, 82, 86, 90, 91, 93, 97, 98, 102, 104, 108, 109, 110, 114, 115, 117, 121, 123, 129, 130], "excluded_lines": []}, "LoginSerializerTestCase": {"executed_lines": [], "summary": {"covered_lines": 0, "num_statements": 8, "percent_covered": 0.0, "percent_covered_display": "0", "missing_lines": 8, "excluded_lines": 0}, "missing_lines": [137, 146, 151, 152, 156, 160, 161, 162], "excluded_lines": []}, "": {"executed_lines": [], "summary": {"covered_lines": 0, "num_statements": 23, "percent_covered": 0.0, "percent_covered_display": "0", "missing_lines": 23, "excluded_lines": 0}, "missing_lines": [5, 6, 7, 8, 9, 10, 11, 13, 16, 17, 20, 37, 55, 69, 80, 88, 100, 106, 119, 133, 136, 144, 154], "excluded_lines": []}}}, "apps/auth/urls.py": {"executed_lines": [], "summary": {"covered_lines": 0, "num_statements": 7, "percent_covered": 0.0, "percent_covered_display": "0", "missing_lines": 7, "excluded_lines": 0}, "missing_lines": [3, 4, 5, 6, 8, 9, 11], "excluded_lines": [], "functions": {"": {"executed_lines": [], "summary": {"covered_lines": 0, "num_statements": 7, "percent_covered": 0.0, "percent_covered_display": "0", "missing_lines": 7, "excluded_lines": 0}, "missing_lines": [3, 4, 5, 6, 8, 9, 11], "excluded_lines": []}}, "classes": {"": {"executed_lines": [], "summary": {"covered_lines": 0, "num_statements": 7, "percent_covered": 0.0, "percent_covered_display": "0", "missing_lines": 7, "excluded_lines": 0}, "missing_lines": [3, 4, 5, 6, 8, 9, 11], "excluded_lines": []}}}, "apps/auth/urls_password_reset.py": {"executed_lines": [], "summary": {"covered_lines": 0, "num_statements": 3, "percent_covered": 0.0, "percent_covered_display": "0", "missing_lines": 3, "excluded_lines": 0}, "missing_lines": [1, 2, 9], "excluded_lines": [], "functions": {"": {"executed_lines": [], "summary": {"covered_lines": 0, "num_statements": 3, "percent_covered": 0.0, "percent_covered_display": "0", "missing_lines": 3, "excluded_lines": 0}, "missing_lines": [1, 2, 9], "excluded_lines": []}}, "classes": {"": {"executed_lines": [], "summary": {"covered_lines": 0, "num_statements": 3, "percent_covered": 0.0, "percent_covered_display": "0", "missing_lines": 3, "excluded_lines": 0}, "missing_lines": [1, 2, 9], "excluded_lines": []}}}, "apps/auth/views.py": {"executed_lines": [], "summary": {"covered_lines": 0, "num_statements": 431, "percent_covered": 0.0, "percent_covered_display": "0", "missing_lines": 431, "excluded_lines": 0}, "missing_lines": [3, 4, 5, 7, 8, 9, 10, 11, 12, 13, 14, 15, 16, 17, 19, 20, 28, 33, 35, 37, 40, 42, 45, 48, 49, 50, 52, 54, 55, 57, 59, 60, 61, 62, 63, 64, 65, 66, 67, 70, 72, 82, 83, 93, 96, 99, 100, 101, 103, 105, 106, 108, 111, 113, 122, 123, 133, 136, 137, 138, 139, 140, 141, 142, 143, 144, 145, 146, 147, 148, 149, 150, 151, 152, 153, 155, 159, 160, 162, 163, 164, 165, 167, 168, 169, 170, 171, 172, 173, 175, 176, 179, 180, 183, 184, 185, 199, 206, 207, 210, 212, 213, 216, 222, 226, 227, 229, 230, 231, 232, 234, 235, 237, 238, 239, 241, 242, 243, 244, 245, 247, 248, 249, 250, 251, 253, 256, 259, 260, 262, 263, 266, 269, 270, 271, 272, 274, 281, 283, 285, 286, 288, 294, 295, 297, 299, 302, 304, 311, 312, 316, 318, 319, 322, 323, 325, 326, 328, 329, 331, 332, 335, 337, 338, 341, 342, 345, 346, 347, 349, 351, 353, 355, 356, 358, 359, 360, 361, 363, 370, 371, 373, 375, 376, 377, 378, 379, 380, 382, 386, 388, 395, 396, 398, 400, 401, 402, 403, 404, 405, 407, 411, 413, 414, 416, 417, 418, 419, 420, 422, 423, 425, 426, 428, 429, 431, 432, 433, 434, 436, 437, 441, 442, 447, 448, 453, 454, 455, 457, 461, 462, 467, 468, 470, 472, 474, 475, 476, 478, 483, 484, 486, 487, 489, 490, 493, 494, 496, 501, 502, 507, 508, 509, 510, 512, 513, 514, 516, 517, 518, 520, 522, 523, 524, 527, 541, 542, 543, 545, 546, 547, 548, 550, 553, 554, 556, 557, 558, 559, 560, 562, 563, 564, 565, 567, 568, 569, 570, 572, 573, 574, 576, 577, 578, 579, 581, 582, 585, 586, 587, 588, 589, 591, 592, 593, 594, 595, 597, 620, 622, 624, 625, 626, 627, 629, 631, 632, 633, 635, 636, 637, 638, 640, 653, 654, 657, 672, 673, 674, 676, 680, 682, 684, 686, 687, 689, 695, 696, 698, 700, 701, 703, 704, 709, 714, 716, 721, 722, 724, 725, 726, 727, 729, 731, 733, 734, 735, 736, 739, 743, 744, 745, 748, 749, 750, 751, 752, 754, 755, 756, 759, 760, 761, 764, 766, 768, 769, 771, 773, 787, 822, 823, 831, 832, 833, 834, 835, 838, 842, 843, 845, 846, 847, 848, 850, 851, 853, 854, 856, 857, 859, 860, 862, 863, 865, 867, 868, 869, 871, 872, 873, 876, 877, 878, 879, 882, 884, 887, 892, 893, 895, 897, 899, 900, 901, 902, 903, 904, 906, 910, 911], "excluded_lines": [], "functions": {"LoginView.post": {"executed_lines": [], "summary": {"covered_lines": 0, "num_statements": 17, "percent_covered": 0.0, "percent_covered_display": "0", "missing_lines": 17, "excluded_lines": 0}, "missing_lines": [54, 55, 57, 59, 60, 61, 62, 63, 64, 65, 66, 67, 70, 72, 82, 83, 93], "excluded_lines": []}, "RegisterView.create": {"executed_lines": [], "summary": {"covered_lines": 0, "num_statements": 8, "percent_covered": 0.0, "percent_covered_display": "0", "missing_lines": 8, "excluded_lines": 0}, "missing_lines": [105, 106, 108, 111, 113, 122, 123, 133], "excluded_lines": []}, "SetupAdminView.get": {"executed_lines": [], "summary": {"covered_lines": 0, "num_statements": 15, "percent_covered": 0.0, "percent_covered_display": "0", "missing_lines": 15, "excluded_lines": 0}, "missing_lines": [139, 140, 141, 142, 143, 144, 145, 146, 147, 148, 149, 150, 151, 152, 153], "excluded_lines": []}, "RequestPasswordResetView.post": {"executed_lines": [], "summary": {"covered_lines": 0, "num_statements": 24, "percent_covered": 0.0, "percent_covered_display": "0", "missing_lines": 24, "excluded_lines": 0}, "missing_lines": [163, 164, 165, 167, 168, 169, 170, 171, 172, 173, 175, 176, 179, 180, 183, 184, 185, 199, 206, 207, 210, 212, 213, 216], "excluded_lines": []}, "PasswordResetConfirmView.post": {"executed_lines": [], "summary": {"covered_lines": 0, "num_statements": 19, "percent_covered": 0.0, "percent_covered_display": "0", "missing_lines": 19, "excluded_lines": 0}, "missing_lines": [230, 231, 232, 234, 235, 237, 238, 239, 241, 242, 243, 244, 245, 247, 248, 249, 250, 251, 253], "excluded_lines": []}, "ProfileView.get_object": {"executed_lines": [], "summary": {"covered_lines": 0, "num_statements": 1, "percent_covered": 0.0, "percent_covered_display": "0", "missing_lines": 1, "excluded_lines": 0}, "missing_lines": [263], "excluded_lines": []}, "UserViewSet.get_permissions": {"executed_lines": [], "summary": {"covered_lines": 0, "num_statements": 4, "percent_covered": 0.0, "percent_covered_display": "0", "missing_lines": 4, "excluded_lines": 0}, "missing_lines": [281, 283, 285, 286], "excluded_lines": []}, "UserViewSet.get_queryset": {"executed_lines": [], "summary": {"covered_lines": 0, "num_statements": 5, "percent_covered": 0.0, "percent_covered_display": "0", "missing_lines": 5, "excluded_lines": 0}, "missing_lines": [294, 295, 297, 299, 302], "excluded_lines": []}, "UserViewSet.get_object": {"executed_lines": [], "summary": {"covered_lines": 0, "num_statements": 22, "percent_covered": 0.0, "percent_covered_display": "0", "missing_lines": 22, "excluded_lines": 0}, "missing_lines": [311, 312, 316, 318, 319, 322, 323, 325, 326, 328, 329, 331, 332, 335, 337, 338, 341, 342, 345, 346, 347, 349], "excluded_lines": []}, "UserViewSet.get_serializer_class": {"executed_lines": [], "summary": {"covered_lines": 0, "num_statements": 7, "percent_covered": 0.0, "percent_covered_display": "0", "missing_lines": 7, "excluded_lines": 0}, "missing_lines": [353, 355, 356, 358, 359, 360, 361], "excluded_lines": []}, "UserViewSet.create": {"executed_lines": [], "summary": {"covered_lines": 0, "num_statements": 11, "percent_covered": 0.0, "percent_covered_display": "0", "missing_lines": 11, "excluded_lines": 0}, "missing_lines": [370, 371, 373, 375, 376, 377, 378, 379, 380, 382, 386], "excluded_lines": []}, "UserViewSet.destroy": {"executed_lines": [], "summary": {"covered_lines": 0, "num_statements": 11, "percent_covered": 0.0, "percent_covered_display": "0", "missing_lines": 11, "excluded_lines": 0}, "missing_lines": [395, 396, 398, 400, 401, 402, 403, 404, 405, 407, 411], "excluded_lines": []}, "UserViewSet.toggle_active": {"executed_lines": [], "summary": {"covered_lines": 0, "num_statements": 5, "percent_covered": 0.0, "percent_covered_display": "0", "missing_lines": 5, "excluded_lines": 0}, "missing_lines": [416, 417, 418, 419, 420], "excluded_lines": []}, "UserViewSet.me": {"executed_lines": [], "summary": {"covered_lines": 0, "num_statements": 2, "percent_covered": 0.0, "percent_covered_display": "0", "missing_lines": 2, "excluded_lines": 0}, "missing_lines": [425, 426], "excluded_lines": []}, "UserViewSet.change_password": {"executed_lines": [], "summary": {"covered_lines": 0, "num_statements": 14, "percent_covered": 0.0, "percent_covered_display": "0", "missing_lines": 14, "excluded_lines": 0}, "missing_lines": [431, 432, 433, 434, 436, 437, 441, 442, 447, 448, 453, 454, 455, 457], "excluded_lines": []}, "UserViewSet.admin_reset_password": {"executed_lines": [], "summary": {"covered_lines": 0, "num_statements": 8, "percent_covered": 0.0, "percent_covered_display": "0", "missing_lines": 8, "excluded_lines": 0}, "missing_lines": [467, 468, 470, 472, 474, 475, 476, 478], "excluded_lines": []}, "UserViewSet.update_profile_picture": {"executed_lines": [], "summary": {"covered_lines": 0, "num_statements": 7, "percent_covered": 0.0, "percent_covered_display": "0", "missing_lines": 7, "excluded_lines": 0}, "missing_lines": [486, 487, 489, 490, 493, 494, 496], "excluded_lines": []}, "UserViewSet.bulk_upload": {"executed_lines": [], "summary": {"covered_lines": 0, "num_statements": 82, "percent_covered": 0.0, "percent_covered_display": "0", "missing_lines": 82, "excluded_lines": 0}, "missing_lines": [507, 508, 509, 510, 512, 513, 514, 516, 517, 518, 520, 522, 523, 524, 527, 541, 542, 543, 545, 546, 547, 548, 550, 553, 554, 556, 562, 563, 564, 565, 567, 568, 569, 570, 572, 573, 574, 576, 577, 578, 579, 581, 582, 585, 586, 587, 588, 589, 591, 592, 593, 594, 595, 597, 620, 622, 624, 625, 626, 627, 629, 631, 632, 633, 635, 636, 637, 638, 640, 653, 654, 657, 672, 673, 674, 676, 680, 682, 684, 686, 687, 689], "excluded_lines": []}, "UserViewSet.bulk_upload.get_val": {"executed_lines": [], "summary": {"covered_lines": 0, "num_statements": 4, "percent_covered": 0.0, "percent_covered_display": "0", "missing_lines": 4, "excluded_lines": 0}, "missing_lines": [557, 558, 559, 560], "excluded_lines": []}, "UserViewSet.download_template": {"executed_lines": [], "summary": {"covered_lines": 0, "num_statements": 7, "percent_covered": 0.0, "percent_covered_display": "0", "missing_lines": 7, "excluded_lines": 0}, "missing_lines": [698, 700, 701, 703, 704, 709, 714], "excluded_lines": []}, "RequestOTPView.post": {"executed_lines": [], "summary": {"covered_lines": 0, "num_statements": 25, "percent_covered": 0.0, "percent_covered_display": "0", "missing_lines": 25, "excluded_lines": 0}, "missing_lines": [725, 726, 727, 729, 731, 733, 734, 735, 736, 739, 743, 744, 745, 748, 749, 750, 751, 752, 754, 755, 756, 759, 760, 761, 764], "excluded_lines": []}, "RequestOTPView._send_otp_email": {"executed_lines": [], "summary": {"covered_lines": 0, "num_statements": 12, "percent_covered": 0.0, "percent_covered_display": "0", "missing_lines": 12, "excluded_lines": 0}, "missing_lines": [768, 769, 771, 773, 787, 822, 823, 831, 832, 833, 834, 835], "excluded_lines": []}, "VerifyOTPAndResetView.post": {"executed_lines": [], "summary": {"covered_lines": 0, "num_statements": 26, "percent_covered": 0.0, "percent_covered_display": "0", "missing_lines": 26, "excluded_lines": 0}, "missing_lines": [846, 847, 848, 850, 851, 853, 854, 856, 857, 859, 860, 862, 863, 865, 867, 868, 869, 871, 872, 873, 876, 877, 878, 879, 882, 884], "excluded_lines": []}, "LogoutView.post": {"executed_lines": [], "summary": {"covered_lines": 0, "num_statements": 10, "percent_covered": 0.0, "percent_covered_display": "0", "missing_lines": 10, "excluded_lines": 0}, "missing_lines": [897, 899, 900, 901, 902, 903, 904, 906, 910, 911], "excluded_lines": []}, "": {"executed_lines": [], "summary": {"covered_lines": 0, "num_statements": 85, "percent_covered": 0.0, "percent_covered_display": "0", "missing_lines": 85, "excluded_lines": 0}, "missing_lines": [3, 4, 5, 7, 8, 9, 10, 11, 12, 13, 14, 15, 16, 17, 19, 20, 28, 33, 35, 37, 40, 42, 45, 48, 49, 50, 52, 96, 99, 100, 101, 103, 136, 137, 138, 155, 159, 160, 162, 222, 226, 227, 229, 256, 259, 260, 262, 266, 269, 270, 271, 272, 274, 288, 304, 351, 363, 388, 413, 414, 422, 423, 428, 429, 461, 462, 483, 484, 501, 502, 695, 696, 716, 721, 722, 724, 766, 838, 842, 843, 845, 887, 892, 893, 895], "excluded_lines": []}}, "classes": {"CustomTokenObtainPairView": {"executed_lines": [], "summary": {"covered_lines": 0, "num_statements": 0, "percent_covered": 100.0, "percent_covered_display": "100", "missing_lines": 0, "excluded_lines": 0}, "missing_lines": [], "excluded_lines": []}, "LoginView": {"executed_lines": [], "summary": {"covered_lines": 0, "num_statements": 17, "percent_covered": 0.0, "percent_covered_display": "0", "missing_lines": 17, "excluded_lines": 0}, "missing_lines": [54, 55, 57, 59, 60, 61, 62, 63, 64, 65, 66, 67, 70, 72, 82, 83, 93], "excluded_lines": []}, "RegisterView": {"executed_lines": [], "summary": {"covered_lines": 0, "num_statements": 8, "percent_covered": 0.0, "percent_covered_display": "0", "missing_lines": 8, "excluded_lines": 0}, "missing_lines": [105, 106, 108, 111, 113, 122, 123, 133], "excluded_lines": []}, "SetupAdminView": {"executed_lines": [], "summary": {"covered_lines": 0, "num_statements": 15, "percent_covered": 0.0, "percent_covered_display": "0", "missing_lines": 15, "excluded_lines": 0}, "missing_lines": [139, 140, 141, 142, 143, 144, 145, 146, 147, 148, 149, 150, 151, 152, 153], "excluded_lines": []}, "RequestPasswordResetView": {"executed_lines": [], "summary": {"covered_lines": 0, "num_statements": 24, "percent_covered": 0.0, "percent_covered_display": "0", "missing_lines": 24, "excluded_lines": 0}, "missing_lines": [163, 164, 165, 167, 168, 169, 170, 171, 172, 173, 175, 176, 179, 180, 183, 184, 185, 199, 206, 207, 210, 212, 213, 216], "excluded_lines": []}, "PasswordResetConfirmView": {"executed_lines": [], "summary": {"covered_lines": 0, "num_statements": 19, "percent_covered": 0.0, "percent_covered_display": "0", "missing_lines": 19, "excluded_lines": 0}, "missing_lines": [230, 231, 232, 234, 235, 237, 238, 239, 241, 242, 243, 244, 245, 247, 248, 249, 250, 251, 253], "excluded_lines": []}, "ProfileView": {"executed_lines": [], "summary": {"covered_lines": 0, "num_statements": 1, "percent_covered": 0.0, "percent_covered_display": "0", "missing_lines": 1, "excluded_lines": 0}, "missing_lines": [263], "excluded_lines": []}, "UserViewSet": {"executed_lines": [], "summary": {"covered_lines": 0, "num_statements": 189, "percent_covered": 0.0, "percent_covered_display": "0", "missing_lines": 189, "excluded_lines": 0}, "missing_lines": [281, 283, 285, 286, 294, 295, 297, 299, 302, 311, 312, 316, 318, 319, 322, 323, 325, 326, 328, 329, 331, 332, 335, 337, 338, 341, 342, 345, 346, 347, 349, 353, 355, 356, 358, 359, 360, 361, 370, 371, 373, 375, 376, 377, 378, 379, 380, 382, 386, 395, 396, 398, 400, 401, 402, 403, 404, 405, 407, 411, 416, 417, 418, 419, 420, 425, 426, 431, 432, 433, 434, 436, 437, 441, 442, 447, 448, 453, 454, 455, 457, 467, 468, 470, 472, 474, 475, 476, 478, 486, 487, 489, 490, 493, 494, 496, 507, 508, 509, 510, 512, 513, 514, 516, 517, 518, 520, 522, 523, 524, 527, 541, 542, 543, 545, 546, 547, 548, 550, 553, 554, 556, 557, 558, 559, 560, 562, 563, 564, 565, 567, 568, 569, 570, 572, 573, 574, 576, 577, 578, 579, 581, 582, 585, 586, 587, 588, 589, 591, 592, 593, 594, 595, 597, 620, 622, 624, 625, 626, 627, 629, 631, 632, 633, 635, 636, 637, 638, 640, 653, 654, 657, 672, 673, 674, 676, 680, 682, 684, 686, 687, 689, 698, 700, 701, 703, 704, 709, 714], "excluded_lines": []}, "RequestOTPView": {"executed_lines": [], "summary": {"covered_lines": 0, "num_statements": 37, "percent_covered": 0.0, "percent_covered_display": "0", "missing_lines": 37, "excluded_lines": 0}, "missing_lines": [725, 726, 727, 729, 731, 733, 734, 735, 736, 739, 743, 744, 745, 748, 749, 750, 751, 752, 754, 755, 756, 759, 760, 761, 764, 768, 769, 771, 773, 787, 822, 823, 831, 832, 833, 834, 835], "excluded_lines": []}, "VerifyOTPAndResetView": {"executed_lines": [], "summary": {"covered_lines": 0, "num_statements": 26, "percent_covered": 0.0, "percent_covered_display": "0", "missing_lines": 26, "excluded_lines": 0}, "missing_lines": [846, 847, 848, 850, 851, 853, 854, 856, 857, 859, 860, 862, 863, 865, 867, 868, 869, 871, 872, 873, 876, 877, 878, 879, 882, 884], "excluded_lines": []}, "LogoutView": {"executed_lines": [], "summary": {"covered_lines": 0, "num_statements": 10, "percent_covered": 0.0, "percent_covered_display": "0", "missing_lines": 10, "excluded_lines": 0}, "missing_lines": [897, 899, 900, 901, 902, 903, 904, 906, 910, 911], "excluded_lines": []}, "": {"executed_lines": [], "summary": {"covered_lines": 0, "num_statements": 85, "percent_covered": 0.0, "percent_covered_display": "0", "missing_lines": 85, "excluded_lines": 0}, "missing_lines": [3, 4, 5, 7, 8, 9, 10, 11, 12, 13, 14, 15, 16, 17, 19, 20, 28, 33, 35, 37, 40, 42, 45, 48, 49, 50, 52, 96, 99, 100, 101, 103, 136, 137, 138, 155, 159, 160, 162, 222, 226, 227, 229, 256, 259, 260, 262, 266, 269, 270, 271, 272, 274, 288, 304, 351, 363, 388, 413, 414, 422, 423, 428, 429, 461, 462, 483, 484, 501, 502, 695, 696, 716, 721, 722, 724, 766, 838, 842, 843, 845, 887, 892, 893, 895], "excluded_lines": []}}}, "apps/colleges/__init__.py": {"executed_lines": [1], "summary": {"covered_lines": 0, "num_statements": 0, "percent_covered": 100.0, "percent_covered_display": "100", "missing_lines": 0, "excluded_lines": 0}, "missing_lines": [], "excluded_lines": [], "functions": {"": {"executed_lines": [], "summary": {"covered_lines": 0, "num_statements": 0, "percent_covered": 100.0, "percent_covered_display": "100", "missing_lines": 0, "excluded_lines": 0}, "missing_lines": [], "excluded_lines": []}}, "classes": {"": {"executed_lines": [], "summary": {"covered_lines": 0, "num_statements": 0, "percent_covered": 100.0, "percent_covered_display": "100", "missing_lines": 0, "excluded_lines": 0}, "missing_lines": [], "excluded_lines": []}}}, "apps/colleges/admin.py": {"executed_lines": [1, 3, 4, 7, 8, 9, 10, 11, 12], "summary": {"covered_lines": 8, "num_statements": 8, "percent_covered": 100.0, "percent_covered_display": "100", "missing_lines": 0, "excluded_lines": 0}, "missing_lines": [], "excluded_lines": [], "functions": {"": {"executed_lines": [1, 3, 4, 7, 8, 9, 10, 11, 12], "summary": {"covered_lines": 8, "num_statements": 8, "percent_covered": 100.0, "percent_covered_display": "100", "missing_lines": 0, "excluded_lines": 0}, "missing_lines": [], "excluded_lines": []}}, "classes": {"CollegeAdmin": {"executed_lines": [], "summary": {"covered_lines": 0, "num_statements": 0, "percent_covered": 100.0, "percent_covered_display": "100", "missing_lines": 0, "excluded_lines": 0}, "missing_lines": [], "excluded_lines": []}, "": {"executed_lines": [1, 3, 4, 7, 8, 9, 10, 11, 12], "summary": {"covered_lines": 8, "num_statements": 8, "percent_covered": 100.0, "percent_covered_display": "100", "missing_lines": 0, "excluded_lines": 0}, "missing_lines": [], "excluded_lines": []}}}, "apps/colleges/apps.py": {"executed_lines": [1, 2, 4, 5, 6], "summary": {"covered_lines": 4, "num_statements": 4, "percent_covered": 100.0, "percent_covered_display": "100", "missing_lines": 0, "excluded_lines": 0}, "missing_lines": [], "excluded_lines": [], "functions": {"": {"executed_lines": [1, 2, 4, 5, 6], "summary": {"covered_lines": 4, "num_statements": 4, "percent_covered": 100.0, "percent_covered_display": "100", "missing_lines": 0, "excluded_lines": 0}, "missing_lines": [], "excluded_lines": []}}, "classes": {"CollegesConfig": {"executed_lines": [], "summary": {"covered_lines": 0, "num_statements": 0, "percent_covered": 100.0, "percent_covered_display": "100", "missing_lines": 0, "excluded_lines": 0}, "missing_lines": [], "excluded_lines": []}, "": {"executed_lines": [1, 2, 4, 5, 6], "summary": {"covered_lines": 4, "num_statements": 4, "percent_covered": 100.0, "percent_covered_display": "100", "missing_lines": 0, "excluded_lines": 0}, "missing_lines": [], "excluded_lines": []}}}, "apps/colleges/migrations/0001_initial.py": {"executed_lines": [], "summary": {"covered_lines": 0, "num_statements": 5, "percent_covered": 0.0, "percent_covered_display": "0", "missing_lines": 5, "excluded_lines": 0}, "missing_lines": [3, 6, 8, 10, 13], "excluded_lines": [], "functions": {"": {"executed_lines": [], "summary": {"covered_lines": 0, "num_statements": 5, "percent_covered": 0.0, "percent_covered_display": "0", "missing_lines": 5, "excluded_lines": 0}, "missing_lines": [3, 6, 8, 10, 13], "excluded_lines": []}}, "classes": {"Migration": {"executed_lines": [], "summary": {"covered_lines": 0, "num_statements": 0, "percent_covered": 100.0, "percent_covered_display": "100", "missing_lines": 0, "excluded_lines": 0}, "missing_lines": [], "excluded_lines": []}, "": {"executed_lines": [], "summary": {"covered_lines": 0, "num_statements": 5, "percent_covered": 0.0, "percent_covered_display": "0", "missing_lines": 5, "excluded_lines": 0}, "missing_lines": [3, 6, 8, 10, 13], "excluded_lines": []}}}, "apps/colleges/migrations/__init__.py": {"executed_lines": [], "summary": {"covered_lines": 0, "num_statements": 0, "percent_covered": 100.0, "percent_covered_display": "100", "missing_lines": 0, "excluded_lines": 0}, "missing_lines": [], "excluded_lines": [], "functions": {"": {"executed_lines": [], "summary": {"covered_lines": 0, "num_statements": 0, "percent_covered": 100.0, "percent_covered_display": "100", "missing_lines": 0, "excluded_lines": 0}, "missing_lines": [], "excluded_lines": []}}, "classes": {"": {"executed_lines": [], "summary": {"covered_lines": 0, "num_statements": 0, "percent_covered": 100.0, "percent_covered_display": "100", "missing_lines": 0, "excluded_lines": 0}, "missing_lines": [], "excluded_lines": []}}}, "apps/colleges/models.py": {"executed_lines": [1, 3, 4, 7, 8, 10, 11, 12, 13, 14, 15, 16, 18, 19, 20, 22], "summary": {"covered_lines": 14, "num_statements": 15, "percent_covered": 93.33333333333333, "percent_covered_display": "93", "missing_lines": 1, "excluded_lines": 0}, "missing_lines": [23], "excluded_lines": [], "functions": {"College.__str__": {"executed_lines": [], "summary": {"covered_lines": 0, "num_statements": 1, "percent_covered": 0.0, "percent_covered_display": "0", "missing_lines": 1, "excluded_lines": 0}, "missing_lines": [23], "excluded_lines": []}, "": {"executed_lines": [1, 3, 4, 7, 8, 10, 11, 12, 13, 14, 15, 16, 18, 19, 20, 22], "summary": {"covered_lines": 14, "num_statements": 14, "percent_covered": 100.0, "percent_covered_display": "100", "missing_lines": 0, "excluded_lines": 0}, "missing_lines": [], "excluded_lines": []}}, "classes": {"College": {"executed_lines": [], "summary": {"covered_lines": 0, "num_statements": 1, "percent_covered": 0.0, "percent_covered_display": "0", "missing_lines": 1, "excluded_lines": 0}, "missing_lines": [23], "excluded_lines": []}, "College.Meta": {"executed_lines": [], "summary": {"covered_lines": 0, "num_statements": 0, "percent_covered": 100.0, "percent_covered_display": "100", "missing_lines": 0, "excluded_lines": 0}, "missing_lines": [], "excluded_lines": []}, "": {"executed_lines": [1, 3, 4, 7, 8, 10, 11, 12, 13, 14, 15, 16, 18, 19, 20, 22], "summary": {"covered_lines": 14, "num_statements": 14, "percent_covered": 100.0, "percent_covered_display": "100", "missing_lines": 0, "excluded_lines": 0}, "missing_lines": [], "excluded_lines": []}}}, "apps/colleges/serializers.py": {"executed_lines": [], "summary": {"covered_lines": 0, "num_statements": 7, "percent_covered": 0.0, "percent_covered_display": "0", "missing_lines": 7, "excluded_lines": 0}, "missing_lines": [3, 4, 7, 10, 11, 12, 14], "excluded_lines": [], "functions": {"": {"executed_lines": [], "summary": {"covered_lines": 0, "num_statements": 7, "percent_covered": 0.0, "percent_covered_display": "0", "missing_lines": 7, "excluded_lines": 0}, "missing_lines": [3, 4, 7, 10, 11, 12, 14], "excluded_lines": []}}, "classes": {"CollegeSerializer": {"executed_lines": [], "summary": {"covered_lines": 0, "num_statements": 0, "percent_covered": 100.0, "percent_covered_display": "100", "missing_lines": 0, "excluded_lines": 0}, "missing_lines": [], "excluded_lines": []}, "CollegeSerializer.Meta": {"executed_lines": [], "summary": {"covered_lines": 0, "num_statements": 0, "percent_covered": 100.0, "percent_covered_display": "100", "missing_lines": 0, "excluded_lines": 0}, "missing_lines": [], "excluded_lines": []}, "": {"executed_lines": [], "summary": {"covered_lines": 0, "num_statements": 7, "percent_covered": 0.0, "percent_covered_display": "0", "missing_lines": 7, "excluded_lines": 0}, "missing_lines": [3, 4, 7, 10, 11, 12, 14], "excluded_lines": []}}}, "apps/colleges/urls.py": {"executed_lines": [], "summary": {"covered_lines": 0, "num_statements": 7, "percent_covered": 0.0, "percent_covered_display": "0", "missing_lines": 7, "excluded_lines": 0}, "missing_lines": [3, 4, 5, 7, 8, 10, 12], "excluded_lines": [], "functions": {"": {"executed_lines": [], "summary": {"covered_lines": 0, "num_statements": 7, "percent_covered": 0.0, "percent_covered_display": "0", "missing_lines": 7, "excluded_lines": 0}, "missing_lines": [3, 4, 5, 7, 8, 10, 12], "excluded_lines": []}}, "classes": {"": {"executed_lines": [], "summary": {"covered_lines": 0, "num_statements": 7, "percent_covered": 0.0, "percent_covered_display": "0", "missing_lines": 7, "excluded_lines": 0}, "missing_lines": [3, 4, 5, 7, 8, 10, 12], "excluded_lines": []}}}, "apps/colleges/views.py": {"executed_lines": [], "summary": {"covered_lines": 0, "num_statements": 14, "percent_covered": 0.0, "percent_covered_display": "0", "missing_lines": 14, "excluded_lines": 0}, "missing_lines": [3, 4, 5, 6, 7, 10, 13, 14, 15, 17, 19, 20, 22, 23], "excluded_lines": [], "functions": {"CollegeViewSet.get_permissions": {"executed_lines": [], "summary": {"covered_lines": 0, "num_statements": 4, "percent_covered": 0.0, "percent_covered_display": "0", "missing_lines": 4, "excluded_lines": 0}, "missing_lines": [19, 20, 22, 23], "excluded_lines": []}, "": {"executed_lin
[...]
s": 0}, "missing_lines": [51, 52, 53], "excluded_lines": []}, "VisitorLogViewSet.checkout": {"executed_lines": [], "summary": {"covered_lines": 0, "num_statements": 7, "percent_covered": 0.0, "percent_covered_display": "0", "missing_lines": 7, "excluded_lines": 0}, "missing_lines": [58, 59, 60, 62, 63, 64, 65], "excluded_lines": []}, "VisitorLogViewSet.checkin_from_prereg": {"executed_lines": [], "summary": {"covered_lines": 0, "num_statements": 14, "percent_covered": 0.0, "percent_covered_display": "0", "missing_lines": 14, "excluded_lines": 0}, "missing_lines": [70, 71, 72, 74, 75, 76, 77, 79, 80, 82, 83, 93, 94, 96], "excluded_lines": []}, "VisitorPreRegistrationViewSet.get_queryset": {"executed_lines": [], "summary": {"covered_lines": 0, "num_statements": 14, "percent_covered": 0.0, "percent_covered_display": "0", "missing_lines": 14, "excluded_lines": 0}, "missing_lines": [113, 114, 116, 117, 119, 121, 123, 124, 125, 126, 130, 132, 133, 135], "excluded_lines": []}, "VisitorPreRegistrationViewSet.perform_create": {"executed_lines": [], "summary": {"covered_lines": 0, "num_statements": 1, "percent_covered": 0.0, "percent_covered_display": "0", "missing_lines": 1, "excluded_lines": 0}, "missing_lines": [139], "excluded_lines": []}, "VisitorPreRegistrationViewSet.approve": {"executed_lines": [], "summary": {"covered_lines": 0, "num_statements": 7, "percent_covered": 0.0, "percent_covered_display": "0", "missing_lines": 7, "excluded_lines": 0}, "missing_lines": [144, 145, 146, 148, 149, 150, 151], "excluded_lines": []}, "VisitorPreRegistrationViewSet.reject": {"executed_lines": [], "summary": {"covered_lines": 0, "num_statements": 8, "percent_covered": 0.0, "percent_covered_display": "0", "missing_lines": 8, "excluded_lines": 0}, "missing_lines": [156, 157, 158, 160, 161, 162, 163, 164], "excluded_lines": []}, "VisitorPreRegistrationViewSet.today": {"executed_lines": [], "summary": {"covered_lines": 0, "num_statements": 3, "percent_covered": 0.0, "percent_covered_display": "0", "missing_lines": 3, "excluded_lines": 0}, "missing_lines": [169, 170, 171], "excluded_lines": []}, "": {"executed_lines": [], "summary": {"covered_lines": 0, "num_statements": 40, "percent_covered": 0.0, "percent_covered_display": "0", "missing_lines": 40, "excluded_lines": 0}, "missing_lines": [1, 2, 3, 4, 5, 6, 7, 8, 9, 10, 11, 12, 14, 16, 17, 18, 19, 20, 21, 23, 49, 55, 56, 67, 68, 99, 105, 106, 107, 108, 109, 110, 112, 137, 141, 142, 153, 154, 166, 167], "excluded_lines": []}}, "classes": {"VisitorLogViewSet": {"executed_lines": [], "summary": {"covered_lines": 0, "num_statements": 36, "percent_covered": 0.0, "percent_covered_display": "0", "missing_lines": 36, "excluded_lines": 0}, "missing_lines": [24, 25, 28, 29, 32, 33, 35, 36, 38, 44, 45, 47, 51, 52, 53, 58, 59, 60, 62, 63, 64, 65, 70, 71, 72, 74, 75, 76, 77, 79, 80, 82, 83, 93, 94, 96], "excluded_lines": []}, "VisitorPreRegistrationViewSet": {"executed_lines": [], "summary": {"covered_lines": 0, "num_statements": 33, "percent_covered": 0.0, "percent_covered_display": "0", "missing_lines": 33, "excluded_lines": 0}, "missing_lines": [113, 114, 116, 117, 119, 121, 123, 124, 125, 126, 130, 132, 133, 135, 139, 144, 145, 146, 148, 149, 150, 151, 156, 157, 158, 160, 161, 162, 163, 164, 169, 170, 171], "excluded_lines": []}, "": {"executed_lines": [], "summary": {"covered_lines": 0, "num_statements": 40, "percent_covered": 0.0, "percent_covered_display": "0", "missing_lines": 40, "excluded_lines": 0}, "missing_lines": [1, 2, 3, 4, 5, 6, 7, 8, 9, 10, 11, 12, 14, 16, 17, 18, 19, 20, 21, 23, 49, 55, 56, 67, 68, 99, 105, 106, 107, 108, 109, 110, 112, 137, 141, 142, 153, 154, 166, 167], "excluded_lines": []}}}, "apps/web/__init__.py": {"executed_lines": [1], "summary": {"covered_lines": 0, "num_statements": 0, "percent_covered": 100.0, "percent_covered_display": "100", "missing_lines": 0, "excluded_lines": 0}, "missing_lines": [], "excluded_lines": [], "functions": {"": {"executed_lines": [], "summary": {"covered_lines": 0, "num_statements": 0, "percent_covered": 100.0, "percent_covered_display": "100", "missing_lines": 0, "excluded_lines": 0}, "missing_lines": [], "excluded_lines": []}}, "classes": {"": {"executed_lines": [], "summary": {"covered_lines": 0, "num_statements": 0, "percent_covered": 100.0, "percent_covered_display": "100", "missing_lines": 0, "excluded_lines": 0}, "missing_lines": [], "excluded_lines": []}}}, "apps/web/apps.py": {"executed_lines": [1, 4, 5, 6, 7], "summary": {"covered_lines": 5, "num_statements": 5, "percent_covered": 100.0, "percent_covered_display": "100", "missing_lines": 0, "excluded_lines": 0}, "missing_lines": [], "excluded_lines": [], "functions": {"": {"executed_lines": [1, 4, 5, 6, 7], "summary": {"covered_lines": 5, "num_statements": 5, "percent_covered": 100.0, "percent_covered_display": "100", "missing_lines": 0, "excluded_lines": 0}, "missing_lines": [], "excluded_lines": []}}, "classes": {"WebConfig": {"executed_lines": [], "summary": {"covered_lines": 0, "num_statements": 0, "percent_covered": 100.0, "percent_covered_display": "100", "missing_lines": 0, "excluded_lines": 0}, "missing_lines": [], "excluded_lines": []}, "": {"executed_lines": [1, 4, 5, 6, 7], "summary": {"covered_lines": 5, "num_statements": 5, "percent_covered": 100.0, "percent_covered_display": "100", "missing_lines": 0, "excluded_lines": 0}, "missing_lines": [], "excluded_lines": []}}}, "apps/web/urls.py": {"executed_lines": [], "summary": {"covered_lines": 0, "num_statements": 3, "percent_covered": 0.0, "percent_covered_display": "0", "missing_lines": 3, "excluded_lines": 0}, "missing_lines": [1, 2, 4], "excluded_lines": [], "functions": {"": {"executed_lines": [], "summary": {"covered_lines": 0, "num_statements": 3, "percent_covered": 0.0, "percent_covered_display": "0", "missing_lines": 3, "excluded_lines": 0}, "missing_lines": [1, 2, 4], "excluded_lines": []}}, "classes": {"": {"executed_lines": [], "summary": {"covered_lines": 0, "num_statements": 3, "percent_covered": 0.0, "percent_covered_display": "0", "missing_lines": 3, "excluded_lines": 0}, "missing_lines": [1, 2, 4], "excluded_lines": []}}}, "apps/web/views.py": {"executed_lines": [], "summary": {"covered_lines": 0, "num_statements": 53, "percent_covered": 0.0, "percent_covered_display": "0", "missing_lines": 53, "excluded_lines": 0}, "missing_lines": [1, 2, 5, 6, 7, 10, 11, 12, 15, 16, 17, 20, 21, 22, 25, 26, 27, 30, 31, 32, 35, 36, 37, 40, 41, 42, 45, 46, 47, 50, 51, 52, 55, 56, 57, 60, 61, 62, 65, 66, 67, 70, 71, 72, 75, 76, 77, 80, 81, 82, 85, 86, 87], "excluded_lines": [], "functions": {"dashboard": {"executed_lines": [], "summary": {"covered_lines": 0, "num_statements": 1, "percent_covered": 0.0, "percent_covered_display": "0", "missing_lines": 1, "excluded_lines": 0}, "missing_lines": [7], "excluded_lines": []}, "login_view": {"executed_lines": [], "summary": {"covered_lines": 0, "num_statements": 1, "percent_covered": 0.0, "percent_covered_display": "0", "missing_lines": 1, "excluded_lines": 0}, "missing_lines": [12], "excluded_lines": []}, "register_view": {"executed_lines": [], "summary": {"covered_lines": 0, "num_statements": 1, "percent_covered": 0.0, "percent_covered_display": "0", "missing_lines": 1, "excluded_lines": 0}, "missing_lines": [17], "excluded_lines": []}, "attendance": {"executed_lines": [], "summary": {"covered_lines": 0, "num_statements": 1, "percent_covered": 0.0, "percent_covered_display": "0", "missing_lines": 1, "excluded_lines": 0}, "missing_lines": [22], "excluded_lines": []}, "colleges": {"executed_lines": [], "summary": {"covered_lines": 0, "num_statements": 1, "percent_covered": 0.0, "percent_covered_display": "0", "missing_lines": 1, "excluded_lines": 0}, "missing_lines": [27], "excluded_lines": []}, "events": {"executed_lines": [], "summary": {"covered_lines": 0, "num_statements": 1, "percent_covered": 0.0, "percent_covered_display": "0", "missing_lines": 1, "excluded_lines": 0}, "missing_lines": [32], "excluded_lines": []}, "gate_passes": {"executed_lines": [], "summary": {"covered_lines": 0, "num_statements": 1, "percent_covered": 0.0, "percent_covered_display": "0", "missing_lines": 1, "excluded_lines": 0}, "missing_lines": [37], "excluded_lines": []}, "gate_scans": {"executed_lines": [], "summary": {"covered_lines": 0, "num_statements": 1, "percent_covered": 0.0, "percent_covered_display": "0", "missing_lines": 1, "excluded_lines": 0}, "missing_lines": [42], "excluded_lines": []}, "meals": {"executed_lines": [], "summary": {"covered_lines": 0, "num_statements": 1, "percent_covered": 0.0, "percent_covered_display": "0", "missing_lines": 1, "excluded_lines": 0}, "missing_lines": [47], "excluded_lines": []}, "messages": {"executed_lines": [], "summary": {"covered_lines": 0, "num_statements": 1, "percent_covered": 0.0, "percent_covered_display": "0", "missing_lines": 1, "excluded_lines": 0}, "missing_lines": [52], "excluded_lines": []}, "metrics": {"executed_lines": [], "summary": {"covered_lines": 0, "num_statements": 1, "percent_covered": 0.0, "percent_covered_display": "0", "missing_lines": 1, "excluded_lines": 0}, "missing_lines": [57], "excluded_lines": []}, "notices": {"executed_lines": [], "summary": {"covered_lines": 0, "num_statements": 1, "percent_covered": 0.0, "percent_covered_display": "0", "missing_lines": 1, "excluded_lines": 0}, "missing_lines": [62], "excluded_lines": []}, "notifications": {"executed_lines": [], "summary": {"covered_lines": 0, "num_statements": 1, "percent_covered": 0.0, "percent_covered_display": "0", "missing_lines": 1, "excluded_lines": 0}, "missing_lines": [67], "excluded_lines": []}, "reports": {"executed_lines": [], "summary": {"covered_lines": 0, "num_statements": 1, "percent_covered": 0.0, "percent_covered_display": "0", "missing_lines": 1, "excluded_lines": 0}, "missing_lines": [72], "excluded_lines": []}, "rooms": {"executed_lines": [], "summary": {"covered_lines": 0, "num_statements": 1, "percent_covered": 0.0, "percent_covered_display": "0", "missing_lines": 1, "excluded_lines": 0}, "missing_lines": [77], "excluded_lines": []}, "users": {"executed_lines": [], "summary": {"covered_lines": 0, "num_statements": 1, "percent_covered": 0.0, "percent_covered_display": "0", "missing_lines": 1, "excluded_lines": 0}, "missing_lines": [82], "excluded_lines": []}, "profile": {"executed_lines": [], "summary": {"covered_lines": 0, "num_statements": 1, "percent_covered": 0.0, "percent_covered_display": "0", "missing_lines": 1, "excluded_lines": 0}, "missing_lines": [87], "excluded_lines": []}, "": {"executed_lines": [], "summary": {"covered_lines": 0, "num_statements": 36, "percent_covered": 0.0, "percent_covered_display": "0", "missing_lines": 36, "excluded_lines": 0}, "missing_lines": [1, 2, 5, 6, 10, 11, 15, 16, 20, 21, 25, 26, 30, 31, 35, 36, 40, 41, 45, 46, 50, 51, 55, 56, 60, 61, 65, 66, 70, 71, 75, 76, 80, 81, 85, 86], "excluded_lines": []}}, "classes": {"": {"executed_lines": [], "summary": {"covered_lines": 0, "num_statements": 53, "percent_covered": 0.0, "percent_covered_display": "0", "missing_lines": 53, "excluded_lines": 0}, "missing_lines": [1, 2, 5, 6, 7, 10, 11, 12, 15, 16, 17, 20, 21, 22, 25, 26, 27, 30, 31, 32, 35, 36, 37, 40, 41, 42, 45, 46, 47, 50, 51, 52, 55, 56, 57, 60, 61, 62, 65, 66, 67, 70, 71, 72, 75, 76, 77, 80, 81, 82, 85, 86, 87], "excluded_lines": []}}}, "hostelconnect/__init__.py": {"executed_lines": [1], "summary": {"covered_lines": 0, "num_statements": 0, "percent_covered": 100.0, "percent_covered_display": "100", "missing_lines": 0, "excluded_lines": 0}, "missing_lines": [], "excluded_lines": [], "functions": {"": {"executed_lines": [1], "summary": {"covered_lines": 0, "num_statements": 0, "percent_covered": 100.0, "percent_covered_display": "100", "missing_lines": 0, "excluded_lines": 0}, "missing_lines": [], "excluded_lines": []}}, "classes": {"": {"executed_lines": [1], "summary": {"covered_lines": 0, "num_statements": 0, "percent_covered": 100.0, "percent_covered_display": "100", "missing_lines": 0, "excluded_lines": 0}, "missing_lines": [], "excluded_lines": []}}}, "hostelconnect/asgi.py": {"executed_lines": [], "summary": {"covered_lines": 0, "num_statements": 16, "percent_covered": 0.0, "percent_covered_display": "0", "missing_lines": 16, "excluded_lines": 0}, "missing_lines": [5, 6, 8, 9, 11, 12, 13, 14, 15, 16, 19, 22, 23, 24, 27, 29], "excluded_lines": [], "functions": {"": {"executed_lines": [], "summary": {"covered_lines": 0, "num_statements": 16, "percent_covered": 0.0, "percent_covered_display": "0", "missing_lines": 16, "excluded_lines": 0}, "missing_lines": [5, 6, 8, 9, 11, 12, 13, 14, 15, 16, 19, 22, 23, 24, 27, 29], "excluded_lines": []}}, "classes": {"": {"executed_lines": [], "summary": {"covered_lines": 0, "num_statements": 16, "percent_covered": 0.0, "percent_covered_display": "0", "missing_lines": 16, "excluded_lines": 0}, "missing_lines": [5, 6, 8, 9, 11, 12, 13, 14, 15, 16, 19, 22, 23, 24, 27, 29], "excluded_lines": []}}}, "hostelconnect/sentry.py": {"executed_lines": [1, 5, 6, 7, 10, 24, 26], "summary": {"covered_lines": 6, "num_statements": 13, "percent_covered": 46.15384615384615, "percent_covered_display": "46", "missing_lines": 7, "excluded_lines": 0}, "missing_lines": [14, 15, 16, 17, 18, 20, 27], "excluded_lines": [], "functions": {"sentry_before_send": {"executed_lines": [], "summary": {"covered_lines": 0, "num_statements": 6, "percent_covered": 0.0, "percent_covered_display": "0", "missing_lines": 6, "excluded_lines": 0}, "missing_lines": [14, 15, 16, 17, 18, 20], "excluded_lines": []}, "": {"executed_lines": [1, 5, 6, 7, 10, 24, 26], "summary": {"covered_lines": 6, "num_statements": 7, "percent_covered": 85.71428571428571, "percent_covered_display": "86", "missing_lines": 1, "excluded_lines": 0}, "missing_lines": [27], "excluded_lines": []}}, "classes": {"": {"executed_lines": [1, 5, 6, 7, 10, 24, 26], "summary": {"covered_lines": 6, "num_statements": 13, "percent_covered": 46.15384615384615, "percent_covered_display": "46", "missing_lines": 7, "excluded_lines": 0}, "missing_lines": [14, 15, 16, 17, 18, 20, 27], "excluded_lines": []}}}, "hostelconnect/settings/__init__.py": {"executed_lines": [1], "summary": {"covered_lines": 0, "num_statements": 0, "percent_covered": 100.0, "percent_covered_display": "100", "missing_lines": 0, "excluded_lines": 0}, "missing_lines": [], "excluded_lines": [], "functions": {"": {"executed_lines": [1], "summary": {"covered_lines": 0, "num_statements": 0, "percent_covered": 100.0, "percent_covered_display": "100", "missing_lines": 0, "excluded_lines": 0}, "missing_lines": [], "excluded_lines": []}}, "classes": {"": {"executed_lines": [1], "summary": {"covered_lines": 0, "num_statements": 0, "percent_covered": 100.0, "percent_covered_display": "100", "missing_lines": 0, "excluded_lines": 0}, "missing_lines": [], "excluded_lines": []}}}, "hostelconnect/settings/base.py": {"executed_lines": [1, 5, 6, 7, 8, 9, 12, 13, 25, 30, 33, 34, 38, 42, 43, 47, 48, 51, 52, 56, 62, 63, 69, 117, 130, 133, 135, 151, 152, 157, 158, 159, 160, 163, 164, 166, 168, 210, 226, 242, 250, 253, 254, 255, 256, 257, 258, 261, 262, 263, 265, 266, 269, 270, 271, 274, 292, 293, 296, 299, 334, 335, 336, 340, 342, 345, 376, 401, 410, 411, 412, 428, 442, 453, 454, 469, 470, 479, 526, 546, 547, 550, 555, 556, 557, 558, 559, 560, 561, 562, 563, 564, 565, 566, 567, 568, 569, 570, 571, 574, 596, 599, 603, 611, 612, 613, 614, 615, 616, 617, 620], "summary": {"covered_lines": 110, "num_statements": 139, "percent_covered": 79.13669064748201, "percent_covered_display": "79", "missing_lines": 29, "excluded_lines": 0}, "missing_lines": [14, 15, 54, 58, 59, 60, 64, 65, 66, 174, 175, 182, 183, 186, 214, 215, 216, 227, 228, 230, 234, 237, 238, 239, 443, 579, 580, 591, 593], "excluded_lines": [], "functions": {"": {"executed_lines": [1, 5, 6, 7, 8, 9, 12, 13, 25, 30, 33, 34, 38, 42, 43, 47, 48, 51, 52, 56, 62, 63, 69, 117, 130, 133, 135, 151, 152, 157, 158, 159, 160, 163, 164, 166, 168, 210, 226, 242, 250, 253, 254, 255, 256, 257, 258, 261, 262, 263, 265, 266, 269, 270, 271, 274, 292, 293, 296, 299, 334, 335, 336, 340, 342, 345, 376, 401, 410, 411, 412, 428, 442, 453, 454, 469, 470, 479, 526, 546, 547, 550, 555, 556, 557, 558, 559, 560, 561, 562, 563, 564, 565, 566, 567, 568, 569, 570, 571, 574, 596, 599, 603, 611, 612, 613, 614, 615, 616, 617, 620], "summary": {"covered_lines": 110, "num_statements": 139, "percent_covered": 79.13669064748201, "percent_covered_display": "79", "missing_lines": 29, "excluded_lines": 0}, "missing_lines": [14, 15, 54, 58, 59, 60, 64, 65, 66, 174, 175, 182, 183, 186, 214, 215, 216, 227, 228, 230, 234, 237, 238, 239, 443, 579, 580, 591, 593], "excluded_lines": []}}, "classes": {"": {"executed_lines": [1, 5, 6, 7, 8, 9, 12, 13, 25, 30, 33, 34, 38, 42, 43, 47, 48, 51, 52, 56, 62, 63, 69, 117, 130, 133, 135, 151, 152, 157, 158, 159, 160, 163, 164, 166, 168, 210, 226, 242, 250, 253, 254, 255, 256, 257, 258, 261, 262, 263, 265, 266, 269, 270, 271, 274, 292, 293, 296, 299, 334, 335, 336, 340, 342, 345, 376, 401, 410, 411, 412, 428, 442, 453, 454, 469, 470, 479, 526, 546, 547, 550, 555, 556, 557, 558, 559, 560, 561, 562, 563, 564, 565, 566, 567, 568, 569, 570, 571, 574, 596, 599, 603, 611, 612, 613, 614, 615, 616, 617, 620], "summary": {"covered_lines": 110, "num_statements": 139, "percent_covered": 79.13669064748201, "percent_covered_display": "79", "missing_lines": 29, "excluded_lines": 0}, "missing_lines": [14, 15, 54, 58, 59, 60, 64, 65, 66, 174, 175, 182, 183, 186, 214, 215, 216, 227, 228, 230, 234, 237, 238, 239, 443, 579, 580, 591, 593], "excluded_lines": []}}}, "hostelconnect/urls.py": {"executed_lines": [], "summary": {"covered_lines": 0, "num_statements": 22, "percent_covered": 0.0, "percent_covered_display": "0", "missing_lines": 22, "excluded_lines": 0}, "missing_lines": [5, 6, 7, 8, 9, 10, 11, 12, 13, 14, 15, 16, 18, 21, 23, 29, 31, 58, 107, 108, 109, 111], "excluded_lines": [], "functions": {"health_check": {"executed_lines": [], "summary": {"covered_lines": 0, "num_statements": 1, "percent_covered": 0.0, "percent_covered_display": "0", "missing_lines": 1, "excluded_lines": 0}, "missing_lines": [23], "excluded_lines": []}, "api_root": {"executed_lines": [], "summary": {"covered_lines": 0, "num_statements": 1, "percent_covered": 0.0, "percent_covered_display": "0", "missing_lines": 1, "excluded_lines": 0}, "missing_lines": [31], "excluded_lines": []}, "": {"executed_lines": [], "summary": {"covered_lines": 0, "num_statements": 20, "percent_covered": 0.0, "percent_covered_display": "0", "missing_lines": 20, "excluded_lines": 0}, "missing_lines": [5, 6, 7, 8, 9, 10, 11, 12, 13, 14, 15, 16, 18, 21, 29, 58, 107, 108, 109, 111], "excluded_lines": []}}, "classes": {"": {"executed_lines": [], "summary": {"covered_lines": 0, "num_statements": 22, "percent_covered": 0.0, "percent_covered_display": "0", "missing_lines": 22, "excluded_lines": 0}, "missing_lines": [5, 6, 7, 8, 9, 10, 11, 12, 13, 14, 15, 16, 18, 21, 23, 29, 31, 58, 107, 108, 109, 111], "excluded_lines": []}}}, "hostelconnect/wsgi.py": {"executed_lines": [], "summary": {"covered_lines": 0, "num_statements": 4, "percent_covered": 0.0, "percent_covered_display": "0", "missing_lines": 4, "excluded_lines": 0}, "missing_lines": [5, 6, 8, 10], "excluded_lines": [], "functions": {"": {"executed_lines": [], "summary": {"covered_lines": 0, "num_statements": 4, "percent_covered": 0.0, "percent_covered_display": "0", "missing_lines": 4, "excluded_lines": 0}, "missing_lines": [5, 6, 8, 10], "excluded_lines": []}}, "classes": {"": {"executed_lines": [], "summary": {"covered_lines": 0, "num_statements": 4, "percent_covered": 0.0, "percent_covered_display": "0", "missing_lines": 4, "excluded_lines": 0}, "missing_lines": [5, 6, 8, 10], "excluded_lines": []}}}}, "totals": {"covered_lines": 975, "num_statements": 6090, "percent_covered": 16.00985221674877, "percent_covered_display": "16", "missing_lines": 5115, "excluded_lines": 0}}