{"meta": {"format": 3, "version": "7.10.7", "timestamp": "2026-04-05T21:50:15.007134", "branch_coverage": false, "show_contexts": false}, "files": {"backend_django/hostelconnect/__init__.py": {"executed_lines": [1, 4, 6], "summary": {"covered_lines": 2, "num_statements": 2, "percent_covered": 100.0, "percent_covered_display": "100", "missing_lines": 0, "excluded_lines": 0}, "missing_lines": [], "excluded_lines": [], "functions": {"": {"executed_lines": [1, 4, 6], "summary": {"covered_lines": 2, "num_statements": 2, "percent_covered": 100.0, "percent_covered_display": "100", "missing_lines": 0, "excluded_lines": 0}, "missing_lines": [], "excluded_lines": []}}, "classes": {"": {"executed_lines": [1, 4, 6], "summary": {"covered_lines": 2, "num_statements": 2, "percent_covered": 100.0, "percent_covered_display": "100", "missing_lines": 0, "excluded_lines": 0}, "missing_lines": [], "excluded_lines": []}}}, "backend_django/hostelconnect/asgi.py": {"executed_lines": [], "summary": {"covered_lines": 0, "num_statements": 24, "percent_covered": 0.0, "percent_covered_display": "0", "missing_lines": 24, "excluded_lines": 0}, "missing_lines": [5, 6, 8, 9, 12, 13, 14, 15, 16, 17, 18, 19, 21, 22, 23, 24, 25, 26, 29, 32, 33, 34, 37, 39], "excluded_lines": [], "functions": {"": {"executed_lines": [], "summary": {"covered_lines": 0, "num_statements": 24, "percent_covered": 0.0, "percent_covered_display": "0", "missing_lines": 24, "excluded_lines": 0}, "missing_lines": [5, 6, 8, 9, 12, 13, 14, 15, 16, 17, 18, 19, 21, 22, 23, 24, 25, 26, 29, 32, 33, 34, 37, 39], "excluded_lines": []}}, "classes": {"": {"executed_lines": [], "summary": {"covered_lines": 0, "num_statements": 24, "percent_covered": 0.0, "percent_covered_display": "0", "missing_lines": 24, "excluded_lines": 0}, "missing_lines": [5, 6, 8, 9, 12, 13, 14, 15, 16, 17, 18, 19, 21, 22, 23, 24, 25, 26, 29, 32, 33, 34, 37, 39], "excluded_lines": []}}}, "backend_django/hostelconnect/celery.py": {"executed_lines": [1, 19, 20, 21, 23, 25, 28, 31, 34, 35], "summary": {"covered_lines": 9, "num_statements": 10, "percent_covered": 90.0, "percent_covered_display": "90", "missing_lines": 1, "excluded_lines": 0}, "missing_lines": [36], "excluded_lines": [], "functions": {"debug_task": {"executed_lines": [], "summary": {"covered_lines": 0, "num_statements": 1, "percent_covered": 0.0, "percent_covered_display": "0", "missing_lines": 1, "excluded_lines": 0}, "missing_lines": [36], "excluded_lines": []}, "": {"executed_lines": [1, 19, 20, 21, 23, 25, 28, 31, 34, 35], "summary": {"covered_lines": 9, "num_statements": 9, "percent_covered": 100.0, "percent_covered_display": "100", "missing_lines": 0, "excluded_lines": 0}, "missing_lines": [], "excluded_lines": []}}, "classes": {"": {"executed_lines": [1, 19, 20, 21, 23, 25, 28, 31, 34, 35], "summary": {"covered_lines": 9, "num_statements": 10, "percent_covered": 90.0, "percent_covered_display": "90", "missing_lines": 1, "excluded_lines": 0}, "missing_lines": [36], "excluded_lines": []}}}, "backend_django/hostelconnect/sentry.py": {"executed_lines": [1, 5, 6, 7, 10, 24, 26], "summary": {"covered_lines": 6, "num_statements": 13, "percent_covered": 46.15384615384615, "percent_covered_display": "46", "missing_lines": 7, "excluded_lines": 0}, "missing_lines": [14, 15, 16, 17, 18, 20, 27], "excluded_lines": [], "functions": {"sentry_before_send": {"executed_lines": [], "summary": {"covered_lines": 0, "num_statements": 6, "percent_covered": 0.0, "percent_covered_display": "0", "missing_lines": 6, "excluded_lines": 0}, "missing_lines": [14, 15, 16, 17, 18, 20], "excluded_lines": []}, "": {"executed_lines": [1, 5, 6, 7, 10, 24, 26], "summary": {"covered_lines": 6, "num_statements": 7, "percent_covered": 85.71428571428571, "percent_covered_display": "86", "missing_lines": 1, "excluded_lines": 0}, "missing_lines": [27], "excluded_lines": []}}, "classes": {"": {"executed_lines": [1, 5, 6, 7, 10, 24, 26], "summary": {"covered_lines": 6, "num_statements": 13, "percent_covered": 46.15384615384615, "percent_covered_display": "46", "missing_lines": 7, "excluded_lines": 0}, "missing_lines": [14, 15, 16, 17, 18, 20, 27], "excluded_lines": []}}}, "backend_django/hostelconnect/settings/__init__.py": {"executed_lines": [1], "summary": {"covered_lines": 0, "num_statements": 0, "percent_covered": 100.0, "percent_covered_display": "100", "missing_lines": 0, "excluded_lines": 0}, "missing_lines": [], "excluded_lines": [], "functions": {"": {"executed_lines": [1], "summary": {"covered_lines": 0, "num_statements": 0, "percent_covered": 100.0, "percent_covered_display": "100", "missing_lines": 0, "excluded_lines": 0}, "missing_lines": [], "excluded_lines": []}}, "classes": {"": {"executed_lines": [1], "summary": {"covered_lines": 0, "num_statements": 0, "percent_covered": 100.0, "percent_covered_display": "100", "missing_lines": 0, "excluded_lines": 0}, "missing_lines": [], "excluded_lines": []}}}, "backend_django/hostelconnect/settings/base.py": {"executed_lines": [1, 5, 6, 7, 8, 9, 12, 13, 25, 30, 33, 34, 38, 42, 43, 47, 51, 52, 56, 62, 63, 71, 72, 73, 74, 78, 83, 88, 144, 166, 168, 170, 194, 195, 200, 201, 202, 203, 206, 207, 209, 211, 224, 225, 226, 227, 228, 229, 230, 231, 232, 269, 282, 298, 306, 309, 310, 311, 312, 313, 314, 317, 318, 319, 321, 322, 325, 326, 327, 330, 348, 349, 352, 355, 404, 406, 409, 440, 466, 467, 468, 471, 472, 473, 478, 480, 495, 502, 503, 505, 516, 528, 530, 532, 547, 559, 560, 578, 579, 588, 647, 668, 669, 670, 672, 683, 684, 685, 686, 688, 689, 690, 691, 692, 693, 695, 696, 697, 699, 700, 701, 707, 721, 724, 728, 736, 737, 738, 739, 740, 741, 742, 745, 750, 751, 752, 759, 761, 762, 764, 765, 766, 767, 768, 771, 772, 773, 774, 777, 778, 781, 784, 785, 792], "summary": {"covered_lines": 153, "num_statements": 187, "percent_covered": 81.81818181818181, "percent_covered_display": "82", "missing_lines": 34, "excluded_lines": 0}, "missing_lines": [14, 15, 48, 54, 58, 59, 60, 64, 65, 66, 84, 85, 233, 234, 241, 242, 245, 270, 271, 272, 283, 284, 286, 290, 293, 294, 295, 517, 518, 519, 548, 709, 710, 716], "excluded_lines": [], "functions": {"_set_sqlite_pragmas": {"executed_lines": [226, 227, 228, 229, 230, 231], "summary": {"covered_lines": 6, "num_statements": 6, "percent_covered": 100.0, "percent_covered_display": "100", "missing_lines": 0, "excluded_lines": 0}, "missing_lines": [], "excluded_lines": []}, "": {"executed_lines": [1, 5, 6, 7, 8, 9, 12, 13, 25, 30, 33, 34, 38, 42, 43, 47, 51, 52, 56, 62, 63, 71, 72, 73, 74, 78, 83, 88, 144, 166, 168, 170, 194, 195, 200, 201, 202, 203, 206, 207, 209, 211, 224, 225, 232, 269, 282, 298, 306, 309, 310, 311, 312, 313, 314, 317, 318, 319, 321, 322, 325, 326, 327, 330, 348, 349, 352, 355, 404, 406, 409, 440, 466, 467, 468, 471, 472, 473, 478, 480, 495, 502, 503, 505, 516, 528, 530, 532, 547, 559, 560, 578, 579, 588, 647, 668, 669, 670, 672, 683, 684, 685, 686, 688, 689, 690, 691, 692, 693, 695, 696, 697, 699, 700, 701, 707, 721, 724, 728, 736, 737, 738, 739, 740, 741, 742, 745, 750, 751, 752, 759, 761, 762, 764, 765, 766, 767, 768, 771, 772, 773, 774, 777, 778, 781, 784, 785, 792], "summary": {"covered_lines": 147, "num_statements": 181, "percent_covered": 81.21546961325967, "percent_covered_display": "81", "missing_lines": 34, "excluded_lines": 0}, "missing_lines": [14, 15, 48, 54, 58, 59, 60, 64, 65, 66, 84, 85, 233, 234, 241, 242, 245, 270, 271, 272, 283, 284, 286, 290, 293, 294, 295, 517, 518, 519, 548, 709, 710, 716], "excluded_lines": []}}, "classes": {"": {"executed_lines": [1, 5, 6, 7, 8, 9, 12, 13, 25, 30, 33, 34, 38, 42, 43, 47, 51, 52, 56, 62, 63, 71, 72, 73, 74, 78, 83, 88, 144, 166, 168, 170, 194, 195, 200, 201, 202, 203, 206, 207, 209, 211, 224, 225, 226, 227, 228, 229, 230, 231, 232, 269, 282, 298, 306, 309, 310, 311, 312, 313, 314, 317, 318, 319, 321, 322, 325, 326, 327, 330, 348, 349, 352, 355, 404, 406, 409, 440, 466, 467, 468, 471, 472, 473, 478, 480, 495, 502, 503, 505, 516, 528, 530, 532, 547, 559, 560, 578, 579, 588, 647, 668, 669, 670, 672, 683, 684, 685, 686, 688, 689, 690, 691, 692, 693, 695, 696, 697, 699, 700, 701, 707, 721, 724, 728, 736, 737, 738, 739, 740, 741, 742, 745, 750, 751, 752, 759, 761, 762, 764, 765, 766, 767, 768, 771, 772, 773, 774, 777, 778, 781, 784, 785, 792], "summary": {"covered_lines": 153, "num_statements": 187, "percent_covered": 81.81818181818181, "percent_covered_display": "82", "missing_lines": 34, "excluded_lines": 0}, "missing_lines": [14, 15, 48, 54, 58, 59, 60, 64, 65, 66, 84, 85, 233, 234, 241, 242, 245, 270, 271, 272, 283, 284, 286, 290, 293, 294, 295, 517, 518, 519, 548, 709, 710, 716], "excluded_lines": []}}}, "backend_django/hostelconnect/urls.py": {"executed_lines": [1, 5, 6, 7, 8, 9, 10, 11, 12, 13, 14, 15, 16, 18, 21, 23, 29, 68, 70, 121, 196, 198, 200, 208, 212], "summary": {"covered_lines": 24, "num_statements": 32, "percent_covered": 75.0, "percent_covered_display": "75", "missing_lines": 8, "excluded_lines": 0}, "missing_lines": [31, 32, 202, 204, 205, 206, 209, 210], "excluded_lines": [], "functions": {"health_check": {"executed_lines": [23], "summary": {"covered_lines": 1, "num_statements": 1, "percent_covered": 100.0, "percent_covered_display": "100", "missing_lines": 0, "excluded_lines": 0}, "missing_lines": [], "excluded_lines": []}, "api_root": {"executed_lines": [], "summary": {"covered_lines": 0, "num_statements": 2, "percent_covered": 0.0, "percent_covered_display": "0", "missing_lines": 2, "excluded_lines": 0}, "missing_lines": [31, 32], "excluded_lines": []}, "build_versioned_api_patterns": {"executed_lines": [70], "summary": {"covered_lines": 1, "num_statements": 1, "percent_covered": 100.0, "percent_covered_display": "100", "missing_lines": 0, "excluded_lines": 0}, "missing_lines": [], "excluded_lines": []}, "serve_media": {"executed_lines": [], "summary": {"covered_lines": 0, "num_statements": 4, "percent_covered": 0.0, "percent_covered_display": "0", "missing_lines": 4, "excluded_lines": 0}, "missing_lines": [202, 204, 205, 206], "excluded_lines": []}, "": {"executed_lines": [1, 5, 6, 7, 8, 9, 10, 11, 12, 13, 14, 15, 16, 18, 21, 29, 68, 121, 196, 198, 200, 208, 212], "summary": {"covered_lines": 22, "num_statements": 24, "percent_covered": 91.66666666666667, "percent_covered_display": "92", "missing_lines": 2, "excluded_lines": 0}, "missing_lines": [209, 210], "excluded_lines": []}}, "classes": {"": {"executed_lines": [1, 5, 6, 7, 8, 9, 10, 11, 12, 13, 14, 15, 16, 18, 21, 23, 29, 68, 70, 121, 196, 198, 200, 208, 212], "summary": {"covered_lines": 24, "num_statements": 32, "percent_covered": 75.0, "percent_covered_display": "75", "missing_lines": 8, "excluded_lines": 0}, "missing_lines": [31, 32, 202, 204, 205, 206, 209, 210], "excluded_lines": []}}}, "backend_django/hostelconnect/wsgi.py": {"executed_lines": [], "summary": {"covered_lines": 0, "num_statements": 4, "percent_covered": 0.0, "percent_covered_display": "0", "missing_lines": 4, "excluded_lines": 0}, "missing_lines": [5, 6, 8, 10], "excluded_lines": [], "functions": {"": {"executed_lines": [], "summary": {"covered_lines": 0, "num_statements": 4, "percent_covered": 0.0, "percent_covered_display": "0", "missing_lines": 4, "excluded_lines": 0}, "missing_lines": [5, 6, 8, 10], "excluded_lines": []}}, "classes": {"": {"executed_lines": [], "summary": {"covered_lines": 0, "num_statements": 4, "percent_covered": 0.0, "percent_covered_display": "0", "missing_lines": 4, "excluded_lines": 0}, "missing_lines": [5, 6, 8, 10], "excluded_lines": []}}}}, "totals": {"covered_lines": 194, "num_statements": 272, "percent_covered": 71.32352941176471, "percent_covered_display": "71", "missing_lines": 78, "excluded_lines": 0}}