{"meta": {"format": 3, "version": "7.10.7", "timestamp": "2026-04-14T10:12:20.009620", "branch_coverage": false, "show_contexts": false}, "files": {"backend_django/hostelconnect/__init__.py": {"executed_lines": [1, 4, 6], "summary": {"covered_lines": 2, "num_statements": 2, "percent_covered": 100.0, "percent_covered_display": "100", "missing_lines": 0, "excluded_lines": 0}, "missing_lines": [], "excluded_lines": [], "functions": {"": {"executed_lines": [1, 4, 6], "summary": {"covered_lines": 2, "num_statements": 2, "percent_covered": 100.0, "percent_covered_display": "100", "missing_lines": 0, "excluded_lines": 0}, "missing_lines": [], "excluded_lines": []}}, "classes": {"": {"executed_lines": [1, 4, 6], "summary": {"covered_lines": 2, "num_statements": 2, "percent_covered": 100.0, "percent_covered_display": "100", "missing_lines": 0, "excluded_lines": 0}, "missing_lines": [], "excluded_lines": []}}}, "backend_django/hostelconnect/asgi.py": {"executed_lines": [], "summary": {"covered_lines": 0, "num_statements": 61, "percent_covered": 0.0, "percent_covered_display": "0", "missing_lines": 61, "excluded_lines": 0}, "missing_lines": [8, 9, 10, 12, 13, 16, 17, 18, 19, 20, 21, 22, 23, 25, 26, 27, 28, 29, 30, 33, 35, 36, 37, 38, 39, 40, 41, 42, 46, 48, 49, 50, 51, 53, 54, 55, 56, 58, 59, 60, 61, 63, 64, 65, 66, 67, 68, 69, 70, 71, 72, 73, 74, 75, 76, 77, 78, 80, 83, 89, 91], "excluded_lines": [], "functions": {"_normalize_origin": {"executed_lines": [], "summary": {"covered_lines": 0, "num_statements": 7, "percent_covered": 0.0, "percent_covered_display": "0", "missing_lines": 7, "excluded_lines": 0}, "missing_lines": [36, 37, 38, 39, 40, 41, 42], "excluded_lines": []}, "": {"executed_lines": [], "summary": {"covered_lines": 0, "num_statements": 54, "percent_covered": 0.0, "percent_covered_display": "0", "missing_lines": 54, "excluded_lines": 0}, "missing_lines": [8, 9, 10, 12, 13, 16, 17, 18, 19, 20, 21, 22, 23, 25, 26, 27, 28, 29, 30, 33, 35, 46, 48, 49, 50, 51, 53, 54, 55, 56, 58, 59, 60, 61, 63, 64, 65, 66, 67, 68, 69, 70, 71, 72, 73, 74, 75, 76, 77, 78, 80, 83, 89, 91], "excluded_lines": []}}, "classes": {"": {"executed_lines": [], "summary": {"covered_lines": 0, "num_statements": 61, "percent_covered": 0.0, "percent_covered_display": "0", "missing_lines": 61, "excluded_lines": 0}, "missing_lines": [8, 9, 10, 12, 13, 16, 17, 18, 19, 20, 21, 22, 23, 25, 26, 27, 28, 29, 30, 33, 35, 36, 37, 38, 39, 40, 41, 42, 46, 48, 49, 50, 51, 53, 54, 55, 56, 58, 59, 60, 61, 63, 64, 65, 66, 67, 68, 69, 70, 71, 72, 73, 74, 75, 76, 77, 78, 80, 83, 89, 91], "excluded_lines": []}}}, "backend_django/hostelconnect/celery.py": {"executed_lines": [1, 19, 20, 21, 23, 25, 28, 31, 34, 37, 45, 46], "summary": {"covered_lines": 11, "num_statements": 12, "percent_covered": 91.66666666666667, "percent_covered_display": "92", "missing_lines": 1, "excluded_lines": 0}, "missing_lines": [47], "excluded_lines": [], "functions": {"debug_task": {"executed_lines": [], "summary": {"covered_lines": 0, "num_statements": 1, "percent_covered": 0.0, "percent_covered_display": "0", "missing_lines": 1, "excluded_lines": 0}, "missing_lines": [47], "excluded_lines": []}, "": {"executed_lines": [1, 19, 20, 21, 23, 25, 28, 31, 34, 37, 45, 46], "summary": {"covered_lines": 11, "num_statements": 11, "percent_covered": 100.0, "percent_covered_display": "100", "missing_lines": 0, "excluded_lines": 0}, "missing_lines": [], "excluded_lines": []}}, "classes": {"": {"executed_lines": [1, 19, 20, 21, 23, 25, 28, 31, 34, 37, 45, 46], "summary": {"covered_lines": 11, "num_statements": 12, "percent_covered": 91.66666666666667, "percent_covered_display": "92", "missing_lines": 1, "excluded_lines": 0}, "missing_lines": [47], "excluded_lines": []}}}, "backend_django/hostelconnect/consumers.py": {"executed_lines": [], "summary": {"covered_lines": 0, "num_statements": 2, "percent_covered": 0.0, "percent_covered_display": "0", "missing_lines": 2, "excluded_lines": 0}, "missing_lines": [3, 6], "excluded_lines": [], "functions": {"": {"executed_lines": [], "summary": {"covered_lines": 0, "num_statements": 2, "percent_covered": 0.0, "percent_covered_display": "0", "missing_lines": 2, "excluded_lines": 0}, "missing_lines": [3, 6], "excluded_lines": []}}, "classes": {"NotificationConsumer": {"executed_lines": [], "summary": {"covered_lines": 0, "num_statements": 0, "percent_covered": 100.0, "percent_covered_display": "100", "missing_lines": 0, "excluded_lines": 0}, "missing_lines": [], "excluded_lines": []}, "": {"executed_lines": [], "summary": {"covered_lines": 0, "num_statements": 2, "percent_covered": 0.0, "percent_covered_display": "0", "missing_lines": 2, "excluded_lines": 0}, "missing_lines": [3, 6], "excluded_lines": []}}}, "backend_django/hostelconnect/routing.py": {"executed_lines": [], "summary": {"covered_lines": 0, "num_statements": 8, "percent_covered": 0.0, "percent_covered_display": "0", "missing_lines": 8, "excluded_lines": 0}, "missing_lines": [3, 5, 6, 7, 10, 11, 18, 22], "excluded_lines": [], "functions": {"_without_legacy_notification_route": {"executed_lines": [], "summary": {"covered_lines": 0, "num_statements": 1, "percent_covered": 0.0, "percent_covered_display": "0", "missing_lines": 1, "excluded_lines": 0}, "missing_lines": [11], "excluded_lines": []}, "": {"executed_lines": [], "summary": {"covered_lines": 0, "num_statements": 7, "percent_covered": 0.0, "percent_covered_display": "0", "missing_lines": 7, "excluded_lines": 0}, "missing_lines": [3, 5, 6, 7, 10, 18, 22], "excluded_lines": []}}, "classes": {"": {"executed_lines": [], "summary": {"covered_lines": 0, "num_statements": 8, "percent_covered": 0.0, "percent_covered_display": "0", "missing_lines": 8, "excluded_lines": 0}, "missing_lines": [3, 5, 6, 7, 10, 11, 18, 22], "excluded_lines": []}}}, "backend_django/hostelconnect/sentry.py": {"executed_lines": [1, 5, 6, 7, 9, 10, 15, 29, 31], "summary": {"covered_lines": 8, "num_statements": 20, "percent_covered": 40.0, "percent_covered_display": "40", "missing_lines": 12, "excluded_lines": 0}, "missing_lines": [11, 12, 19, 20, 21, 22, 23, 25, 32, 33, 34, 36], "excluded_lines": [], "functions": {"sentry_before_send": {"executed_lines": [], "summary": {"covered_lines": 0, "num_statements": 6, "percent_covered": 0.0, "percent_covered_display": "0", "missing_lines": 6, "excluded_lines": 0}, "missing_lines": [19, 20, 21, 22, 23, 25], "excluded_lines": []}, "": {"executed_lines": [1, 5, 6, 7, 9, 10, 15, 29, 31], "summary": {"covered_lines": 8, "num_statements": 14, "percent_covered": 57.142857142857146, "percent_covered_display": "57", "missing_lines": 6, "excluded_lines": 0}, "missing_lines": [11, 12, 32, 33, 34, 36], "excluded_lines": []}}, "classes": {"": {"executed_lines": [1, 5, 6, 7, 9, 10, 15, 29, 31], "summary": {"covered_lines": 8, "num_statements": 20, "percent_covered": 40.0, "percent_covered_display": "40", "missing_lines": 12, "excluded_lines": 0}, "missing_lines": [11, 12, 19, 20, 21, 22, 23, 25, 32, 33, 34, 36], "excluded_lines": []}}}, "backend_django/hostelconnect/settings/__init__.py": {"executed_lines": [1], "summary": {"covered_lines": 0, "num_statements": 0, "percent_covered": 100.0, "percent_covered_display": "100", "missing_lines": 0, "excluded_lines": 0}, "missing_lines": [], "excluded_lines": [], "functions": {"": {"executed_lines": [1], "summary": {"covered_lines": 0, "num_statements": 0, "percent_covered": 100.0, "percent_covered_display": "100", "missing_lines": 0, "excluded_lines": 0}, "missing_lines": [], "excluded_lines": []}}, "classes": {"": {"executed_lines": [1], "summary": {"covered_lines": 0, "num_statements": 0, "percent_covered": 100.0, "percent_covered_display": "100", "missing_lines": 0, "excluded_lines": 0}, "missing_lines": [], "excluded_lines": []}}}, "backend_django/hostelconnect/settings/base.py": {"executed_lines": [1, 5, 6, 7, 8, 9, 10, 11, 12, 15, 16, 28, 33, 36, 37, 41, 45, 46, 47, 48, 49, 64, 68, 69, 73, 79, 80, 88, 89, 90, 91, 95, 100, 107, 112, 117, 174, 200, 202, 204, 228, 229, 234, 235, 236, 237, 244, 245, 247, 249, 262, 263, 264, 265, 266, 267, 268, 269, 270, 299, 312, 328, 336, 339, 340, 341, 342, 343, 344, 347, 348, 349, 351, 352, 355, 356, 360, 378, 379, 382, 385, 438, 440, 443, 475, 478, 479, 480, 483, 509, 510, 511, 514, 515, 516, 521, 523, 538, 553, 554, 560, 567, 577, 582, 593, 594, 596, 602, 607, 608, 609, 614, 625, 631, 635, 638, 639, 640, 641, 650, 652, 654, 668, 669, 687, 688, 697, 760, 770, 791, 792, 793, 795, 806, 807, 808, 809, 811, 812, 813, 814, 815, 816, 818, 819, 820, 822, 823, 824, 830, 844, 847, 851, 859, 860, 861, 862, 863, 864, 865, 868, 873, 874, 875, 882, 884, 885, 887, 888, 889, 890, 891, 894, 895, 896, 897, 898, 899, 900, 901, 902, 905, 906, 909, 912, 913, 920], "summary": {"covered_lines": 186, "num_statements": 248, "percent_covered": 75.0, "percent_covered_display": "75", "missing_lines": 62, "excluded_lines": 0}, "missing_lines": [17, 18, 65, 71, 75, 76, 77, 81, 82, 83, 101, 102, 113, 114, 273, 295, 296, 300, 301, 302, 313, 314, 316, 320, 323, 324, 325, 357, 568, 569, 570, 571, 572, 573, 574, 578, 583, 584, 585, 586, 587, 588, 589, 590, 591, 595, 597, 598, 626, 627, 628, 632, 633, 634, 636, 761, 765, 766, 767, 832, 833, 839], "excluded_lines": [], "functions": {"_set_sqlite_pragmas": {"executed_lines": [264, 265, 266, 267, 268, 269], "summary": {"covered_lines": 6, "num_statements": 6, "percent_covered": 100.0, "percent_covered_display": "100", "missing_lines": 0, "excluded_lines": 0}, "missing_lines": [], "excluded_lines": []}, "_origin_hostname": {"executed_lines": [], "summary": {"covered_lines": 0, "num_statements": 7, "percent_covered": 0.0, "percent_covered_display": "0", "missing_lines": 7, "excluded_lines": 0}, "missing_lines": [568, 569, 570, 571, 572, 573, 574], "excluded_lines": []}, "_looks_like_ip": {"executed_lines": [], "summary": {"covered_lines": 0, "num_statements": 1, "percent_covered": 0.0, "percent_covered_display": "0", "missing_lines": 1, "excluded_lines": 0}, "missing_lines": [578], "excluded_lines": []}, "": {"executed_lines": [1, 5, 6, 7, 8, 9, 10, 11, 12, 15, 16, 28, 33, 36, 37, 41, 45, 46, 47, 48, 49, 64, 68, 69, 73, 79, 80, 88, 89, 90, 91, 95, 100, 107, 112, 117, 174, 200, 202, 204, 228, 229, 234, 235, 236, 237, 244, 245, 247, 249, 262, 263, 270, 299, 312, 328, 336, 339, 340, 341, 342, 343, 344, 347, 348, 349, 351, 352, 355, 356, 360, 378, 379, 382, 385, 438, 440, 443, 475, 478, 479, 480, 483, 509, 510, 511, 514, 515, 516, 521, 523, 538, 553, 554, 560, 567, 577, 582, 593, 594, 596, 602, 607, 608, 609, 614, 625, 631, 635, 638, 639, 640, 641, 650, 652, 654, 668, 669, 687, 688, 697, 760, 770, 791, 792, 793, 795, 806, 807, 808, 809, 811, 812, 813, 814, 815, 816, 818, 819, 820, 822, 823, 824, 830, 844, 847, 851, 859, 860, 861, 862, 863, 864, 865, 868, 873, 874, 875, 882, 884, 885, 887, 888, 889, 890, 891, 894, 895, 896, 897, 898, 899, 900, 901, 902, 905, 906, 909, 912, 913, 920], "summary": {"covered_lines": 180, "num_statements": 234, "percent_covered": 76.92307692307692, "percent_covered_display": "77", "missing_lines": 54, "excluded_lines": 0}, "missing_lines": [17, 18, 65, 71, 75, 76, 77, 81, 82, 83, 101, 102, 113, 114, 273, 295, 296, 300, 301, 302, 313, 314, 316, 320, 323, 324, 325, 357, 583, 584, 585, 586, 587, 588, 589, 590, 591, 595, 597, 598, 626, 627, 628, 632, 633, 634, 636, 761, 765, 766, 767, 832, 833, 839], "excluded_lines": []}}, "classes": {"": {"executed_lines": [1, 5, 6, 7, 8, 9, 10, 11, 12, 15, 16, 28, 33, 36, 37, 41, 45, 46, 47, 48, 49, 64, 68, 69, 73, 79, 80, 88, 89, 90, 91, 95, 100, 107, 112, 117, 174, 200, 202, 204, 228, 229, 234, 235, 236, 237, 244, 245, 247, 249, 262, 263, 264, 265, 266, 267, 268, 269, 270, 299, 312, 328, 336, 339, 340, 341, 342, 343, 344, 347, 348, 349, 351, 352, 355, 356, 360, 378, 379, 382, 385, 438, 440, 443, 475, 478, 479, 480, 483, 509, 510, 511, 514, 515, 516, 521, 523, 538, 553, 554, 560, 567, 577, 582, 593, 594, 596, 602, 607, 608, 609, 614, 625, 631, 635, 638, 639, 640, 641, 650, 652, 654, 668, 669, 687, 688, 697, 760, 770, 791, 792, 793, 795, 806, 807, 808, 809, 811, 812, 813, 814, 815, 816, 818, 819, 820, 822, 823, 824, 830, 844, 847, 851, 859, 860, 861, 862, 863, 864, 865, 868, 873, 874, 875, 882, 884, 885, 887, 888, 889, 890, 891, 894, 895, 896, 897, 898, 899, 900, 901, 902, 905, 906, 909, 912, 913, 920], "summary": {"covered_lines": 186, "num_statements": 248, "percent_covered": 75.0, "percent_covered_display": "75", "missing_lines": 62, "excluded_lines": 0}, "missing_lines": [17, 18, 65, 71, 75, 76, 77, 81, 82, 83, 101, 102, 113, 114, 273, 295, 296, 300, 301, 302, 313, 314, 316, 320, 323, 324, 325, 357, 568, 569, 570, 571, 572, 573, 574, 578, 583, 584, 585, 586, 587, 588, 589, 590, 591, 595, 597, 598, 626, 627, 628, 632, 633, 634, 636, 761, 765, 766, 767, 832, 833, 839], "excluded_lines": []}}}, "backend_django/hostelconnect/settings/test.py": {"executed_lines": [1, 11, 13, 20, 24, 25], "summary": {"covered_lines": 5, "num_statements": 5, "percent_covered": 100.0, "percent_covered_display": "100", "missing_lines": 0, "excluded_lines": 0}, "missing_lines": [], "excluded_lines": [], "functions": {"": {"executed_lines": [1, 11, 13, 20, 24, 25], "summary": {"covered_lines": 5, "num_statements": 5, "percent_covered": 100.0, "percent_covered_display": "100", "missing_lines": 0, "excluded_lines": 0}, "missing_lines": [], "excluded_lines": []}}, "classes": {"": {"executed_lines": [1, 11, 13, 20, 24, 25], "summary": {"covered_lines": 5, "num_statements": 5, "percent_covered": 100.0, "percent_covered_display": "100", "missing_lines": 0, "excluded_lines": 0}, "missing_lines": [], "excluded_lines": []}}}, "backend_django/hostelconnect/urls.py": {"executed_lines": [1, 5, 6, 7, 8, 9, 10, 11, 12, 13, 14, 15, 16, 18, 20, 23, 25, 31, 70, 72, 124, 201, 203, 211, 213, 221, 225], "summary": {"covered_lines": 26, "num_statements": 36, "percent_covered": 72.22222222222223, "percent_covered_display": "72", "missing_lines": 10, "excluded_lines": 0}, "missing_lines": [33, 34, 204, 206, 215, 217, 218, 219, 222, 223], "excluded_lines": [], "functions": {"health_check": {"executed_lines": [25], "summary": {"covered_lines": 1, "num_statements": 1, "percent_covered": 100.0, "percent_covered_display": "100", "missing_lines": 0, "excluded_lines": 0}, "missing_lines": [], "excluded_lines": []}, "api_root": {"executed_lines": [], "summary": {"covered_lines": 0, "num_statements": 2, "percent_covered": 0.0, "percent_covered_display": "0", "missing_lines": 2, "excluded_lines": 0}, "missing_lines": [33, 34], "excluded_lines": []}, "build_versioned_api_patterns": {"executed_lines": [72], "summary": {"covered_lines": 1, "num_statements": 1, "percent_covered": 100.0, "percent_covered_display": "100", "missing_lines": 0, "excluded_lines": 0}, "missing_lines": [], "excluded_lines": []}, "serve_media": {"executed_lines": [], "summary": {"covered_lines": 0, "num_statements": 4, "percent_covered": 0.0, "percent_covered_display": "0", "missing_lines": 4, "excluded_lines": 0}, "missing_lines": [215, 217, 218, 219], "excluded_lines": []}, "": {"executed_lines": [1, 5, 6, 7, 8, 9, 10, 11, 12, 13, 14, 15, 16, 18, 20, 23, 31, 70, 124, 201, 203, 211, 213, 221, 225], "summary": {"covered_lines": 24, "num_statements": 28, "percent_covered": 85.71428571428571, "percent_covered_display": "86", "missing_lines": 4, "excluded_lines": 0}, "missing_lines": [204, 206, 222, 223], "excluded_lines": []}}, "classes": {"": {"executed_lines": [1, 5, 6, 7, 8, 9, 10, 11, 12, 13, 14, 15, 16, 18, 20, 23, 25, 31, 70, 72, 124, 201, 203, 211, 213, 221, 225], "summary": {"covered_lines": 26, "num_statements": 36, "percent_covered": 72.22222222222223, "percent_covered_display": "72", "missing_lines": 10, "excluded_lines": 0}, "missing_lines": [33, 34, 204, 206, 215, 217, 218, 219, 222, 223], "excluded_lines": []}}}, "backend_django/hostelconnect/wsgi.py": {"executed_lines": [], "summary": {"covered_lines": 0, "num_statements": 4, "percent_covered": 0.0, "percent_covered_display": "0", "missing_lines": 4, "excluded_lines": 0}, "missing_lines": [5, 6, 8, 10], "excluded_lines": [], "functions": {"": {"executed_lines": [], "summary": {"covered_lines": 0, "num_statements": 4, "percent_covered": 0.0, "percent_covered_display": "0", "missing_lines": 4, "excluded_lines": 0}, "missing_lines": [5, 6, 8, 10], "excluded_lines": []}}, "classes": {"": {"executed_lines": [], "summary": {"covered_lines": 0, "num_statements": 4, "percent_covered": 0.0, "percent_covered_display": "0", "missing_lines": 4, "excluded_lines": 0}, "missing_lines": [5, 6, 8, 10], "excluded_lines": []}}}}, "totals": {"covered_lines": 238, "num_statements": 398, "percent_covered": 59.79899497487437, "percent_covered_display": "60", "missing_lines": 160, "excluded_lines": 0}}